D:\Games\Reckoning\reckon\sources\codesrc\libs\sdl2.0\VisualC\SDL\x64\EngineRelease\cl.command.1.tlog
D:\Games\Reckoning\reckon\sources\codesrc\libs\sdl2.0\VisualC\SDL\x64\EngineRelease\CL.read.1.tlog
D:\Games\Reckoning\reckon\sources\codesrc\libs\sdl2.0\VisualC\SDL\x64\EngineRelease\CL.write.1.tlog
D:\GAMES\RECKONING\RECKON\SOURCES\CODESRC\LIBS\SDL2.0\VISUALC\SDL\X64\ENGINERELEASE\E_ATAN2.OBJ
D:\GAMES\RECKONING\RECKON\SOURCES\CODESRC\LIBS\SDL2.0\VISUALC\SDL\X64\ENGINERELEASE\E_EXP.OBJ
D:\GAMES\RECKONING\RECKON\SOURCES\CODESRC\LIBS\SDL2.0\VISUALC\SDL\X64\ENGINERELEASE\E_FMOD.OBJ
D:\GAMES\RECKONING\RECKON\SOURCES\CODESRC\LIBS\SDL2.0\VISUALC\SDL\X64\ENGINERELEASE\E_LOG.OBJ
D:\GAMES\RECKONING\RECKON\SOURCES\CODESRC\LIBS\SDL2.0\VISUALC\SDL\X64\ENGINERELEASE\E_LOG10.OBJ
D:\GAMES\RECKONING\RECKON\SOURCES\CODESRC\LIBS\SDL2.0\VISUALC\SDL\X64\ENGINERELEASE\E_POW.OBJ
D:\GAMES\RECKONING\RECKON\SOURCES\CODESRC\LIBS\SDL2.0\VISUALC\SDL\X64\ENGINERELEASE\E_REM_PIO2.OBJ
D:\GAMES\RECKONING\RECKON\SOURCES\CODESRC\LIBS\SDL2.0\VISUALC\SDL\X64\ENGINERELEASE\E_SQRT.OBJ
D:\GAMES\RECKONING\RECKON\SOURCES\CODESRC\LIBS\SDL2.0\VISUALC\SDL\X64\ENGINERELEASE\HID.OBJ
D:\GAMES\RECKONING\RECKON\SOURCES\CODESRC\LIBS\SDL2.0\VISUALC\SDL\X64\ENGINERELEASE\K_COS.OBJ
D:\GAMES\RECKONING\RECKON\SOURCES\CODESRC\LIBS\SDL2.0\VISUALC\SDL\X64\ENGINERELEASE\K_REM_PIO2.OBJ
D:\GAMES\RECKONING\RECKON\SOURCES\CODESRC\LIBS\SDL2.0\VISUALC\SDL\X64\ENGINERELEASE\K_SIN.OBJ
D:\GAMES\RECKONING\RECKON\SOURCES\CODESRC\LIBS\SDL2.0\VISUALC\SDL\X64\ENGINERELEASE\K_TAN.OBJ
D:\Games\Reckoning\reckon\sources\codesrc\libs\sdl2.0\VisualC\SDL\x64\EngineRelease\link.command.1.tlog
D:\Games\Reckoning\reckon\sources\codesrc\libs\sdl2.0\VisualC\SDL\x64\EngineRelease\link.read.1.tlog
D:\Games\Reckoning\reckon\sources\codesrc\libs\sdl2.0\VisualC\SDL\x64\EngineRelease\link.write.1.tlog
D:\Games\Reckoning\reckon\sources\codesrc\libs\sdl2.0\VisualC\SDL\x64\EngineRelease\link-cvtres.read.1.tlog
D:\Games\Reckoning\reckon\sources\codesrc\libs\sdl2.0\VisualC\SDL\x64\EngineRelease\link-cvtres.write.1.tlog
D:\Games\Reckoning\reckon\sources\codesrc\libs\sdl2.0\VisualC\SDL\x64\EngineRelease\mt.command.1.tlog
D:\Games\Reckoning\reckon\sources\codesrc\libs\sdl2.0\VisualC\SDL\x64\EngineRelease\mt.read.1.tlog
D:\Games\Reckoning\reckon\sources\codesrc\libs\sdl2.0\VisualC\SDL\x64\EngineRelease\mt.write.1.tlog
D:\Games\Reckoning\reckon\sources\codesrc\libs\sdl2.0\VisualC\SDL\x64\EngineRelease\rc.command.1.tlog
D:\Games\Reckoning\reckon\sources\codesrc\libs\sdl2.0\VisualC\SDL\x64\EngineRelease\rc.read.1.tlog
D:\Games\Reckoning\reckon\sources\codesrc\libs\sdl2.0\VisualC\SDL\x64\EngineRelease\rc.write.1.tlog
D:\GAMES\RECKONING\RECKON\SOURCES\CODESRC\LIBS\SDL2.0\VISUALC\SDL\X64\ENGINERELEASE\S_ATAN.OBJ
D:\GAMES\RECKONING\RECKON\SOURCES\CODESRC\LIBS\SDL2.0\VISUALC\SDL\X64\ENGINERELEASE\S_COPYSIGN.OBJ
D:\GAMES\RECKONING\RECKON\SOURCES\CODESRC\LIBS\SDL2.0\VISUALC\SDL\X64\ENGINERELEASE\S_COS.OBJ
D:\GAMES\RECKONING\RECKON\SOURCES\CODESRC\LIBS\SDL2.0\VISUALC\SDL\X64\ENGINERELEASE\S_FABS.OBJ
D:\GAMES\RECKONING\RECKON\SOURCES\CODESRC\LIBS\SDL2.0\VISUALC\SDL\X64\ENGINERELEASE\S_FLOOR.OBJ
D:\GAMES\RECKONING\RECKON\SOURCES\CODESRC\LIBS\SDL2.0\VISUALC\SDL\X64\ENGINERELEASE\S_SCALBN.OBJ
D:\GAMES\RECKONING\RECKON\SOURCES\CODESRC\LIBS\SDL2.0\VISUALC\SDL\X64\ENGINERELEASE\S_SIN.OBJ
D:\GAMES\RECKONING\RECKON\SOURCES\CODESRC\LIBS\SDL2.0\VISUALC\SDL\X64\ENGINERELEASE\S_TAN.OBJ
D:\GAMES\RECKONING\RECKON\SOURCES\CODESRC\LIBS\SDL2.0\VISUALC\SDL\X64\ENGINERELEASE\SDL.OBJ
D:\GAMES\RECKONING\RECKON\SOURCES\CODESRC\LIBS\SDL2.0\VISUALC\SDL\X64\ENGINERELEASE\SDL_ASSERT.OBJ
D:\GAMES\RECKONING\RECKON\SOURCES\CODESRC\LIBS\SDL2.0\VISUALC\SDL\X64\ENGINERELEASE\SDL_ATOMIC.OBJ
D:\GAMES\RECKONING\RECKON\SOURCES\CODESRC\LIBS\SDL2.0\VISUALC\SDL\X64\ENGINERELEASE\SDL_AUDIO.OBJ
D:\GAMES\RECKONING\RECKON\SOURCES\CODESRC\LIBS\SDL2.0\VISUALC\SDL\X64\ENGINERELEASE\SDL_AUDIOCVT.OBJ
D:\GAMES\RECKONING\RECKON\SOURCES\CODESRC\LIBS\SDL2.0\VISUALC\SDL\X64\ENGINERELEASE\SDL_AUDIODEV.OBJ
D:\GAMES\RECKONING\RECKON\SOURCES\CODESRC\LIBS\SDL2.0\VISUALC\SDL\X64\ENGINERELEASE\SDL_AUDIOTYPECVT.OBJ
D:\GAMES\RECKONING\RECKON\SOURCES\CODESRC\LIBS\SDL2.0\VISUALC\SDL\X64\ENGINERELEASE\SDL_BLENDFILLRECT.OBJ
D:\GAMES\RECKONING\RECKON\SOURCES\CODESRC\LIBS\SDL2.0\VISUALC\SDL\X64\ENGINERELEASE\SDL_BLENDLINE.OBJ
D:\GAMES\RECKONING\RECKON\SOURCES\CODESRC\LIBS\SDL2.0\VISUALC\SDL\X64\ENGINERELEASE\SDL_BLENDPOINT.OBJ
D:\GAMES\RECKONING\RECKON\SOURCES\CODESRC\LIBS\SDL2.0\VISUALC\SDL\X64\ENGINERELEASE\SDL_BLIT.OBJ
D:\GAMES\RECKONING\RECKON\SOURCES\CODESRC\LIBS\SDL2.0\VISUALC\SDL\X64\ENGINERELEASE\SDL_BLIT_0.OBJ
D:\GAMES\RECKONING\RECKON\SOURCES\CODESRC\LIBS\SDL2.0\VISUALC\SDL\X64\ENGINERELEASE\SDL_BLIT_1.OBJ
D:\GAMES\RECKONING\RECKON\SOURCES\CODESRC\LIBS\SDL2.0\VISUALC\SDL\X64\ENGINERELEASE\SDL_BLIT_A.OBJ
D:\GAMES\RECKONING\RECKON\SOURCES\CODESRC\LIBS\SDL2.0\VISUALC\SDL\X64\ENGINERELEASE\SDL_BLIT_AUTO.OBJ
D:\GAMES\RECKONING\RECKON\SOURCES\CODESRC\LIBS\SDL2.0\VISUALC\SDL\X64\ENGINERELEASE\SDL_BLIT_COPY.OBJ
D:\GAMES\RECKONING\RECKON\SOURCES\CODESRC\LIBS\SDL2.0\VISUALC\SDL\X64\ENGINERELEASE\SDL_BLIT_N.OBJ
D:\GAMES\RECKONING\RECKON\SOURCES\CODESRC\LIBS\SDL2.0\VISUALC\SDL\X64\ENGINERELEASE\SDL_BLIT_SLOW.OBJ
D:\GAMES\RECKONING\RECKON\SOURCES\CODESRC\LIBS\SDL2.0\VISUALC\SDL\X64\ENGINERELEASE\SDL_BMP.OBJ
D:\GAMES\RECKONING\RECKON\SOURCES\CODESRC\LIBS\SDL2.0\VISUALC\SDL\X64\ENGINERELEASE\SDL_CLIPBOARD.OBJ
D:\GAMES\RECKONING\RECKON\SOURCES\CODESRC\LIBS\SDL2.0\VISUALC\SDL\X64\ENGINERELEASE\SDL_CLIPBOARDEVENTS.OBJ
D:\GAMES\RECKONING\RECKON\SOURCES\CODESRC\LIBS\SDL2.0\VISUALC\SDL\X64\ENGINERELEASE\SDL_CPUINFO.OBJ
D:\GAMES\RECKONING\RECKON\SOURCES\CODESRC\LIBS\SDL2.0\VISUALC\SDL\X64\ENGINERELEASE\SDL_D3DMATH.OBJ
D:\GAMES\RECKONING\RECKON\SOURCES\CODESRC\LIBS\SDL2.0\VISUALC\SDL\X64\ENGINERELEASE\SDL_DATAQUEUE.OBJ
D:\GAMES\RECKONING\RECKON\SOURCES\CODESRC\LIBS\SDL2.0\VISUALC\SDL\X64\ENGINERELEASE\SDL_DINPUTHAPTIC.OBJ
D:\GAMES\RECKONING\RECKON\SOURCES\CODESRC\LIBS\SDL2.0\VISUALC\SDL\X64\ENGINERELEASE\SDL_DINPUTJOYSTICK.OBJ
D:\GAMES\RECKONING\RECKON\SOURCES\CODESRC\LIBS\SDL2.0\VISUALC\SDL\X64\ENGINERELEASE\SDL_DIRECTSOUND.OBJ
D:\GAMES\RECKONING\RECKON\SOURCES\CODESRC\LIBS\SDL2.0\VISUALC\SDL\X64\ENGINERELEASE\SDL_DISKAUDIO.OBJ
D:\GAMES\RECKONING\RECKON\SOURCES\CODESRC\LIBS\SDL2.0\VISUALC\SDL\X64\ENGINERELEASE\SDL_DISPLAYEVENTS.OBJ
D:\GAMES\RECKONING\RECKON\SOURCES\CODESRC\LIBS\SDL2.0\VISUALC\SDL\X64\ENGINERELEASE\SDL_DRAWLINE.OBJ
D:\GAMES\RECKONING\RECKON\SOURCES\CODESRC\LIBS\SDL2.0\VISUALC\SDL\X64\ENGINERELEASE\SDL_DRAWPOINT.OBJ
D:\GAMES\RECKONING\RECKON\SOURCES\CODESRC\LIBS\SDL2.0\VISUALC\SDL\X64\ENGINERELEASE\SDL_DROPEVENTS.OBJ
D:\GAMES\RECKONING\RECKON\SOURCES\CODESRC\LIBS\SDL2.0\VISUALC\SDL\X64\ENGINERELEASE\SDL_DUMMYAUDIO.OBJ
D:\GAMES\RECKONING\RECKON\SOURCES\CODESRC\LIBS\SDL2.0\VISUALC\SDL\X64\ENGINERELEASE\SDL_DUMMYSENSOR.OBJ
D:\GAMES\RECKONING\RECKON\SOURCES\CODESRC\LIBS\SDL2.0\VISUALC\SDL\X64\ENGINERELEASE\SDL_DYNAPI.OBJ
D:\GAMES\RECKONING\RECKON\SOURCES\CODESRC\LIBS\SDL2.0\VISUALC\SDL\X64\ENGINERELEASE\SDL_EGL.OBJ
D:\GAMES\RECKONING\RECKON\SOURCES\CODESRC\LIBS\SDL2.0\VISUALC\SDL\X64\ENGINERELEASE\SDL_ERROR.OBJ
D:\GAMES\RECKONING\RECKON\SOURCES\CODESRC\LIBS\SDL2.0\VISUALC\SDL\X64\ENGINERELEASE\SDL_EVENTS.OBJ
D:\GAMES\RECKONING\RECKON\SOURCES\CODESRC\LIBS\SDL2.0\VISUALC\SDL\X64\ENGINERELEASE\SDL_FILLRECT.OBJ
D:\GAMES\RECKONING\RECKON\SOURCES\CODESRC\LIBS\SDL2.0\VISUALC\SDL\X64\ENGINERELEASE\SDL_GAMECONTROLLER.OBJ
D:\GAMES\RECKONING\RECKON\SOURCES\CODESRC\LIBS\SDL2.0\VISUALC\SDL\X64\ENGINERELEASE\SDL_GESTURE.OBJ
D:\GAMES\RECKONING\RECKON\SOURCES\CODESRC\LIBS\SDL2.0\VISUALC\SDL\X64\ENGINERELEASE\SDL_GETENV.OBJ
D:\GAMES\RECKONING\RECKON\SOURCES\CODESRC\LIBS\SDL2.0\VISUALC\SDL\X64\ENGINERELEASE\SDL_HAPTIC.OBJ
D:\GAMES\RECKONING\RECKON\SOURCES\CODESRC\LIBS\SDL2.0\VISUALC\SDL\X64\ENGINERELEASE\SDL_HIDAPI_PS4.OBJ
D:\GAMES\RECKONING\RECKON\SOURCES\CODESRC\LIBS\SDL2.0\VISUALC\SDL\X64\ENGINERELEASE\SDL_HIDAPI_SWITCH.OBJ
D:\GAMES\RECKONING\RECKON\SOURCES\CODESRC\LIBS\SDL2.0\VISUALC\SDL\X64\ENGINERELEASE\SDL_HIDAPI_XBOX360.OBJ
D:\GAMES\RECKONING\RECKON\SOURCES\CODESRC\LIBS\SDL2.0\VISUALC\SDL\X64\ENGINERELEASE\SDL_HIDAPI_XBOXONE.OBJ
D:\GAMES\RECKONING\RECKON\SOURCES\CODESRC\LIBS\SDL2.0\VISUALC\SDL\X64\ENGINERELEASE\SDL_HIDAPIJOYSTICK.OBJ
D:\GAMES\RECKONING\RECKON\SOURCES\CODESRC\LIBS\SDL2.0\VISUALC\SDL\X64\ENGINERELEASE\SDL_HINTS.OBJ
D:\GAMES\RECKONING\RECKON\SOURCES\CODESRC\LIBS\SDL2.0\VISUALC\SDL\X64\ENGINERELEASE\SDL_ICONV.OBJ
D:\GAMES\RECKONING\RECKON\SOURCES\CODESRC\LIBS\SDL2.0\VISUALC\SDL\X64\ENGINERELEASE\SDL_JOYSTICK.OBJ
D:\GAMES\RECKONING\RECKON\SOURCES\CODESRC\LIBS\SDL2.0\VISUALC\SDL\X64\ENGINERELEASE\SDL_KEYBOARD.OBJ
D:\GAMES\RECKONING\RECKON\SOURCES\CODESRC\LIBS\SDL2.0\VISUALC\SDL\X64\ENGINERELEASE\SDL_LOG.OBJ
D:\GAMES\RECKONING\RECKON\SOURCES\CODESRC\LIBS\SDL2.0\VISUALC\SDL\X64\ENGINERELEASE\SDL_MALLOC.OBJ
D:\GAMES\RECKONING\RECKON\SOURCES\CODESRC\LIBS\SDL2.0\VISUALC\SDL\X64\ENGINERELEASE\SDL_MIXER.OBJ
D:\GAMES\RECKONING\RECKON\SOURCES\CODESRC\LIBS\SDL2.0\VISUALC\SDL\X64\ENGINERELEASE\SDL_MMJOYSTICK.OBJ
D:\GAMES\RECKONING\RECKON\SOURCES\CODESRC\LIBS\SDL2.0\VISUALC\SDL\X64\ENGINERELEASE\SDL_MOUSE.OBJ
D:\GAMES\RECKONING\RECKON\SOURCES\CODESRC\LIBS\SDL2.0\VISUALC\SDL\X64\ENGINERELEASE\SDL_NULLEVENTS.OBJ
D:\GAMES\RECKONING\RECKON\SOURCES\CODESRC\LIBS\SDL2.0\VISUALC\SDL\X64\ENGINERELEASE\SDL_NULLFRAMEBUFFER.OBJ
D:\GAMES\RECKONING\RECKON\SOURCES\CODESRC\LIBS\SDL2.0\VISUALC\SDL\X64\ENGINERELEASE\SDL_NULLVIDEO.OBJ
D:\GAMES\RECKONING\RECKON\SOURCES\CODESRC\LIBS\SDL2.0\VISUALC\SDL\X64\ENGINERELEASE\SDL_PIXELS.OBJ
D:\GAMES\RECKONING\RECKON\SOURCES\CODESRC\LIBS\SDL2.0\VISUALC\SDL\X64\ENGINERELEASE\SDL_POWER.OBJ
D:\GAMES\RECKONING\RECKON\SOURCES\CODESRC\LIBS\SDL2.0\VISUALC\SDL\X64\ENGINERELEASE\SDL_QSORT.OBJ
D:\GAMES\RECKONING\RECKON\SOURCES\CODESRC\LIBS\SDL2.0\VISUALC\SDL\X64\ENGINERELEASE\SDL_QUIT.OBJ
D:\GAMES\RECKONING\RECKON\SOURCES\CODESRC\LIBS\SDL2.0\VISUALC\SDL\X64\ENGINERELEASE\SDL_RECT.OBJ
D:\GAMES\RECKONING\RECKON\SOURCES\CODESRC\LIBS\SDL2.0\VISUALC\SDL\X64\ENGINERELEASE\SDL_RENDER.OBJ
D:\GAMES\RECKONING\RECKON\SOURCES\CODESRC\LIBS\SDL2.0\VISUALC\SDL\X64\ENGINERELEASE\SDL_RENDER_D3D.OBJ
D:\GAMES\RECKONING\RECKON\SOURCES\CODESRC\LIBS\SDL2.0\VISUALC\SDL\X64\ENGINERELEASE\SDL_RENDER_D3D11.OBJ
D:\GAMES\RECKONING\RECKON\SOURCES\CODESRC\LIBS\SDL2.0\VISUALC\SDL\X64\ENGINERELEASE\SDL_RENDER_GL.OBJ
D:\GAMES\RECKONING\RECKON\SOURCES\CODESRC\LIBS\SDL2.0\VISUALC\SDL\X64\ENGINERELEASE\SDL_RENDER_GLES2.OBJ
D:\GAMES\RECKONING\RECKON\SOURCES\CODESRC\LIBS\SDL2.0\VISUALC\SDL\X64\ENGINERELEASE\SDL_RENDER_SW.OBJ
D:\GAMES\RECKONING\RECKON\SOURCES\CODESRC\LIBS\SDL2.0\VISUALC\SDL\X64\ENGINERELEASE\SDL_RLEACCEL.OBJ
D:\GAMES\RECKONING\RECKON\SOURCES\CODESRC\LIBS\SDL2.0\VISUALC\SDL\X64\ENGINERELEASE\SDL_ROTATE.OBJ
D:\GAMES\RECKONING\RECKON\SOURCES\CODESRC\LIBS\SDL2.0\VISUALC\SDL\X64\ENGINERELEASE\SDL_RWOPS.OBJ
D:\GAMES\RECKONING\RECKON\SOURCES\CODESRC\LIBS\SDL2.0\VISUALC\SDL\X64\ENGINERELEASE\SDL_SENSOR.OBJ
D:\GAMES\RECKONING\RECKON\SOURCES\CODESRC\LIBS\SDL2.0\VISUALC\SDL\X64\ENGINERELEASE\SDL_SHADERS_D3D.OBJ
D:\GAMES\RECKONING\RECKON\SOURCES\CODESRC\LIBS\SDL2.0\VISUALC\SDL\X64\ENGINERELEASE\SDL_SHADERS_D3D11.OBJ
D:\GAMES\RECKONING\RECKON\SOURCES\CODESRC\LIBS\SDL2.0\VISUALC\SDL\X64\ENGINERELEASE\SDL_SHADERS_GL.OBJ
D:\GAMES\RECKONING\RECKON\SOURCES\CODESRC\LIBS\SDL2.0\VISUALC\SDL\X64\ENGINERELEASE\SDL_SHADERS_GLES2.OBJ
D:\GAMES\RECKONING\RECKON\SOURCES\CODESRC\LIBS\SDL2.0\VISUALC\SDL\X64\ENGINERELEASE\SDL_SHAPE.OBJ
D:\GAMES\RECKONING\RECKON\SOURCES\CODESRC\LIBS\SDL2.0\VISUALC\SDL\X64\ENGINERELEASE\SDL_SPINLOCK.OBJ
D:\GAMES\RECKONING\RECKON\SOURCES\CODESRC\LIBS\SDL2.0\VISUALC\SDL\X64\ENGINERELEASE\SDL_STDLIB.OBJ
D:\GAMES\RECKONING\RECKON\SOURCES\CODESRC\LIBS\SDL2.0\VISUALC\SDL\X64\ENGINERELEASE\SDL_STRETCH.OBJ
D:\GAMES\RECKONING\RECKON\SOURCES\CODESRC\LIBS\SDL2.0\VISUALC\SDL\X64\ENGINERELEASE\SDL_STRING.OBJ
D:\GAMES\RECKONING\RECKON\SOURCES\CODESRC\LIBS\SDL2.0\VISUALC\SDL\X64\ENGINERELEASE\SDL_SURFACE.OBJ
D:\GAMES\RECKONING\RECKON\SOURCES\CODESRC\LIBS\SDL2.0\VISUALC\SDL\X64\ENGINERELEASE\SDL_SYSCOND.OBJ
D:\GAMES\RECKONING\RECKON\SOURCES\CODESRC\LIBS\SDL2.0\VISUALC\SDL\X64\ENGINERELEASE\SDL_SYSFILESYSTEM.OBJ
D:\GAMES\RECKONING\RECKON\SOURCES\CODESRC\LIBS\SDL2.0\VISUALC\SDL\X64\ENGINERELEASE\SDL_SYSLOADSO.OBJ
D:\GAMES\RECKONING\RECKON\SOURCES\CODESRC\LIBS\SDL2.0\VISUALC\SDL\X64\ENGINERELEASE\SDL_SYSMUTEX.OBJ
D:\GAMES\RECKONING\RECKON\SOURCES\CODESRC\LIBS\SDL2.0\VISUALC\SDL\X64\ENGINERELEASE\SDL_SYSPOWER.OBJ
D:\GAMES\RECKONING\RECKON\SOURCES\CODESRC\LIBS\SDL2.0\VISUALC\SDL\X64\ENGINERELEASE\SDL_SYSSEM.OBJ
D:\GAMES\RECKONING\RECKON\SOURCES\CODESRC\LIBS\SDL2.0\VISUALC\SDL\X64\ENGINERELEASE\SDL_SYSTHREAD.OBJ
D:\GAMES\RECKONING\RECKON\SOURCES\CODESRC\LIBS\SDL2.0\VISUALC\SDL\X64\ENGINERELEASE\SDL_SYSTIMER.OBJ
D:\GAMES\RECKONING\RECKON\SOURCES\CODESRC\LIBS\SDL2.0\VISUALC\SDL\X64\ENGINERELEASE\SDL_SYSTLS.OBJ
D:\GAMES\RECKONING\RECKON\SOURCES\CODESRC\LIBS\SDL2.0\VISUALC\SDL\X64\ENGINERELEASE\SDL_THREAD.OBJ
D:\GAMES\RECKONING\RECKON\SOURCES\CODESRC\LIBS\SDL2.0\VISUALC\SDL\X64\ENGINERELEASE\SDL_TIMER.OBJ
D:\GAMES\RECKONING\RECKON\SOURCES\CODESRC\LIBS\SDL2.0\VISUALC\SDL\X64\ENGINERELEASE\SDL_TOUCH.OBJ
D:\GAMES\RECKONING\RECKON\SOURCES\CODESRC\LIBS\SDL2.0\VISUALC\SDL\X64\ENGINERELEASE\SDL_VIDEO.OBJ
D:\GAMES\RECKONING\RECKON\SOURCES\CODESRC\LIBS\SDL2.0\VISUALC\SDL\X64\ENGINERELEASE\SDL_VULKAN_UTILS.OBJ
D:\GAMES\RECKONING\RECKON\SOURCES\CODESRC\LIBS\SDL2.0\VISUALC\SDL\X64\ENGINERELEASE\SDL_WASAPI.OBJ
D:\GAMES\RECKONING\RECKON\SOURCES\CODESRC\LIBS\SDL2.0\VISUALC\SDL\X64\ENGINERELEASE\SDL_WASAPI_WIN32.OBJ
D:\GAMES\RECKONING\RECKON\SOURCES\CODESRC\LIBS\SDL2.0\VISUALC\SDL\X64\ENGINERELEASE\SDL_WAVE.OBJ
D:\GAMES\RECKONING\RECKON\SOURCES\CODESRC\LIBS\SDL2.0\VISUALC\SDL\X64\ENGINERELEASE\SDL_WINDOWEVENTS.OBJ
D:\GAMES\RECKONING\RECKON\SOURCES\CODESRC\LIBS\SDL2.0\VISUALC\SDL\X64\ENGINERELEASE\SDL_WINDOWS.OBJ
D:\GAMES\RECKONING\RECKON\SOURCES\CODESRC\LIBS\SDL2.0\VISUALC\SDL\X64\ENGINERELEASE\SDL_WINDOWSCLIPBOARD.OBJ
D:\GAMES\RECKONING\RECKON\SOURCES\CODESRC\LIBS\SDL2.0\VISUALC\SDL\X64\ENGINERELEASE\SDL_WINDOWSEVENTS.OBJ
D:\GAMES\RECKONING\RECKON\SOURCES\CODESRC\LIBS\SDL2.0\VISUALC\SDL\X64\ENGINERELEASE\SDL_WINDOWSFRAMEBUFFER.OBJ
D:\GAMES\RECKONING\RECKON\SOURCES\CODESRC\LIBS\SDL2.0\VISUALC\SDL\X64\ENGINERELEASE\SDL_WINDOWSHAPTIC.OBJ
D:\GAMES\RECKONING\RECKON\SOURCES\CODESRC\LIBS\SDL2.0\VISUALC\SDL\X64\ENGINERELEASE\SDL_WINDOWSJOYSTICK.OBJ
D:\GAMES\RECKONING\RECKON\SOURCES\CODESRC\LIBS\SDL2.0\VISUALC\SDL\X64\ENGINERELEASE\SDL_WINDOWSKEYBOARD.OBJ
D:\GAMES\RECKONING\RECKON\SOURCES\CODESRC\LIBS\SDL2.0\VISUALC\SDL\X64\ENGINERELEASE\SDL_WINDOWSMESSAGEBOX.OBJ
D:\GAMES\RECKONING\RECKON\SOURCES\CODESRC\LIBS\SDL2.0\VISUALC\SDL\X64\ENGINERELEASE\SDL_WINDOWSMODES.OBJ
D:\GAMES\RECKONING\RECKON\SOURCES\CODESRC\LIBS\SDL2.0\VISUALC\SDL\X64\ENGINERELEASE\SDL_WINDOWSMOUSE.OBJ
D:\GAMES\RECKONING\RECKON\SOURCES\CODESRC\LIBS\SDL2.0\VISUALC\SDL\X64\ENGINERELEASE\SDL_WINDOWSOPENGL.OBJ
D:\GAMES\RECKONING\RECKON\SOURCES\CODESRC\LIBS\SDL2.0\VISUALC\SDL\X64\ENGINERELEASE\SDL_WINDOWSOPENGLES.OBJ
D:\GAMES\RECKONING\RECKON\SOURCES\CODESRC\LIBS\SDL2.0\VISUALC\SDL\X64\ENGINERELEASE\SDL_WINDOWSSHAPE.OBJ
D:\GAMES\RECKONING\RECKON\SOURCES\CODESRC\LIBS\SDL2.0\VISUALC\SDL\X64\ENGINERELEASE\SDL_WINDOWSVIDEO.OBJ
D:\GAMES\RECKONING\RECKON\SOURCES\CODESRC\LIBS\SDL2.0\VISUALC\SDL\X64\ENGINERELEASE\SDL_WINDOWSVULKAN.OBJ
D:\GAMES\RECKONING\RECKON\SOURCES\CODESRC\LIBS\SDL2.0\VISUALC\SDL\X64\ENGINERELEASE\SDL_WINDOWSWINDOW.OBJ
D:\GAMES\RECKONING\RECKON\SOURCES\CODESRC\LIBS\SDL2.0\VISUALC\SDL\X64\ENGINERELEASE\SDL_WINMM.OBJ
D:\GAMES\RECKONING\RECKON\SOURCES\CODESRC\LIBS\SDL2.0\VISUALC\SDL\X64\ENGINERELEASE\SDL_XINPUT.OBJ
D:\GAMES\RECKONING\RECKON\SOURCES\CODESRC\LIBS\SDL2.0\VISUALC\SDL\X64\ENGINERELEASE\SDL_XINPUTHAPTIC.OBJ
D:\GAMES\RECKONING\RECKON\SOURCES\CODESRC\LIBS\SDL2.0\VISUALC\SDL\X64\ENGINERELEASE\SDL_XINPUTJOYSTICK.OBJ
D:\GAMES\RECKONING\RECKON\SOURCES\CODESRC\LIBS\SDL2.0\VISUALC\SDL\X64\ENGINERELEASE\SDL_YUV.OBJ
D:\GAMES\RECKONING\RECKON\SOURCES\CODESRC\LIBS\SDL2.0\VISUALC\SDL\X64\ENGINERELEASE\SDL_YUV_SW.OBJ
D:\GAMES\RECKONING\RECKON\SOURCES\CODESRC\LIBS\SDL2.0\VISUALC\SDL\X64\ENGINERELEASE\SDL2.DLL.INTERMEDIATE.MANIFEST
D:\Games\Reckoning\reckon\sources\codesrc\libs\sdl2.0\VisualC\SDL\x64\EngineRelease\SDL2.write.1.tlog
D:\GAMES\RECKONING\RECKON\SOURCES\CODESRC\LIBS\SDL2.0\VISUALC\SDL\X64\ENGINERELEASE\VC100.PDB
D:\GAMES\RECKONING\RECKON\SOURCES\CODESRC\LIBS\SDL2.0\VISUALC\SDL\X64\ENGINERELEASE\VERSION.RES
D:\GAMES\RECKONING\RECKON\SOURCES\CODESRC\LIBS\SDL2.0\VISUALC\SDL\X64\ENGINERELEASE\YUV_RGB.OBJ
D:\GAMES\RECKONING\RECKON\SOURCES\CODESRC\UTILS\PMDLVIEWER\X64\ENGINERELEASE\SDL2.DLL
D:\Games\Reckoning\reckon\sources\codesrc\utils\pmdlviewer\x64\EngineRelease\SDL2.exp
D:\Games\Reckoning\reckon\sources\codesrc\utils\pmdlviewer\x64\EngineRelease\SDL2.lib
D:\GAMES\RECKONING\RECKON\SOURCES\CODESRC\UTILS\PMDLVIEWER\X64\ENGINERELEASE\SDL2.PDB
