d:\games\pathos engine\pathos\sources\codesrc\libs\sdl2.0\visualc\sdl\x64\release\vc143.pdb
d:\games\pathos engine\pathos\sources\codesrc\libs\sdl2.0\visualc\sdl\x64\release\sdl_displayevents.obj
d:\games\pathos engine\pathos\sources\codesrc\libs\sdl2.0\visualc\sdl\x64\release\sdl_clipboardevents.obj
d:\games\pathos engine\pathos\sources\codesrc\libs\sdl2.0\visualc\sdl\x64\release\sdl_dynapi.obj
d:\games\pathos engine\pathos\sources\codesrc\libs\sdl2.0\visualc\sdl\x64\release\sdl_cpuinfo.obj
d:\games\pathos engine\pathos\sources\codesrc\libs\sdl2.0\visualc\sdl\x64\release\sdl_xinput.obj
d:\games\pathos engine\pathos\sources\codesrc\libs\sdl2.0\visualc\sdl\x64\release\sdl_windows.obj
d:\games\pathos engine\pathos\sources\codesrc\libs\sdl2.0\visualc\sdl\x64\release\sdl_wasapi_win32.obj
d:\games\pathos engine\pathos\sources\codesrc\libs\sdl2.0\visualc\sdl\x64\release\sdl_wasapi.obj
d:\games\pathos engine\pathos\sources\codesrc\libs\sdl2.0\visualc\sdl\x64\release\sdl_winmm.obj
d:\games\pathos engine\pathos\sources\codesrc\libs\sdl2.0\visualc\sdl\x64\release\sdl_wave.obj
d:\games\pathos engine\pathos\sources\codesrc\libs\sdl2.0\visualc\sdl\x64\release\sdl_mixer.obj
d:\games\pathos engine\pathos\sources\codesrc\libs\sdl2.0\visualc\sdl\x64\release\sdl_audiotypecvt.obj
d:\games\pathos engine\pathos\sources\codesrc\libs\sdl2.0\visualc\sdl\x64\release\sdl_audiodev.obj
d:\games\pathos engine\pathos\sources\codesrc\libs\sdl2.0\visualc\sdl\x64\release\sdl_audiocvt.obj
d:\games\pathos engine\pathos\sources\codesrc\libs\sdl2.0\visualc\sdl\x64\release\sdl_audio.obj
d:\games\pathos engine\pathos\sources\codesrc\libs\sdl2.0\visualc\sdl\x64\release\sdl_dummyaudio.obj
d:\games\pathos engine\pathos\sources\codesrc\libs\sdl2.0\visualc\sdl\x64\release\sdl_diskaudio.obj
d:\games\pathos engine\pathos\sources\codesrc\libs\sdl2.0\visualc\sdl\x64\release\sdl_directsound.obj
d:\games\pathos engine\pathos\sources\codesrc\libs\sdl2.0\visualc\sdl\x64\release\sdl_spinlock.obj
d:\games\pathos engine\pathos\sources\codesrc\libs\sdl2.0\visualc\sdl\x64\release\sdl_atomic.obj
d:\games\pathos engine\pathos\sources\codesrc\libs\sdl2.0\visualc\sdl\x64\release\sdl_hidapi_xboxone.obj
d:\games\pathos engine\pathos\sources\codesrc\libs\sdl2.0\visualc\sdl\x64\release\sdl_hidapi_xbox360.obj
d:\games\pathos engine\pathos\sources\codesrc\libs\sdl2.0\visualc\sdl\x64\release\sdl_hidapi_switch.obj
d:\games\pathos engine\pathos\sources\codesrc\libs\sdl2.0\visualc\sdl\x64\release\sdl_hidapi_ps4.obj
d:\games\pathos engine\pathos\sources\codesrc\libs\sdl2.0\visualc\sdl\x64\release\sdl_hidapijoystick.obj
d:\games\pathos engine\pathos\sources\codesrc\libs\sdl2.0\visualc\sdl\x64\release\hid.obj
d:\games\pathos engine\pathos\sources\codesrc\libs\sdl2.0\visualc\sdl\x64\release\sdl_xinputhaptic.obj
d:\games\pathos engine\pathos\sources\codesrc\libs\sdl2.0\visualc\sdl\x64\release\sdl_windowshaptic.obj
d:\games\pathos engine\pathos\sources\codesrc\libs\sdl2.0\visualc\sdl\x64\release\sdl_dinputhaptic.obj
d:\games\pathos engine\pathos\sources\codesrc\libs\sdl2.0\visualc\sdl\x64\release\sdl_haptic.obj
d:\games\pathos engine\pathos\sources\codesrc\libs\sdl2.0\visualc\sdl\x64\release\sdl_sysfilesystem.obj
d:\games\pathos engine\pathos\sources\codesrc\libs\sdl2.0\visualc\sdl\x64\release\sdl_rwops.obj
d:\games\pathos engine\pathos\sources\codesrc\libs\sdl2.0\visualc\sdl\x64\release\sdl_windowevents.obj
d:\games\pathos engine\pathos\sources\codesrc\libs\sdl2.0\visualc\sdl\x64\release\sdl_touch.obj
d:\games\pathos engine\pathos\sources\codesrc\libs\sdl2.0\visualc\sdl\x64\release\sdl_quit.obj
d:\games\pathos engine\pathos\sources\codesrc\libs\sdl2.0\visualc\sdl\x64\release\sdl_mouse.obj
d:\games\pathos engine\pathos\sources\codesrc\libs\sdl2.0\visualc\sdl\x64\release\sdl_keyboard.obj
d:\games\pathos engine\pathos\sources\codesrc\libs\sdl2.0\visualc\sdl\x64\release\sdl_gesture.obj
d:\games\pathos engine\pathos\sources\codesrc\libs\sdl2.0\visualc\sdl\x64\release\sdl_events.obj
d:\games\pathos engine\pathos\sources\codesrc\libs\sdl2.0\visualc\sdl\x64\release\sdl_dropevents.obj
d:\games\pathos engine\pathos\sources\codesrc\libs\sdl2.0\visualc\sdl\x64\release\s_copysign.obj
d:\games\pathos engine\pathos\sources\codesrc\libs\sdl2.0\visualc\sdl\x64\release\s_atan.obj
d:\games\pathos engine\pathos\sources\codesrc\libs\sdl2.0\visualc\sdl\x64\release\k_tan.obj
d:\games\pathos engine\pathos\sources\codesrc\libs\sdl2.0\visualc\sdl\x64\release\k_sin.obj
d:\games\pathos engine\pathos\sources\codesrc\libs\sdl2.0\visualc\sdl\x64\release\k_rem_pio2.obj
d:\games\pathos engine\pathos\sources\codesrc\libs\sdl2.0\visualc\sdl\x64\release\k_cos.obj
d:\games\pathos engine\pathos\sources\codesrc\libs\sdl2.0\visualc\sdl\x64\release\e_sqrt.obj
d:\games\pathos engine\pathos\sources\codesrc\libs\sdl2.0\visualc\sdl\x64\release\e_rem_pio2.obj
d:\games\pathos engine\pathos\sources\codesrc\libs\sdl2.0\visualc\sdl\x64\release\e_pow.obj
d:\games\pathos engine\pathos\sources\codesrc\libs\sdl2.0\visualc\sdl\x64\release\e_log10.obj
d:\games\pathos engine\pathos\sources\codesrc\libs\sdl2.0\visualc\sdl\x64\release\e_log.obj
d:\games\pathos engine\pathos\sources\codesrc\libs\sdl2.0\visualc\sdl\x64\release\e_fmod.obj
d:\games\pathos engine\pathos\sources\codesrc\libs\sdl2.0\visualc\sdl\x64\release\e_exp.obj
d:\games\pathos engine\pathos\sources\codesrc\libs\sdl2.0\visualc\sdl\x64\release\e_atan2.obj
d:\games\pathos engine\pathos\sources\codesrc\libs\sdl2.0\visualc\sdl\x64\release\sdl_xinputjoystick.obj
d:\games\pathos engine\pathos\sources\codesrc\libs\sdl2.0\visualc\sdl\x64\release\sdl_windowsjoystick.obj
d:\games\pathos engine\pathos\sources\codesrc\libs\sdl2.0\visualc\sdl\x64\release\sdl_mmjoystick.obj
d:\games\pathos engine\pathos\sources\codesrc\libs\sdl2.0\visualc\sdl\x64\release\sdl_dinputjoystick.obj
d:\games\pathos engine\pathos\sources\codesrc\libs\sdl2.0\visualc\sdl\x64\release\sdl_joystick.obj
d:\games\pathos engine\pathos\sources\codesrc\libs\sdl2.0\visualc\sdl\x64\release\sdl_gamecontroller.obj
d:\games\pathos engine\pathos\sources\codesrc\libs\sdl2.0\visualc\sdl\x64\release\sdl_yuv_sw.obj
d:\games\pathos engine\pathos\sources\codesrc\libs\sdl2.0\visualc\sdl\x64\release\sdl_render.obj
d:\games\pathos engine\pathos\sources\codesrc\libs\sdl2.0\visualc\sdl\x64\release\sdl_d3dmath.obj
d:\games\pathos engine\pathos\sources\codesrc\libs\sdl2.0\visualc\sdl\x64\release\sdl_shaders_gles2.obj
d:\games\pathos engine\pathos\sources\codesrc\libs\sdl2.0\visualc\sdl\x64\release\sdl_render_gles2.obj
d:\games\pathos engine\pathos\sources\codesrc\libs\sdl2.0\visualc\sdl\x64\release\sdl_shaders_gl.obj
d:\games\pathos engine\pathos\sources\codesrc\libs\sdl2.0\visualc\sdl\x64\release\sdl_render_gl.obj
d:\games\pathos engine\pathos\sources\codesrc\libs\sdl2.0\visualc\sdl\x64\release\sdl_shaders_d3d.obj
d:\games\pathos engine\pathos\sources\codesrc\libs\sdl2.0\visualc\sdl\x64\release\sdl_render_d3d11.obj
d:\games\pathos engine\pathos\sources\codesrc\libs\sdl2.0\visualc\sdl\x64\release\sdl_render_d3d.obj
d:\games\pathos engine\pathos\sources\codesrc\libs\sdl2.0\visualc\sdl\x64\release\sdl_shaders_d3d11.obj
d:\games\pathos engine\pathos\sources\codesrc\libs\sdl2.0\visualc\sdl\x64\release\sdl_syspower.obj
d:\games\pathos engine\pathos\sources\codesrc\libs\sdl2.0\visualc\sdl\x64\release\sdl_power.obj
d:\games\pathos engine\pathos\sources\codesrc\libs\sdl2.0\visualc\sdl\x64\release\sdl_sysloadso.obj
d:\games\pathos engine\pathos\sources\codesrc\libs\sdl2.0\visualc\sdl\x64\release\s_tan.obj
d:\games\pathos engine\pathos\sources\codesrc\libs\sdl2.0\visualc\sdl\x64\release\s_sin.obj
d:\games\pathos engine\pathos\sources\codesrc\libs\sdl2.0\visualc\sdl\x64\release\s_scalbn.obj
d:\games\pathos engine\pathos\sources\codesrc\libs\sdl2.0\visualc\sdl\x64\release\s_floor.obj
d:\games\pathos engine\pathos\sources\codesrc\libs\sdl2.0\visualc\sdl\x64\release\s_fabs.obj
d:\games\pathos engine\pathos\sources\codesrc\libs\sdl2.0\visualc\sdl\x64\release\s_cos.obj
d:\games\pathos engine\pathos\sources\codesrc\libs\sdl2.0\visualc\sdl\x64\release\sdl_stdlib.obj
d:\games\pathos engine\pathos\sources\codesrc\libs\sdl2.0\visualc\sdl\x64\release\sdl_qsort.obj
d:\games\pathos engine\pathos\sources\codesrc\libs\sdl2.0\visualc\sdl\x64\release\sdl_malloc.obj
d:\games\pathos engine\pathos\sources\codesrc\libs\sdl2.0\visualc\sdl\x64\release\sdl_iconv.obj
d:\games\pathos engine\pathos\sources\codesrc\libs\sdl2.0\visualc\sdl\x64\release\sdl_getenv.obj
d:\games\pathos engine\pathos\sources\codesrc\libs\sdl2.0\visualc\sdl\x64\release\sdl_sensor.obj
d:\games\pathos engine\pathos\sources\codesrc\libs\sdl2.0\visualc\sdl\x64\release\sdl_dummysensor.obj
d:\games\pathos engine\pathos\sources\codesrc\libs\sdl2.0\visualc\sdl\x64\release\sdl_log.obj
d:\games\pathos engine\pathos\sources\codesrc\libs\sdl2.0\visualc\sdl\x64\release\sdl_hints.obj
d:\games\pathos engine\pathos\sources\codesrc\libs\sdl2.0\visualc\sdl\x64\release\sdl_error.obj
d:\games\pathos engine\pathos\sources\codesrc\libs\sdl2.0\visualc\sdl\x64\release\sdl_dataqueue.obj
d:\games\pathos engine\pathos\sources\codesrc\libs\sdl2.0\visualc\sdl\x64\release\sdl_assert.obj
d:\games\pathos engine\pathos\sources\codesrc\libs\sdl2.0\visualc\sdl\x64\release\sdl.obj
d:\games\pathos engine\pathos\sources\codesrc\libs\sdl2.0\visualc\sdl\x64\release\sdl_rotate.obj
d:\games\pathos engine\pathos\sources\codesrc\libs\sdl2.0\visualc\sdl\x64\release\sdl_render_sw.obj
d:\games\pathos engine\pathos\sources\codesrc\libs\sdl2.0\visualc\sdl\x64\release\sdl_drawpoint.obj
d:\games\pathos engine\pathos\sources\codesrc\libs\sdl2.0\visualc\sdl\x64\release\sdl_drawline.obj
d:\games\pathos engine\pathos\sources\codesrc\libs\sdl2.0\visualc\sdl\x64\release\sdl_blendpoint.obj
d:\games\pathos engine\pathos\sources\codesrc\libs\sdl2.0\visualc\sdl\x64\release\sdl_blendline.obj
d:\games\pathos engine\pathos\sources\codesrc\libs\sdl2.0\visualc\sdl\x64\release\sdl_blendfillrect.obj
d:\games\pathos engine\pathos\sources\codesrc\libs\sdl2.0\visualc\sdl\x64\release\sdl_blit_slow.obj
d:\games\pathos engine\pathos\sources\codesrc\libs\sdl2.0\visualc\sdl\x64\release\sdl_blit_n.obj
d:\games\pathos engine\pathos\sources\codesrc\libs\sdl2.0\visualc\sdl\x64\release\sdl_blit_copy.obj
d:\games\pathos engine\pathos\sources\codesrc\libs\sdl2.0\visualc\sdl\x64\release\sdl_blit_auto.obj
d:\games\pathos engine\pathos\sources\codesrc\libs\sdl2.0\visualc\sdl\x64\release\sdl_blit_a.obj
d:\games\pathos engine\pathos\sources\codesrc\libs\sdl2.0\visualc\sdl\x64\release\sdl_blit_1.obj
d:\games\pathos engine\pathos\sources\codesrc\libs\sdl2.0\visualc\sdl\x64\release\sdl_blit_0.obj
d:\games\pathos engine\pathos\sources\codesrc\libs\sdl2.0\visualc\sdl\x64\release\sdl_blit.obj
d:\games\pathos engine\pathos\sources\codesrc\libs\sdl2.0\visualc\sdl\x64\release\sdl_nullvideo.obj
d:\games\pathos engine\pathos\sources\codesrc\libs\sdl2.0\visualc\sdl\x64\release\sdl_nullframebuffer.obj
d:\games\pathos engine\pathos\sources\codesrc\libs\sdl2.0\visualc\sdl\x64\release\sdl_nullevents.obj
d:\games\pathos engine\pathos\sources\codesrc\libs\sdl2.0\visualc\sdl\x64\release\sdl_systimer.obj
d:\games\pathos engine\pathos\sources\codesrc\libs\sdl2.0\visualc\sdl\x64\release\sdl_timer.obj
d:\games\pathos engine\pathos\sources\codesrc\libs\sdl2.0\visualc\sdl\x64\release\sdl_systls.obj
d:\games\pathos engine\pathos\sources\codesrc\libs\sdl2.0\visualc\sdl\x64\release\sdl_systhread.obj
d:\games\pathos engine\pathos\sources\codesrc\libs\sdl2.0\visualc\sdl\x64\release\sdl_syssem.obj
d:\games\pathos engine\pathos\sources\codesrc\libs\sdl2.0\visualc\sdl\x64\release\sdl_sysmutex.obj
d:\games\pathos engine\pathos\sources\codesrc\libs\sdl2.0\visualc\sdl\x64\release\sdl_thread.obj
d:\games\pathos engine\pathos\sources\codesrc\libs\sdl2.0\visualc\sdl\x64\release\sdl_syscond.obj
d:\games\pathos engine\pathos\sources\codesrc\libs\sdl2.0\visualc\sdl\x64\release\sdl_string.obj
d:\games\pathos engine\pathos\sources\codesrc\libs\sdl2.0\visualc\sdl\x64\release\sdl_windowsmouse.obj
d:\games\pathos engine\pathos\sources\codesrc\libs\sdl2.0\visualc\sdl\x64\release\sdl_windowsmodes.obj
d:\games\pathos engine\pathos\sources\codesrc\libs\sdl2.0\visualc\sdl\x64\release\sdl_windowsmessagebox.obj
d:\games\pathos engine\pathos\sources\codesrc\libs\sdl2.0\visualc\sdl\x64\release\sdl_windowskeyboard.obj
d:\games\pathos engine\pathos\sources\codesrc\libs\sdl2.0\visualc\sdl\x64\release\sdl_windowsframebuffer.obj
d:\games\pathos engine\pathos\sources\codesrc\libs\sdl2.0\visualc\sdl\x64\release\sdl_windowsevents.obj
d:\games\pathos engine\pathos\sources\codesrc\libs\sdl2.0\visualc\sdl\x64\release\sdl_windowsclipboard.obj
d:\games\pathos engine\pathos\sources\codesrc\libs\sdl2.0\visualc\sdl\x64\release\sdl_yuv.obj
d:\games\pathos engine\pathos\sources\codesrc\libs\sdl2.0\visualc\sdl\x64\release\sdl_vulkan_utils.obj
d:\games\pathos engine\pathos\sources\codesrc\libs\sdl2.0\visualc\sdl\x64\release\sdl_video.obj
d:\games\pathos engine\pathos\sources\codesrc\libs\sdl2.0\visualc\sdl\x64\release\sdl_surface.obj
d:\games\pathos engine\pathos\sources\codesrc\libs\sdl2.0\visualc\sdl\x64\release\sdl_stretch.obj
d:\games\pathos engine\pathos\sources\codesrc\libs\sdl2.0\visualc\sdl\x64\release\sdl_shape.obj
d:\games\pathos engine\pathos\sources\codesrc\libs\sdl2.0\visualc\sdl\x64\release\sdl_rleaccel.obj
d:\games\pathos engine\pathos\sources\codesrc\libs\sdl2.0\visualc\sdl\x64\release\sdl_rect.obj
d:\games\pathos engine\pathos\sources\codesrc\libs\sdl2.0\visualc\sdl\x64\release\sdl_pixels.obj
d:\games\pathos engine\pathos\sources\codesrc\libs\sdl2.0\visualc\sdl\x64\release\sdl_fillrect.obj
d:\games\pathos engine\pathos\sources\codesrc\libs\sdl2.0\visualc\sdl\x64\release\sdl_egl.obj
d:\games\pathos engine\pathos\sources\codesrc\libs\sdl2.0\visualc\sdl\x64\release\sdl_clipboard.obj
d:\games\pathos engine\pathos\sources\codesrc\libs\sdl2.0\visualc\sdl\x64\release\sdl_bmp.obj
d:\games\pathos engine\pathos\sources\codesrc\libs\sdl2.0\visualc\sdl\x64\release\yuv_rgb.obj
d:\games\pathos engine\pathos\sources\codesrc\libs\sdl2.0\visualc\sdl\x64\release\sdl_windowswindow.obj
d:\games\pathos engine\pathos\sources\codesrc\libs\sdl2.0\visualc\sdl\x64\release\sdl_windowsvulkan.obj
d:\games\pathos engine\pathos\sources\codesrc\libs\sdl2.0\visualc\sdl\x64\release\sdl_windowsvideo.obj
d:\games\pathos engine\pathos\sources\codesrc\libs\sdl2.0\visualc\sdl\x64\release\sdl_windowsshape.obj
d:\games\pathos engine\pathos\sources\codesrc\libs\sdl2.0\visualc\sdl\x64\release\sdl_windowsopengles.obj
d:\games\pathos engine\pathos\sources\codesrc\libs\sdl2.0\visualc\sdl\x64\release\sdl_windowsopengl.obj
d:\games\pathos engine\pathos\sources\codesrc\x64\release\sdl2.dll
d:\games\pathos engine\pathos\sources\codesrc\x64\release\sdl2.pdb
d:\games\pathos engine\pathos\sources\codesrc\x64\release\sdl2.lib
d:\games\pathos engine\pathos\sources\codesrc\x64\release\sdl2.exp
d:\games\pathos engine\pathos\sources\codesrc\libs\sdl2.0\visualc\sdl\x64\release\version.res
d:\games\pathos engine\pathos\sources\codesrc\libs\sdl2.0\visualc\sdl\x64\release\sdl2.tlog\cl.command.1.tlog
d:\games\pathos engine\pathos\sources\codesrc\libs\sdl2.0\visualc\sdl\x64\release\sdl2.tlog\cl.items.tlog
d:\games\pathos engine\pathos\sources\codesrc\libs\sdl2.0\visualc\sdl\x64\release\sdl2.tlog\cl.read.1.tlog
d:\games\pathos engine\pathos\sources\codesrc\libs\sdl2.0\visualc\sdl\x64\release\sdl2.tlog\cl.write.1.tlog
d:\games\pathos engine\pathos\sources\codesrc\libs\sdl2.0\visualc\sdl\x64\release\sdl2.tlog\link.command.1.tlog
d:\games\pathos engine\pathos\sources\codesrc\libs\sdl2.0\visualc\sdl\x64\release\sdl2.tlog\link.read.1.tlog
d:\games\pathos engine\pathos\sources\codesrc\libs\sdl2.0\visualc\sdl\x64\release\sdl2.tlog\link.write.1.tlog
d:\games\pathos engine\pathos\sources\codesrc\libs\sdl2.0\visualc\sdl\x64\release\sdl2.tlog\link.write.2u.tlog
d:\games\pathos engine\pathos\sources\codesrc\libs\sdl2.0\visualc\sdl\x64\release\sdl2.tlog\rc.command.1.tlog
d:\games\pathos engine\pathos\sources\codesrc\libs\sdl2.0\visualc\sdl\x64\release\sdl2.tlog\rc.read.1.tlog
d:\games\pathos engine\pathos\sources\codesrc\libs\sdl2.0\visualc\sdl\x64\release\sdl2.tlog\rc.write.1.tlog
