d:\games\pathos engine\pathos\sources\codesrc\libs\freetype\objs\debug\cff.obj
d:\games\pathos engine\pathos\sources\codesrc\libs\freetype\objs\debug\smooth.obj
d:\games\pathos engine\pathos\sources\codesrc\libs\freetype\objs\debug\ftsynth.obj
d:\games\pathos engine\pathos\sources\codesrc\libs\freetype\objs\debug\ftlcdfil.obj
d:\games\pathos engine\pathos\sources\codesrc\libs\freetype\objs\debug\pcf.obj
d:\games\pathos engine\pathos\sources\codesrc\libs\freetype\objs\debug\psmodule.obj
d:\games\pathos engine\pathos\sources\codesrc\libs\freetype\objs\debug\winfnt.obj
d:\games\pathos engine\pathos\sources\codesrc\libs\freetype\objs\debug\bdf.obj
d:\games\pathos engine\pathos\sources\codesrc\libs\freetype\objs\debug\ftbitmap.obj
d:\games\pathos engine\pathos\sources\codesrc\libs\freetype\objs\debug\ftcache.obj
d:\games\pathos engine\pathos\sources\codesrc\libs\freetype\objs\debug\ftgasp.obj
d:\games\pathos engine\pathos\sources\codesrc\libs\freetype\objs\debug\ftgzip.obj
d:\games\pathos engine\pathos\sources\codesrc\libs\freetype\objs\debug\ftstroke.obj
d:\games\pathos engine\pathos\sources\codesrc\libs\freetype\objs\debug\ftpfr.obj
d:\games\pathos engine\pathos\sources\codesrc\libs\freetype\objs\debug\ftxf86.obj
d:\games\pathos engine\pathos\sources\codesrc\libs\freetype\objs\debug\ftpatent.obj
d:\games\pathos engine\pathos\sources\codesrc\libs\freetype\objs\debug\psaux.obj
d:\games\pathos engine\pathos\sources\codesrc\libs\freetype\objs\debug\sfnt.obj
d:\games\pathos engine\pathos\sources\codesrc\libs\freetype\objs\debug\type1cid.obj
d:\games\pathos engine\pathos\sources\codesrc\libs\freetype\objs\debug\autofit.obj
d:\games\pathos engine\pathos\sources\codesrc\libs\freetype\objs\debug\ftsystem.obj
d:\games\pathos engine\pathos\sources\codesrc\libs\freetype\objs\debug\ftmm.obj
d:\games\pathos engine\pathos\sources\codesrc\libs\freetype\objs\debug\fttype1.obj
d:\games\pathos engine\pathos\sources\codesrc\libs\freetype\objs\debug\ftgxval.obj
d:\games\pathos engine\pathos\sources\codesrc\libs\freetype\objs\debug\pshinter.obj
d:\games\pathos engine\pathos\sources\codesrc\libs\freetype\objs\debug\raster.obj
d:\games\pathos engine\pathos\sources\codesrc\libs\freetype\objs\debug\type1.obj
d:\games\pathos engine\pathos\sources\codesrc\libs\freetype\objs\debug\ftdebug.obj
d:\games\pathos engine\pathos\sources\codesrc\libs\freetype\objs\debug\ftbase.obj
d:\games\pathos engine\pathos\sources\codesrc\libs\freetype\objs\debug\ftfstype.obj
d:\games\pathos engine\pathos\sources\codesrc\libs\freetype\objs\debug\ftglyph.obj
d:\games\pathos engine\pathos\sources\codesrc\libs\freetype\objs\debug\ftinit.obj
d:\games\pathos engine\pathos\sources\codesrc\libs\freetype\objs\debug\ftlzw.obj
d:\games\pathos engine\pathos\sources\codesrc\libs\freetype\objs\debug\ftbbox.obj
d:\games\pathos engine\pathos\sources\codesrc\libs\freetype\objs\debug\ftwinfnt.obj
d:\games\pathos engine\pathos\sources\codesrc\libs\freetype\objs\debug\ftotval.obj
d:\games\pathos engine\pathos\sources\codesrc\libs\freetype\objs\debug\pfr.obj
d:\games\pathos engine\pathos\sources\codesrc\libs\freetype\objs\debug\truetype.obj
d:\games\pathos engine\pathos\sources\codesrc\libs\freetype\objs\debug\type42.obj
d:\games\pathos engine\pathos\sources\codesrc\libs\freetype\objs\win64\vc2010\freetype253_d.pdb
d:\games\pathos engine\pathos\sources\codesrc\libs\freetype\objs\win64\vc2010\freetype253_d.lib
d:\games\pathos engine\pathos\sources\codesrc\libs\freetype\objs\debug\freetype.tlog\cl.11004.write.1.tlog
d:\games\pathos engine\pathos\sources\codesrc\libs\freetype\objs\debug\freetype.tlog\cl.command.1.tlog
d:\games\pathos engine\pathos\sources\codesrc\libs\freetype\objs\debug\freetype.tlog\cl.items.tlog
d:\games\pathos engine\pathos\sources\codesrc\libs\freetype\objs\debug\freetype.tlog\cl.read.1.tlog
d:\games\pathos engine\pathos\sources\codesrc\libs\freetype\objs\debug\freetype.tlog\lib-link.read.1.tlog
d:\games\pathos engine\pathos\sources\codesrc\libs\freetype\objs\debug\freetype.tlog\lib-link.write.1.tlog
d:\games\pathos engine\pathos\sources\codesrc\libs\freetype\objs\debug\freetype.tlog\lib.command.1.tlog
d:\games\pathos engine\pathos\sources\codesrc\libs\freetype\objs\debug\freetype.tlog\.\..\..\..\objs\win64\vc2010\freetype253_d.pdb
d:\games\pathos engine\pathos\sources\codesrc\libs\freetype\objs\debug\freetype.tlog\.\..\..\..\objs\debug\freetype.vcxproj.filelistabsolute.txt
