D:\Games\Pathos Engine\pathos\sources\codesrc\libs\freetype\builds\windows\vc2010\x64\Release\autofit.obj
D:\Games\Pathos Engine\pathos\sources\codesrc\libs\freetype\builds\windows\vc2010\x64\Release\bdf.obj
D:\Games\Pathos Engine\pathos\sources\codesrc\libs\freetype\builds\windows\vc2010\x64\Release\cff.obj
D:\Games\Pathos Engine\pathos\sources\codesrc\libs\freetype\builds\windows\vc2010\x64\Release\CL.10244.read.1.tlog
D:\Games\Pathos Engine\pathos\sources\codesrc\libs\freetype\builds\windows\vc2010\x64\Release\CL.10244.write.1.tlog
D:\Games\Pathos Engine\pathos\sources\codesrc\libs\freetype\builds\windows\vc2010\x64\Release\CL.13404.read.1.tlog
D:\Games\Pathos Engine\pathos\sources\codesrc\libs\freetype\builds\windows\vc2010\x64\Release\CL.13404.write.1.tlog
D:\Games\Pathos Engine\pathos\sources\codesrc\libs\freetype\builds\windows\vc2010\x64\Release\CL.3496.read.1.tlog
D:\Games\Pathos Engine\pathos\sources\codesrc\libs\freetype\builds\windows\vc2010\x64\Release\CL.3496.write.1.tlog
D:\Games\Pathos Engine\pathos\sources\codesrc\libs\freetype\builds\windows\vc2010\x64\Release\CL.5712.read.1.tlog
D:\Games\Pathos Engine\pathos\sources\codesrc\libs\freetype\builds\windows\vc2010\x64\Release\CL.5712.write.1.tlog
D:\Games\Pathos Engine\pathos\sources\codesrc\libs\freetype\builds\windows\vc2010\x64\Release\cl.command.1.tlog
D:\Games\Pathos Engine\pathos\sources\codesrc\libs\freetype\builds\windows\vc2010\x64\Release\CL.read.1.tlog
D:\Games\Pathos Engine\pathos\sources\codesrc\libs\freetype\builds\windows\vc2010\x64\Release\cl.write.1.tlog
D:\Games\Pathos Engine\pathos\sources\codesrc\libs\freetype\builds\windows\vc2010\x64\Release\freetype.write.1.tlog
D:\Games\Pathos Engine\pathos\sources\codesrc\libs\freetype\builds\windows\vc2010\x64\Release\ftbase.obj
D:\Games\Pathos Engine\pathos\sources\codesrc\libs\freetype\builds\windows\vc2010\x64\Release\ftbbox.obj
D:\Games\Pathos Engine\pathos\sources\codesrc\libs\freetype\builds\windows\vc2010\x64\Release\ftbitmap.obj
D:\Games\Pathos Engine\pathos\sources\codesrc\libs\freetype\builds\windows\vc2010\x64\Release\ftcache.obj
D:\Games\Pathos Engine\pathos\sources\codesrc\libs\freetype\builds\windows\vc2010\x64\Release\ftdebug.obj
D:\Games\Pathos Engine\pathos\sources\codesrc\libs\freetype\builds\windows\vc2010\x64\Release\ftfstype.obj
D:\Games\Pathos Engine\pathos\sources\codesrc\libs\freetype\builds\windows\vc2010\x64\Release\ftgasp.obj
D:\Games\Pathos Engine\pathos\sources\codesrc\libs\freetype\builds\windows\vc2010\x64\Release\ftglyph.obj
D:\Games\Pathos Engine\pathos\sources\codesrc\libs\freetype\builds\windows\vc2010\x64\Release\ftgxval.obj
D:\Games\Pathos Engine\pathos\sources\codesrc\libs\freetype\builds\windows\vc2010\x64\Release\ftgzip.obj
D:\Games\Pathos Engine\pathos\sources\codesrc\libs\freetype\builds\windows\vc2010\x64\Release\ftinit.obj
D:\Games\Pathos Engine\pathos\sources\codesrc\libs\freetype\builds\windows\vc2010\x64\Release\ftlcdfil.obj
D:\Games\Pathos Engine\pathos\sources\codesrc\libs\freetype\builds\windows\vc2010\x64\Release\ftlzw.obj
D:\Games\Pathos Engine\pathos\sources\codesrc\libs\freetype\builds\windows\vc2010\x64\Release\ftmm.obj
D:\Games\Pathos Engine\pathos\sources\codesrc\libs\freetype\builds\windows\vc2010\x64\Release\ftotval.obj
D:\Games\Pathos Engine\pathos\sources\codesrc\libs\freetype\builds\windows\vc2010\x64\Release\ftpatent.obj
D:\Games\Pathos Engine\pathos\sources\codesrc\libs\freetype\builds\windows\vc2010\x64\Release\ftpfr.obj
D:\Games\Pathos Engine\pathos\sources\codesrc\libs\freetype\builds\windows\vc2010\x64\Release\ftstroke.obj
D:\Games\Pathos Engine\pathos\sources\codesrc\libs\freetype\builds\windows\vc2010\x64\Release\ftsynth.obj
D:\Games\Pathos Engine\pathos\sources\codesrc\libs\freetype\builds\windows\vc2010\x64\Release\ftsystem.obj
D:\Games\Pathos Engine\pathos\sources\codesrc\libs\freetype\builds\windows\vc2010\x64\Release\fttype1.obj
D:\Games\Pathos Engine\pathos\sources\codesrc\libs\freetype\builds\windows\vc2010\x64\Release\ftwinfnt.obj
D:\Games\Pathos Engine\pathos\sources\codesrc\libs\freetype\builds\windows\vc2010\x64\Release\ftxf86.obj
D:\Games\Pathos Engine\pathos\sources\codesrc\libs\freetype\builds\windows\vc2010\x64\Release\lib.command.1.tlog
D:\Games\Pathos Engine\pathos\sources\codesrc\libs\freetype\builds\windows\vc2010\x64\Release\Lib-link.read.1.tlog
D:\Games\Pathos Engine\pathos\sources\codesrc\libs\freetype\builds\windows\vc2010\x64\Release\Lib-link.write.1.tlog
D:\Games\Pathos Engine\pathos\sources\codesrc\libs\freetype\builds\windows\vc2010\x64\Release\pcf.obj
D:\Games\Pathos Engine\pathos\sources\codesrc\libs\freetype\builds\windows\vc2010\x64\Release\pfr.obj
D:\Games\Pathos Engine\pathos\sources\codesrc\libs\freetype\builds\windows\vc2010\x64\Release\psaux.obj
D:\Games\Pathos Engine\pathos\sources\codesrc\libs\freetype\builds\windows\vc2010\x64\Release\pshinter.obj
D:\Games\Pathos Engine\pathos\sources\codesrc\libs\freetype\builds\windows\vc2010\x64\Release\psmodule.obj
D:\Games\Pathos Engine\pathos\sources\codesrc\libs\freetype\builds\windows\vc2010\x64\Release\raster.obj
D:\Games\Pathos Engine\pathos\sources\codesrc\libs\freetype\builds\windows\vc2010\x64\Release\sfnt.obj
D:\Games\Pathos Engine\pathos\sources\codesrc\libs\freetype\builds\windows\vc2010\x64\Release\smooth.obj
D:\Games\Pathos Engine\pathos\sources\codesrc\libs\freetype\builds\windows\vc2010\x64\Release\truetype.obj
D:\Games\Pathos Engine\pathos\sources\codesrc\libs\freetype\builds\windows\vc2010\x64\Release\type1.obj
D:\Games\Pathos Engine\pathos\sources\codesrc\libs\freetype\builds\windows\vc2010\x64\Release\type1cid.obj
D:\Games\Pathos Engine\pathos\sources\codesrc\libs\freetype\builds\windows\vc2010\x64\Release\type42.obj
D:\Games\Pathos Engine\pathos\sources\codesrc\libs\freetype\builds\windows\vc2010\x64\Release\winfnt.obj
D:\GAMES\PATHOS ENGINE\PATHOS\SOURCES\CODESRC\X64\RELEASE\FREETYPE253.LIB
