D:\Games\Pathos Engine\pathos\sources\codesrc\libs\freetype\builds\windows\vc2010\.\..\..\..\objs\win32\vc2010\freetype253.lib
D:\Games\Pathos Engine\pathos\sources\codesrc\libs\freetype\objs\release\autofit.obj
D:\Games\Pathos Engine\pathos\sources\codesrc\libs\freetype\objs\release\bdf.obj
D:\Games\Pathos Engine\pathos\sources\codesrc\libs\freetype\objs\release\cff.obj
D:\Games\Pathos Engine\pathos\sources\codesrc\libs\freetype\objs\release\CL.11424.read.1.tlog
D:\Games\Pathos Engine\pathos\sources\codesrc\libs\freetype\objs\release\CL.11424.write.1.tlog
D:\Games\Pathos Engine\pathos\sources\codesrc\libs\freetype\objs\release\CL.6732.read.1.tlog
D:\Games\Pathos Engine\pathos\sources\codesrc\libs\freetype\objs\release\CL.6732.write.1.tlog
D:\Games\Pathos Engine\pathos\sources\codesrc\libs\freetype\objs\release\CL.7704.read.1.tlog
D:\Games\Pathos Engine\pathos\sources\codesrc\libs\freetype\objs\release\CL.7704.write.1.tlog
D:\Games\Pathos Engine\pathos\sources\codesrc\libs\freetype\objs\release\CL.9308.read.1.tlog
D:\Games\Pathos Engine\pathos\sources\codesrc\libs\freetype\objs\release\CL.9308.write.1.tlog
D:\Games\Pathos Engine\pathos\sources\codesrc\libs\freetype\objs\release\cl.command.1.tlog
D:\Games\Pathos Engine\pathos\sources\codesrc\libs\freetype\objs\release\CL.read.1.tlog
D:\Games\Pathos Engine\pathos\sources\codesrc\libs\freetype\objs\release\cl.write.1.tlog
D:\Games\Pathos Engine\pathos\sources\codesrc\libs\freetype\objs\release\freetype.write.1.tlog
D:\Games\Pathos Engine\pathos\sources\codesrc\libs\freetype\objs\release\ftbase.obj
D:\Games\Pathos Engine\pathos\sources\codesrc\libs\freetype\objs\release\ftbbox.obj
D:\Games\Pathos Engine\pathos\sources\codesrc\libs\freetype\objs\release\ftbitmap.obj
D:\Games\Pathos Engine\pathos\sources\codesrc\libs\freetype\objs\release\ftcache.obj
D:\Games\Pathos Engine\pathos\sources\codesrc\libs\freetype\objs\release\ftdebug.obj
D:\Games\Pathos Engine\pathos\sources\codesrc\libs\freetype\objs\release\ftfstype.obj
D:\Games\Pathos Engine\pathos\sources\codesrc\libs\freetype\objs\release\ftgasp.obj
D:\Games\Pathos Engine\pathos\sources\codesrc\libs\freetype\objs\release\ftglyph.obj
D:\Games\Pathos Engine\pathos\sources\codesrc\libs\freetype\objs\release\ftgxval.obj
D:\Games\Pathos Engine\pathos\sources\codesrc\libs\freetype\objs\release\ftgzip.obj
D:\Games\Pathos Engine\pathos\sources\codesrc\libs\freetype\objs\release\ftinit.obj
D:\Games\Pathos Engine\pathos\sources\codesrc\libs\freetype\objs\release\ftlcdfil.obj
D:\Games\Pathos Engine\pathos\sources\codesrc\libs\freetype\objs\release\ftlzw.obj
D:\Games\Pathos Engine\pathos\sources\codesrc\libs\freetype\objs\release\ftmm.obj
D:\Games\Pathos Engine\pathos\sources\codesrc\libs\freetype\objs\release\ftotval.obj
D:\Games\Pathos Engine\pathos\sources\codesrc\libs\freetype\objs\release\ftpatent.obj
D:\Games\Pathos Engine\pathos\sources\codesrc\libs\freetype\objs\release\ftpfr.obj
D:\Games\Pathos Engine\pathos\sources\codesrc\libs\freetype\objs\release\ftstroke.obj
D:\Games\Pathos Engine\pathos\sources\codesrc\libs\freetype\objs\release\ftsynth.obj
D:\Games\Pathos Engine\pathos\sources\codesrc\libs\freetype\objs\release\ftsystem.obj
D:\Games\Pathos Engine\pathos\sources\codesrc\libs\freetype\objs\release\fttype1.obj
D:\Games\Pathos Engine\pathos\sources\codesrc\libs\freetype\objs\release\ftwinfnt.obj
D:\Games\Pathos Engine\pathos\sources\codesrc\libs\freetype\objs\release\ftxf86.obj
D:\Games\Pathos Engine\pathos\sources\codesrc\libs\freetype\objs\release\lib.command.1.tlog
D:\Games\Pathos Engine\pathos\sources\codesrc\libs\freetype\objs\release\Lib-link.read.1.tlog
D:\Games\Pathos Engine\pathos\sources\codesrc\libs\freetype\objs\release\Lib-link.write.1.tlog
D:\Games\Pathos Engine\pathos\sources\codesrc\libs\freetype\objs\release\pcf.obj
D:\Games\Pathos Engine\pathos\sources\codesrc\libs\freetype\objs\release\pfr.obj
D:\Games\Pathos Engine\pathos\sources\codesrc\libs\freetype\objs\release\psaux.obj
D:\Games\Pathos Engine\pathos\sources\codesrc\libs\freetype\objs\release\pshinter.obj
D:\Games\Pathos Engine\pathos\sources\codesrc\libs\freetype\objs\release\psmodule.obj
D:\Games\Pathos Engine\pathos\sources\codesrc\libs\freetype\objs\release\raster.obj
D:\Games\Pathos Engine\pathos\sources\codesrc\libs\freetype\objs\release\sfnt.obj
D:\Games\Pathos Engine\pathos\sources\codesrc\libs\freetype\objs\release\smooth.obj
D:\Games\Pathos Engine\pathos\sources\codesrc\libs\freetype\objs\release\truetype.obj
D:\Games\Pathos Engine\pathos\sources\codesrc\libs\freetype\objs\release\type1.obj
D:\Games\Pathos Engine\pathos\sources\codesrc\libs\freetype\objs\release\type1cid.obj
D:\Games\Pathos Engine\pathos\sources\codesrc\libs\freetype\objs\release\type42.obj
D:\Games\Pathos Engine\pathos\sources\codesrc\libs\freetype\objs\release\winfnt.obj
D:\GAMES\PATHOS ENGINE\PATHOS\SOURCES\CODESRC\LIBS\FREETYPE\OBJS\WIN32\VC2010\FREETYPE253.LIB
