D:\Games\Reckoning\reckon\sources\codesrc\libs\zlib\projects\visualc6\.\x64_DLL_Release\zlib.dll.intermediate.manifest
D:\GAMES\RECKONING\RECKON\SOURCES\CODESRC\LIBS\ZLIB\PROJECTS\VISUALC6\X64_DLL_RELEASE\ADLER32.OBJ
D:\Games\Reckoning\reckon\sources\codesrc\libs\zlib\projects\visualc6\x64_DLL_Release\cl.command.1.tlog
D:\Games\Reckoning\reckon\sources\codesrc\libs\zlib\projects\visualc6\x64_DLL_Release\CL.read.1.tlog
D:\Games\Reckoning\reckon\sources\codesrc\libs\zlib\projects\visualc6\x64_DLL_Release\CL.write.1.tlog
D:\GAMES\RECKONING\RECKON\SOURCES\CODESRC\LIBS\ZLIB\PROJECTS\VISUALC6\X64_DLL_RELEASE\COMPRESS.OBJ
D:\GAMES\RECKONING\RECKON\SOURCES\CODESRC\LIBS\ZLIB\PROJECTS\VISUALC6\X64_DLL_RELEASE\CRC32.OBJ
D:\GAMES\RECKONING\RECKON\SOURCES\CODESRC\LIBS\ZLIB\PROJECTS\VISUALC6\X64_DLL_RELEASE\DEFLATE.OBJ
D:\GAMES\RECKONING\RECKON\SOURCES\CODESRC\LIBS\ZLIB\PROJECTS\VISUALC6\X64_DLL_RELEASE\GZIO.OBJ
D:\GAMES\RECKONING\RECKON\SOURCES\CODESRC\LIBS\ZLIB\PROJECTS\VISUALC6\X64_DLL_RELEASE\INFBACK.OBJ
D:\GAMES\RECKONING\RECKON\SOURCES\CODESRC\LIBS\ZLIB\PROJECTS\VISUALC6\X64_DLL_RELEASE\INFFAST.OBJ
D:\GAMES\RECKONING\RECKON\SOURCES\CODESRC\LIBS\ZLIB\PROJECTS\VISUALC6\X64_DLL_RELEASE\INFLATE.OBJ
D:\GAMES\RECKONING\RECKON\SOURCES\CODESRC\LIBS\ZLIB\PROJECTS\VISUALC6\X64_DLL_RELEASE\INFTREES.OBJ
D:\Games\Reckoning\reckon\sources\codesrc\libs\zlib\projects\visualc6\x64_DLL_Release\link.command.1.tlog
D:\Games\Reckoning\reckon\sources\codesrc\libs\zlib\projects\visualc6\x64_DLL_Release\link.read.1.tlog
D:\Games\Reckoning\reckon\sources\codesrc\libs\zlib\projects\visualc6\x64_DLL_Release\link.write.1.tlog
D:\Games\Reckoning\reckon\sources\codesrc\libs\zlib\projects\visualc6\x64_DLL_Release\link-cvtres.read.1.tlog
D:\Games\Reckoning\reckon\sources\codesrc\libs\zlib\projects\visualc6\x64_DLL_Release\link-cvtres.write.1.tlog
D:\Games\Reckoning\reckon\sources\codesrc\libs\zlib\projects\visualc6\x64_DLL_Release\mt.command.1.tlog
D:\Games\Reckoning\reckon\sources\codesrc\libs\zlib\projects\visualc6\x64_DLL_Release\mt.read.1.tlog
D:\Games\Reckoning\reckon\sources\codesrc\libs\zlib\projects\visualc6\x64_DLL_Release\mt.write.1.tlog
D:\Games\Reckoning\reckon\sources\codesrc\libs\zlib\projects\visualc6\x64_DLL_Release\rc.command.1.tlog
D:\Games\Reckoning\reckon\sources\codesrc\libs\zlib\projects\visualc6\x64_DLL_Release\rc.read.1.tlog
D:\Games\Reckoning\reckon\sources\codesrc\libs\zlib\projects\visualc6\x64_DLL_Release\rc.write.1.tlog
D:\GAMES\RECKONING\RECKON\SOURCES\CODESRC\LIBS\ZLIB\PROJECTS\VISUALC6\X64_DLL_RELEASE\TREES.OBJ
D:\GAMES\RECKONING\RECKON\SOURCES\CODESRC\LIBS\ZLIB\PROJECTS\VISUALC6\X64_DLL_RELEASE\UNCOMPR.OBJ
D:\GAMES\RECKONING\RECKON\SOURCES\CODESRC\LIBS\ZLIB\PROJECTS\VISUALC6\X64_DLL_RELEASE\VC100.PDB
D:\GAMES\RECKONING\RECKON\SOURCES\CODESRC\LIBS\ZLIB\PROJECTS\VISUALC6\X64_DLL_RELEASE\ZLIB.DLL.INTERMEDIATE.MANIFEST
D:\Games\Reckoning\reckon\sources\codesrc\libs\zlib\projects\visualc6\x64_DLL_Release\zlib.write.1.tlog
D:\GAMES\RECKONING\RECKON\SOURCES\CODESRC\LIBS\ZLIB\PROJECTS\VISUALC6\X64_DLL_RELEASE\ZLIB1.DLL
D:\Games\Reckoning\reckon\sources\codesrc\libs\zlib\projects\visualc6\x64_DLL_Release\zlib1.exp
D:\Games\Reckoning\reckon\sources\codesrc\libs\zlib\projects\visualc6\x64_DLL_Release\zlib1.lib
D:\GAMES\RECKONING\RECKON\SOURCES\CODESRC\LIBS\ZLIB\PROJECTS\VISUALC6\X64_DLL_RELEASE\ZLIB1.RES
D:\GAMES\RECKONING\RECKON\SOURCES\CODESRC\LIBS\ZLIB\PROJECTS\VISUALC6\X64_DLL_RELEASE\ZUTIL.OBJ
