D:\Games\Pathos Engine\pathos\sources\codesrc\libs\sdl2.0\VisualC\SDL\Win32\Debug\cl.command.1.tlog
D:\Games\Pathos Engine\pathos\sources\codesrc\libs\sdl2.0\VisualC\SDL\Win32\Debug\CL.read.1.tlog
D:\Games\Pathos Engine\pathos\sources\codesrc\libs\sdl2.0\VisualC\SDL\Win32\Debug\CL.write.1.tlog
D:\GAMES\PATHOS ENGINE\PATHOS\SOURCES\CODESRC\LIBS\SDL2.0\VISUALC\SDL\WIN32\DEBUG\E_ATAN2.OBJ
D:\GAMES\PATHOS ENGINE\PATHOS\SOURCES\CODESRC\LIBS\SDL2.0\VISUALC\SDL\WIN32\DEBUG\E_EXP.OBJ
D:\GAMES\PATHOS ENGINE\PATHOS\SOURCES\CODESRC\LIBS\SDL2.0\VISUALC\SDL\WIN32\DEBUG\E_FMOD.OBJ
D:\GAMES\PATHOS ENGINE\PATHOS\SOURCES\CODESRC\LIBS\SDL2.0\VISUALC\SDL\WIN32\DEBUG\E_LOG.OBJ
D:\GAMES\PATHOS ENGINE\PATHOS\SOURCES\CODESRC\LIBS\SDL2.0\VISUALC\SDL\WIN32\DEBUG\E_LOG10.OBJ
D:\GAMES\PATHOS ENGINE\PATHOS\SOURCES\CODESRC\LIBS\SDL2.0\VISUALC\SDL\WIN32\DEBUG\E_POW.OBJ
D:\GAMES\PATHOS ENGINE\PATHOS\SOURCES\CODESRC\LIBS\SDL2.0\VISUALC\SDL\WIN32\DEBUG\E_REM_PIO2.OBJ
D:\GAMES\PATHOS ENGINE\PATHOS\SOURCES\CODESRC\LIBS\SDL2.0\VISUALC\SDL\WIN32\DEBUG\E_SQRT.OBJ
D:\GAMES\PATHOS ENGINE\PATHOS\SOURCES\CODESRC\LIBS\SDL2.0\VISUALC\SDL\WIN32\DEBUG\HID.OBJ
D:\GAMES\PATHOS ENGINE\PATHOS\SOURCES\CODESRC\LIBS\SDL2.0\VISUALC\SDL\WIN32\DEBUG\K_COS.OBJ
D:\GAMES\PATHOS ENGINE\PATHOS\SOURCES\CODESRC\LIBS\SDL2.0\VISUALC\SDL\WIN32\DEBUG\K_REM_PIO2.OBJ
D:\GAMES\PATHOS ENGINE\PATHOS\SOURCES\CODESRC\LIBS\SDL2.0\VISUALC\SDL\WIN32\DEBUG\K_SIN.OBJ
D:\GAMES\PATHOS ENGINE\PATHOS\SOURCES\CODESRC\LIBS\SDL2.0\VISUALC\SDL\WIN32\DEBUG\K_TAN.OBJ
D:\Games\Pathos Engine\pathos\sources\codesrc\libs\sdl2.0\VisualC\SDL\Win32\Debug\link.command.1.tlog
D:\Games\Pathos Engine\pathos\sources\codesrc\libs\sdl2.0\VisualC\SDL\Win32\Debug\link.read.1.tlog
D:\Games\Pathos Engine\pathos\sources\codesrc\libs\sdl2.0\VisualC\SDL\Win32\Debug\link.write.1.tlog
D:\Games\Pathos Engine\pathos\sources\codesrc\libs\sdl2.0\VisualC\SDL\Win32\Debug\link-cvtres.read.1.tlog
D:\Games\Pathos Engine\pathos\sources\codesrc\libs\sdl2.0\VisualC\SDL\Win32\Debug\link-cvtres.write.1.tlog
D:\Games\Pathos Engine\pathos\sources\codesrc\libs\sdl2.0\VisualC\SDL\Win32\Debug\mt.command.1.tlog
D:\Games\Pathos Engine\pathos\sources\codesrc\libs\sdl2.0\VisualC\SDL\Win32\Debug\mt.read.1.tlog
D:\Games\Pathos Engine\pathos\sources\codesrc\libs\sdl2.0\VisualC\SDL\Win32\Debug\mt.write.1.tlog
D:\Games\Pathos Engine\pathos\sources\codesrc\libs\sdl2.0\VisualC\SDL\Win32\Debug\rc.command.1.tlog
D:\Games\Pathos Engine\pathos\sources\codesrc\libs\sdl2.0\VisualC\SDL\Win32\Debug\rc.read.1.tlog
D:\Games\Pathos Engine\pathos\sources\codesrc\libs\sdl2.0\VisualC\SDL\Win32\Debug\rc.write.1.tlog
D:\GAMES\PATHOS ENGINE\PATHOS\SOURCES\CODESRC\LIBS\SDL2.0\VISUALC\SDL\WIN32\DEBUG\S_ATAN.OBJ
D:\GAMES\PATHOS ENGINE\PATHOS\SOURCES\CODESRC\LIBS\SDL2.0\VISUALC\SDL\WIN32\DEBUG\S_COPYSIGN.OBJ
D:\GAMES\PATHOS ENGINE\PATHOS\SOURCES\CODESRC\LIBS\SDL2.0\VISUALC\SDL\WIN32\DEBUG\S_COS.OBJ
D:\GAMES\PATHOS ENGINE\PATHOS\SOURCES\CODESRC\LIBS\SDL2.0\VISUALC\SDL\WIN32\DEBUG\S_FABS.OBJ
D:\GAMES\PATHOS ENGINE\PATHOS\SOURCES\CODESRC\LIBS\SDL2.0\VISUALC\SDL\WIN32\DEBUG\S_FLOOR.OBJ
D:\GAMES\PATHOS ENGINE\PATHOS\SOURCES\CODESRC\LIBS\SDL2.0\VISUALC\SDL\WIN32\DEBUG\S_SCALBN.OBJ
D:\GAMES\PATHOS ENGINE\PATHOS\SOURCES\CODESRC\LIBS\SDL2.0\VISUALC\SDL\WIN32\DEBUG\S_SIN.OBJ
D:\GAMES\PATHOS ENGINE\PATHOS\SOURCES\CODESRC\LIBS\SDL2.0\VISUALC\SDL\WIN32\DEBUG\S_TAN.OBJ
D:\GAMES\PATHOS ENGINE\PATHOS\SOURCES\CODESRC\LIBS\SDL2.0\VISUALC\SDL\WIN32\DEBUG\SDL.OBJ
D:\Games\Pathos Engine\pathos\sources\codesrc\libs\sdl2.0\VisualC\SDL\Win32\Debug\SDL.vcxprojResolveAssemblyReference.cache
D:\GAMES\PATHOS ENGINE\PATHOS\SOURCES\CODESRC\LIBS\SDL2.0\VISUALC\SDL\WIN32\DEBUG\SDL_ASSERT.OBJ
D:\GAMES\PATHOS ENGINE\PATHOS\SOURCES\CODESRC\LIBS\SDL2.0\VISUALC\SDL\WIN32\DEBUG\SDL_ATOMIC.OBJ
D:\GAMES\PATHOS ENGINE\PATHOS\SOURCES\CODESRC\LIBS\SDL2.0\VISUALC\SDL\WIN32\DEBUG\SDL_AUDIO.OBJ
D:\GAMES\PATHOS ENGINE\PATHOS\SOURCES\CODESRC\LIBS\SDL2.0\VISUALC\SDL\WIN32\DEBUG\SDL_AUDIOCVT.OBJ
D:\GAMES\PATHOS ENGINE\PATHOS\SOURCES\CODESRC\LIBS\SDL2.0\VISUALC\SDL\WIN32\DEBUG\SDL_AUDIODEV.OBJ
D:\GAMES\PATHOS ENGINE\PATHOS\SOURCES\CODESRC\LIBS\SDL2.0\VISUALC\SDL\WIN32\DEBUG\SDL_AUDIOTYPECVT.OBJ
D:\GAMES\PATHOS ENGINE\PATHOS\SOURCES\CODESRC\LIBS\SDL2.0\VISUALC\SDL\WIN32\DEBUG\SDL_BLENDFILLRECT.OBJ
D:\GAMES\PATHOS ENGINE\PATHOS\SOURCES\CODESRC\LIBS\SDL2.0\VISUALC\SDL\WIN32\DEBUG\SDL_BLENDLINE.OBJ
D:\GAMES\PATHOS ENGINE\PATHOS\SOURCES\CODESRC\LIBS\SDL2.0\VISUALC\SDL\WIN32\DEBUG\SDL_BLENDPOINT.OBJ
D:\GAMES\PATHOS ENGINE\PATHOS\SOURCES\CODESRC\LIBS\SDL2.0\VISUALC\SDL\WIN32\DEBUG\SDL_BLIT.OBJ
D:\GAMES\PATHOS ENGINE\PATHOS\SOURCES\CODESRC\LIBS\SDL2.0\VISUALC\SDL\WIN32\DEBUG\SDL_BLIT_0.OBJ
D:\GAMES\PATHOS ENGINE\PATHOS\SOURCES\CODESRC\LIBS\SDL2.0\VISUALC\SDL\WIN32\DEBUG\SDL_BLIT_1.OBJ
D:\GAMES\PATHOS ENGINE\PATHOS\SOURCES\CODESRC\LIBS\SDL2.0\VISUALC\SDL\WIN32\DEBUG\SDL_BLIT_A.OBJ
D:\GAMES\PATHOS ENGINE\PATHOS\SOURCES\CODESRC\LIBS\SDL2.0\VISUALC\SDL\WIN32\DEBUG\SDL_BLIT_AUTO.OBJ
D:\GAMES\PATHOS ENGINE\PATHOS\SOURCES\CODESRC\LIBS\SDL2.0\VISUALC\SDL\WIN32\DEBUG\SDL_BLIT_COPY.OBJ
D:\GAMES\PATHOS ENGINE\PATHOS\SOURCES\CODESRC\LIBS\SDL2.0\VISUALC\SDL\WIN32\DEBUG\SDL_BLIT_N.OBJ
D:\GAMES\PATHOS ENGINE\PATHOS\SOURCES\CODESRC\LIBS\SDL2.0\VISUALC\SDL\WIN32\DEBUG\SDL_BLIT_SLOW.OBJ
D:\GAMES\PATHOS ENGINE\PATHOS\SOURCES\CODESRC\LIBS\SDL2.0\VISUALC\SDL\WIN32\DEBUG\SDL_BMP.OBJ
D:\GAMES\PATHOS ENGINE\PATHOS\SOURCES\CODESRC\LIBS\SDL2.0\VISUALC\SDL\WIN32\DEBUG\SDL_CLIPBOARD.OBJ
D:\GAMES\PATHOS ENGINE\PATHOS\SOURCES\CODESRC\LIBS\SDL2.0\VISUALC\SDL\WIN32\DEBUG\SDL_CLIPBOARDEVENTS.OBJ
D:\GAMES\PATHOS ENGINE\PATHOS\SOURCES\CODESRC\LIBS\SDL2.0\VISUALC\SDL\WIN32\DEBUG\SDL_CPUINFO.OBJ
D:\GAMES\PATHOS ENGINE\PATHOS\SOURCES\CODESRC\LIBS\SDL2.0\VISUALC\SDL\WIN32\DEBUG\SDL_D3DMATH.OBJ
D:\GAMES\PATHOS ENGINE\PATHOS\SOURCES\CODESRC\LIBS\SDL2.0\VISUALC\SDL\WIN32\DEBUG\SDL_DATAQUEUE.OBJ
D:\GAMES\PATHOS ENGINE\PATHOS\SOURCES\CODESRC\LIBS\SDL2.0\VISUALC\SDL\WIN32\DEBUG\SDL_DINPUTHAPTIC.OBJ
D:\GAMES\PATHOS ENGINE\PATHOS\SOURCES\CODESRC\LIBS\SDL2.0\VISUALC\SDL\WIN32\DEBUG\SDL_DINPUTJOYSTICK.OBJ
D:\GAMES\PATHOS ENGINE\PATHOS\SOURCES\CODESRC\LIBS\SDL2.0\VISUALC\SDL\WIN32\DEBUG\SDL_DIRECTSOUND.OBJ
D:\GAMES\PATHOS ENGINE\PATHOS\SOURCES\CODESRC\LIBS\SDL2.0\VISUALC\SDL\WIN32\DEBUG\SDL_DISKAUDIO.OBJ
D:\GAMES\PATHOS ENGINE\PATHOS\SOURCES\CODESRC\LIBS\SDL2.0\VISUALC\SDL\WIN32\DEBUG\SDL_DISPLAYEVENTS.OBJ
D:\GAMES\PATHOS ENGINE\PATHOS\SOURCES\CODESRC\LIBS\SDL2.0\VISUALC\SDL\WIN32\DEBUG\SDL_DRAWLINE.OBJ
D:\GAMES\PATHOS ENGINE\PATHOS\SOURCES\CODESRC\LIBS\SDL2.0\VISUALC\SDL\WIN32\DEBUG\SDL_DRAWPOINT.OBJ
D:\GAMES\PATHOS ENGINE\PATHOS\SOURCES\CODESRC\LIBS\SDL2.0\VISUALC\SDL\WIN32\DEBUG\SDL_DROPEVENTS.OBJ
D:\GAMES\PATHOS ENGINE\PATHOS\SOURCES\CODESRC\LIBS\SDL2.0\VISUALC\SDL\WIN32\DEBUG\SDL_DUMMYAUDIO.OBJ
D:\GAMES\PATHOS ENGINE\PATHOS\SOURCES\CODESRC\LIBS\SDL2.0\VISUALC\SDL\WIN32\DEBUG\SDL_DUMMYSENSOR.OBJ
D:\GAMES\PATHOS ENGINE\PATHOS\SOURCES\CODESRC\LIBS\SDL2.0\VISUALC\SDL\WIN32\DEBUG\SDL_DYNAPI.OBJ
D:\GAMES\PATHOS ENGINE\PATHOS\SOURCES\CODESRC\LIBS\SDL2.0\VISUALC\SDL\WIN32\DEBUG\SDL_EGL.OBJ
D:\GAMES\PATHOS ENGINE\PATHOS\SOURCES\CODESRC\LIBS\SDL2.0\VISUALC\SDL\WIN32\DEBUG\SDL_ERROR.OBJ
D:\GAMES\PATHOS ENGINE\PATHOS\SOURCES\CODESRC\LIBS\SDL2.0\VISUALC\SDL\WIN32\DEBUG\SDL_EVENTS.OBJ
D:\GAMES\PATHOS ENGINE\PATHOS\SOURCES\CODESRC\LIBS\SDL2.0\VISUALC\SDL\WIN32\DEBUG\SDL_FILLRECT.OBJ
D:\GAMES\PATHOS ENGINE\PATHOS\SOURCES\CODESRC\LIBS\SDL2.0\VISUALC\SDL\WIN32\DEBUG\SDL_GAMECONTROLLER.OBJ
D:\GAMES\PATHOS ENGINE\PATHOS\SOURCES\CODESRC\LIBS\SDL2.0\VISUALC\SDL\WIN32\DEBUG\SDL_GESTURE.OBJ
D:\GAMES\PATHOS ENGINE\PATHOS\SOURCES\CODESRC\LIBS\SDL2.0\VISUALC\SDL\WIN32\DEBUG\SDL_GETENV.OBJ
D:\GAMES\PATHOS ENGINE\PATHOS\SOURCES\CODESRC\LIBS\SDL2.0\VISUALC\SDL\WIN32\DEBUG\SDL_HAPTIC.OBJ
D:\GAMES\PATHOS ENGINE\PATHOS\SOURCES\CODESRC\LIBS\SDL2.0\VISUALC\SDL\WIN32\DEBUG\SDL_HIDAPI_PS4.OBJ
D:\GAMES\PATHOS ENGINE\PATHOS\SOURCES\CODESRC\LIBS\SDL2.0\VISUALC\SDL\WIN32\DEBUG\SDL_HIDAPI_SWITCH.OBJ
D:\GAMES\PATHOS ENGINE\PATHOS\SOURCES\CODESRC\LIBS\SDL2.0\VISUALC\SDL\WIN32\DEBUG\SDL_HIDAPI_XBOX360.OBJ
D:\GAMES\PATHOS ENGINE\PATHOS\SOURCES\CODESRC\LIBS\SDL2.0\VISUALC\SDL\WIN32\DEBUG\SDL_HIDAPI_XBOXONE.OBJ
D:\GAMES\PATHOS ENGINE\PATHOS\SOURCES\CODESRC\LIBS\SDL2.0\VISUALC\SDL\WIN32\DEBUG\SDL_HIDAPIJOYSTICK.OBJ
D:\GAMES\PATHOS ENGINE\PATHOS\SOURCES\CODESRC\LIBS\SDL2.0\VISUALC\SDL\WIN32\DEBUG\SDL_HINTS.OBJ
D:\GAMES\PATHOS ENGINE\PATHOS\SOURCES\CODESRC\LIBS\SDL2.0\VISUALC\SDL\WIN32\DEBUG\SDL_ICONV.OBJ
D:\GAMES\PATHOS ENGINE\PATHOS\SOURCES\CODESRC\LIBS\SDL2.0\VISUALC\SDL\WIN32\DEBUG\SDL_JOYSTICK.OBJ
D:\GAMES\PATHOS ENGINE\PATHOS\SOURCES\CODESRC\LIBS\SDL2.0\VISUALC\SDL\WIN32\DEBUG\SDL_KEYBOARD.OBJ
D:\GAMES\PATHOS ENGINE\PATHOS\SOURCES\CODESRC\LIBS\SDL2.0\VISUALC\SDL\WIN32\DEBUG\SDL_LOG.OBJ
D:\GAMES\PATHOS ENGINE\PATHOS\SOURCES\CODESRC\LIBS\SDL2.0\VISUALC\SDL\WIN32\DEBUG\SDL_MALLOC.OBJ
D:\GAMES\PATHOS ENGINE\PATHOS\SOURCES\CODESRC\LIBS\SDL2.0\VISUALC\SDL\WIN32\DEBUG\SDL_MIXER.OBJ
D:\GAMES\PATHOS ENGINE\PATHOS\SOURCES\CODESRC\LIBS\SDL2.0\VISUALC\SDL\WIN32\DEBUG\SDL_MMJOYSTICK.OBJ
D:\GAMES\PATHOS ENGINE\PATHOS\SOURCES\CODESRC\LIBS\SDL2.0\VISUALC\SDL\WIN32\DEBUG\SDL_MOUSE.OBJ
D:\GAMES\PATHOS ENGINE\PATHOS\SOURCES\CODESRC\LIBS\SDL2.0\VISUALC\SDL\WIN32\DEBUG\SDL_NULLEVENTS.OBJ
D:\GAMES\PATHOS ENGINE\PATHOS\SOURCES\CODESRC\LIBS\SDL2.0\VISUALC\SDL\WIN32\DEBUG\SDL_NULLFRAMEBUFFER.OBJ
D:\GAMES\PATHOS ENGINE\PATHOS\SOURCES\CODESRC\LIBS\SDL2.0\VISUALC\SDL\WIN32\DEBUG\SDL_NULLVIDEO.OBJ
D:\GAMES\PATHOS ENGINE\PATHOS\SOURCES\CODESRC\LIBS\SDL2.0\VISUALC\SDL\WIN32\DEBUG\SDL_PIXELS.OBJ
D:\GAMES\PATHOS ENGINE\PATHOS\SOURCES\CODESRC\LIBS\SDL2.0\VISUALC\SDL\WIN32\DEBUG\SDL_POWER.OBJ
D:\GAMES\PATHOS ENGINE\PATHOS\SOURCES\CODESRC\LIBS\SDL2.0\VISUALC\SDL\WIN32\DEBUG\SDL_QSORT.OBJ
D:\GAMES\PATHOS ENGINE\PATHOS\SOURCES\CODESRC\LIBS\SDL2.0\VISUALC\SDL\WIN32\DEBUG\SDL_QUIT.OBJ
D:\GAMES\PATHOS ENGINE\PATHOS\SOURCES\CODESRC\LIBS\SDL2.0\VISUALC\SDL\WIN32\DEBUG\SDL_RECT.OBJ
D:\GAMES\PATHOS ENGINE\PATHOS\SOURCES\CODESRC\LIBS\SDL2.0\VISUALC\SDL\WIN32\DEBUG\SDL_RENDER.OBJ
D:\GAMES\PATHOS ENGINE\PATHOS\SOURCES\CODESRC\LIBS\SDL2.0\VISUALC\SDL\WIN32\DEBUG\SDL_RENDER_D3D.OBJ
D:\GAMES\PATHOS ENGINE\PATHOS\SOURCES\CODESRC\LIBS\SDL2.0\VISUALC\SDL\WIN32\DEBUG\SDL_RENDER_D3D11.OBJ
D:\GAMES\PATHOS ENGINE\PATHOS\SOURCES\CODESRC\LIBS\SDL2.0\VISUALC\SDL\WIN32\DEBUG\SDL_RENDER_GL.OBJ
D:\GAMES\PATHOS ENGINE\PATHOS\SOURCES\CODESRC\LIBS\SDL2.0\VISUALC\SDL\WIN32\DEBUG\SDL_RENDER_GLES2.OBJ
D:\GAMES\PATHOS ENGINE\PATHOS\SOURCES\CODESRC\LIBS\SDL2.0\VISUALC\SDL\WIN32\DEBUG\SDL_RENDER_SW.OBJ
D:\GAMES\PATHOS ENGINE\PATHOS\SOURCES\CODESRC\LIBS\SDL2.0\VISUALC\SDL\WIN32\DEBUG\SDL_RLEACCEL.OBJ
D:\GAMES\PATHOS ENGINE\PATHOS\SOURCES\CODESRC\LIBS\SDL2.0\VISUALC\SDL\WIN32\DEBUG\SDL_ROTATE.OBJ
D:\GAMES\PATHOS ENGINE\PATHOS\SOURCES\CODESRC\LIBS\SDL2.0\VISUALC\SDL\WIN32\DEBUG\SDL_RWOPS.OBJ
D:\GAMES\PATHOS ENGINE\PATHOS\SOURCES\CODESRC\LIBS\SDL2.0\VISUALC\SDL\WIN32\DEBUG\SDL_SENSOR.OBJ
D:\GAMES\PATHOS ENGINE\PATHOS\SOURCES\CODESRC\LIBS\SDL2.0\VISUALC\SDL\WIN32\DEBUG\SDL_SHADERS_D3D.OBJ
D:\GAMES\PATHOS ENGINE\PATHOS\SOURCES\CODESRC\LIBS\SDL2.0\VISUALC\SDL\WIN32\DEBUG\SDL_SHADERS_D3D11.OBJ
D:\GAMES\PATHOS ENGINE\PATHOS\SOURCES\CODESRC\LIBS\SDL2.0\VISUALC\SDL\WIN32\DEBUG\SDL_SHADERS_GL.OBJ
D:\GAMES\PATHOS ENGINE\PATHOS\SOURCES\CODESRC\LIBS\SDL2.0\VISUALC\SDL\WIN32\DEBUG\SDL_SHADERS_GLES2.OBJ
D:\GAMES\PATHOS ENGINE\PATHOS\SOURCES\CODESRC\LIBS\SDL2.0\VISUALC\SDL\WIN32\DEBUG\SDL_SHAPE.OBJ
D:\GAMES\PATHOS ENGINE\PATHOS\SOURCES\CODESRC\LIBS\SDL2.0\VISUALC\SDL\WIN32\DEBUG\SDL_SPINLOCK.OBJ
D:\GAMES\PATHOS ENGINE\PATHOS\SOURCES\CODESRC\LIBS\SDL2.0\VISUALC\SDL\WIN32\DEBUG\SDL_STDLIB.OBJ
D:\GAMES\PATHOS ENGINE\PATHOS\SOURCES\CODESRC\LIBS\SDL2.0\VISUALC\SDL\WIN32\DEBUG\SDL_STRETCH.OBJ
D:\GAMES\PATHOS ENGINE\PATHOS\SOURCES\CODESRC\LIBS\SDL2.0\VISUALC\SDL\WIN32\DEBUG\SDL_STRING.OBJ
D:\GAMES\PATHOS ENGINE\PATHOS\SOURCES\CODESRC\LIBS\SDL2.0\VISUALC\SDL\WIN32\DEBUG\SDL_SURFACE.OBJ
D:\GAMES\PATHOS ENGINE\PATHOS\SOURCES\CODESRC\LIBS\SDL2.0\VISUALC\SDL\WIN32\DEBUG\SDL_SYSCOND.OBJ
D:\GAMES\PATHOS ENGINE\PATHOS\SOURCES\CODESRC\LIBS\SDL2.0\VISUALC\SDL\WIN32\DEBUG\SDL_SYSFILESYSTEM.OBJ
D:\GAMES\PATHOS ENGINE\PATHOS\SOURCES\CODESRC\LIBS\SDL2.0\VISUALC\SDL\WIN32\DEBUG\SDL_SYSLOADSO.OBJ
D:\GAMES\PATHOS ENGINE\PATHOS\SOURCES\CODESRC\LIBS\SDL2.0\VISUALC\SDL\WIN32\DEBUG\SDL_SYSMUTEX.OBJ
D:\GAMES\PATHOS ENGINE\PATHOS\SOURCES\CODESRC\LIBS\SDL2.0\VISUALC\SDL\WIN32\DEBUG\SDL_SYSPOWER.OBJ
D:\GAMES\PATHOS ENGINE\PATHOS\SOURCES\CODESRC\LIBS\SDL2.0\VISUALC\SDL\WIN32\DEBUG\SDL_SYSSEM.OBJ
D:\GAMES\PATHOS ENGINE\PATHOS\SOURCES\CODESRC\LIBS\SDL2.0\VISUALC\SDL\WIN32\DEBUG\SDL_SYSTHREAD.OBJ
D:\GAMES\PATHOS ENGINE\PATHOS\SOURCES\CODESRC\LIBS\SDL2.0\VISUALC\SDL\WIN32\DEBUG\SDL_SYSTIMER.OBJ
D:\GAMES\PATHOS ENGINE\PATHOS\SOURCES\CODESRC\LIBS\SDL2.0\VISUALC\SDL\WIN32\DEBUG\SDL_SYSTLS.OBJ
D:\GAMES\PATHOS ENGINE\PATHOS\SOURCES\CODESRC\LIBS\SDL2.0\VISUALC\SDL\WIN32\DEBUG\SDL_THREAD.OBJ
D:\GAMES\PATHOS ENGINE\PATHOS\SOURCES\CODESRC\LIBS\SDL2.0\VISUALC\SDL\WIN32\DEBUG\SDL_TIMER.OBJ
D:\GAMES\PATHOS ENGINE\PATHOS\SOURCES\CODESRC\LIBS\SDL2.0\VISUALC\SDL\WIN32\DEBUG\SDL_TOUCH.OBJ
D:\GAMES\PATHOS ENGINE\PATHOS\SOURCES\CODESRC\LIBS\SDL2.0\VISUALC\SDL\WIN32\DEBUG\SDL_VIDEO.OBJ
D:\GAMES\PATHOS ENGINE\PATHOS\SOURCES\CODESRC\LIBS\SDL2.0\VISUALC\SDL\WIN32\DEBUG\SDL_VULKAN_UTILS.OBJ
D:\GAMES\PATHOS ENGINE\PATHOS\SOURCES\CODESRC\LIBS\SDL2.0\VISUALC\SDL\WIN32\DEBUG\SDL_WASAPI.OBJ
D:\GAMES\PATHOS ENGINE\PATHOS\SOURCES\CODESRC\LIBS\SDL2.0\VISUALC\SDL\WIN32\DEBUG\SDL_WASAPI_WIN32.OBJ
D:\GAMES\PATHOS ENGINE\PATHOS\SOURCES\CODESRC\LIBS\SDL2.0\VISUALC\SDL\WIN32\DEBUG\SDL_WAVE.OBJ
D:\GAMES\PATHOS ENGINE\PATHOS\SOURCES\CODESRC\LIBS\SDL2.0\VISUALC\SDL\WIN32\DEBUG\SDL_WINDOWEVENTS.OBJ
D:\GAMES\PATHOS ENGINE\PATHOS\SOURCES\CODESRC\LIBS\SDL2.0\VISUALC\SDL\WIN32\DEBUG\SDL_WINDOWS.OBJ
D:\GAMES\PATHOS ENGINE\PATHOS\SOURCES\CODESRC\LIBS\SDL2.0\VISUALC\SDL\WIN32\DEBUG\SDL_WINDOWSCLIPBOARD.OBJ
D:\GAMES\PATHOS ENGINE\PATHOS\SOURCES\CODESRC\LIBS\SDL2.0\VISUALC\SDL\WIN32\DEBUG\SDL_WINDOWSEVENTS.OBJ
D:\GAMES\PATHOS ENGINE\PATHOS\SOURCES\CODESRC\LIBS\SDL2.0\VISUALC\SDL\WIN32\DEBUG\SDL_WINDOWSFRAMEBUFFER.OBJ
D:\GAMES\PATHOS ENGINE\PATHOS\SOURCES\CODESRC\LIBS\SDL2.0\VISUALC\SDL\WIN32\DEBUG\SDL_WINDOWSHAPTIC.OBJ
D:\GAMES\PATHOS ENGINE\PATHOS\SOURCES\CODESRC\LIBS\SDL2.0\VISUALC\SDL\WIN32\DEBUG\SDL_WINDOWSJOYSTICK.OBJ
D:\GAMES\PATHOS ENGINE\PATHOS\SOURCES\CODESRC\LIBS\SDL2.0\VISUALC\SDL\WIN32\DEBUG\SDL_WINDOWSKEYBOARD.OBJ
D:\GAMES\PATHOS ENGINE\PATHOS\SOURCES\CODESRC\LIBS\SDL2.0\VISUALC\SDL\WIN32\DEBUG\SDL_WINDOWSMESSAGEBOX.OBJ
D:\GAMES\PATHOS ENGINE\PATHOS\SOURCES\CODESRC\LIBS\SDL2.0\VISUALC\SDL\WIN32\DEBUG\SDL_WINDOWSMODES.OBJ
D:\GAMES\PATHOS ENGINE\PATHOS\SOURCES\CODESRC\LIBS\SDL2.0\VISUALC\SDL\WIN32\DEBUG\SDL_WINDOWSMOUSE.OBJ
D:\GAMES\PATHOS ENGINE\PATHOS\SOURCES\CODESRC\LIBS\SDL2.0\VISUALC\SDL\WIN32\DEBUG\SDL_WINDOWSOPENGL.OBJ
D:\GAMES\PATHOS ENGINE\PATHOS\SOURCES\CODESRC\LIBS\SDL2.0\VISUALC\SDL\WIN32\DEBUG\SDL_WINDOWSOPENGLES.OBJ
D:\GAMES\PATHOS ENGINE\PATHOS\SOURCES\CODESRC\LIBS\SDL2.0\VISUALC\SDL\WIN32\DEBUG\SDL_WINDOWSSHAPE.OBJ
D:\GAMES\PATHOS ENGINE\PATHOS\SOURCES\CODESRC\LIBS\SDL2.0\VISUALC\SDL\WIN32\DEBUG\SDL_WINDOWSVIDEO.OBJ
D:\GAMES\PATHOS ENGINE\PATHOS\SOURCES\CODESRC\LIBS\SDL2.0\VISUALC\SDL\WIN32\DEBUG\SDL_WINDOWSVULKAN.OBJ
D:\GAMES\PATHOS ENGINE\PATHOS\SOURCES\CODESRC\LIBS\SDL2.0\VISUALC\SDL\WIN32\DEBUG\SDL_WINDOWSWINDOW.OBJ
D:\GAMES\PATHOS ENGINE\PATHOS\SOURCES\CODESRC\LIBS\SDL2.0\VISUALC\SDL\WIN32\DEBUG\SDL_WINMM.OBJ
D:\GAMES\PATHOS ENGINE\PATHOS\SOURCES\CODESRC\LIBS\SDL2.0\VISUALC\SDL\WIN32\DEBUG\SDL_XINPUT.OBJ
D:\GAMES\PATHOS ENGINE\PATHOS\SOURCES\CODESRC\LIBS\SDL2.0\VISUALC\SDL\WIN32\DEBUG\SDL_XINPUTHAPTIC.OBJ
D:\GAMES\PATHOS ENGINE\PATHOS\SOURCES\CODESRC\LIBS\SDL2.0\VISUALC\SDL\WIN32\DEBUG\SDL_XINPUTJOYSTICK.OBJ
D:\GAMES\PATHOS ENGINE\PATHOS\SOURCES\CODESRC\LIBS\SDL2.0\VISUALC\SDL\WIN32\DEBUG\SDL_YUV.OBJ
D:\GAMES\PATHOS ENGINE\PATHOS\SOURCES\CODESRC\LIBS\SDL2.0\VISUALC\SDL\WIN32\DEBUG\SDL_YUV_SW.OBJ
D:\GAMES\PATHOS ENGINE\PATHOS\SOURCES\CODESRC\LIBS\SDL2.0\VISUALC\SDL\WIN32\DEBUG\SDL2.DLL.INTERMEDIATE.MANIFEST
D:\Games\Pathos Engine\pathos\sources\codesrc\libs\sdl2.0\VisualC\SDL\Win32\Debug\SDL2.write.1.tlog
D:\GAMES\PATHOS ENGINE\PATHOS\SOURCES\CODESRC\LIBS\SDL2.0\VISUALC\SDL\WIN32\DEBUG\VERSION.RES
D:\GAMES\PATHOS ENGINE\PATHOS\SOURCES\CODESRC\LIBS\SDL2.0\VISUALC\SDL\WIN32\DEBUG\YUV_RGB.OBJ
D:\GAMES\PATHOS ENGINE\PATHOS\SOURCES\CODESRC\WIN32\DEBUG\SDL2.DLL
D:\Games\Pathos Engine\pathos\sources\codesrc\Win32\Debug\SDL2.exp
D:\GAMES\PATHOS ENGINE\PATHOS\SOURCES\CODESRC\WIN32\DEBUG\SDL2.ILK
D:\Games\Pathos Engine\pathos\sources\codesrc\Win32\Debug\SDL2.lib
D:\GAMES\PATHOS ENGINE\PATHOS\SOURCES\CODESRC\WIN32\DEBUG\SDL2.PDB
D:\GAMES\PATHOSPUBLIC\RECKON\SOURCES\CODESRC\LIBS\SDL2.0\VISUALC\SDL\WIN32\DEBUG\E_ATAN2.OBJ
D:\GAMES\PATHOSPUBLIC\RECKON\SOURCES\CODESRC\LIBS\SDL2.0\VISUALC\SDL\WIN32\DEBUG\E_EXP.OBJ
D:\GAMES\PATHOSPUBLIC\RECKON\SOURCES\CODESRC\LIBS\SDL2.0\VISUALC\SDL\WIN32\DEBUG\E_FMOD.OBJ
D:\GAMES\PATHOSPUBLIC\RECKON\SOURCES\CODESRC\LIBS\SDL2.0\VISUALC\SDL\WIN32\DEBUG\E_LOG.OBJ
D:\GAMES\PATHOSPUBLIC\RECKON\SOURCES\CODESRC\LIBS\SDL2.0\VISUALC\SDL\WIN32\DEBUG\E_LOG10.OBJ
D:\GAMES\PATHOSPUBLIC\RECKON\SOURCES\CODESRC\LIBS\SDL2.0\VISUALC\SDL\WIN32\DEBUG\E_POW.OBJ
D:\GAMES\PATHOSPUBLIC\RECKON\SOURCES\CODESRC\LIBS\SDL2.0\VISUALC\SDL\WIN32\DEBUG\E_REM_PIO2.OBJ
D:\GAMES\PATHOSPUBLIC\RECKON\SOURCES\CODESRC\LIBS\SDL2.0\VISUALC\SDL\WIN32\DEBUG\E_SQRT.OBJ
D:\GAMES\PATHOSPUBLIC\RECKON\SOURCES\CODESRC\LIBS\SDL2.0\VISUALC\SDL\WIN32\DEBUG\HID.OBJ
D:\GAMES\PATHOSPUBLIC\RECKON\SOURCES\CODESRC\LIBS\SDL2.0\VISUALC\SDL\WIN32\DEBUG\K_COS.OBJ
D:\GAMES\PATHOSPUBLIC\RECKON\SOURCES\CODESRC\LIBS\SDL2.0\VISUALC\SDL\WIN32\DEBUG\K_REM_PIO2.OBJ
D:\GAMES\PATHOSPUBLIC\RECKON\SOURCES\CODESRC\LIBS\SDL2.0\VISUALC\SDL\WIN32\DEBUG\K_SIN.OBJ
D:\GAMES\PATHOSPUBLIC\RECKON\SOURCES\CODESRC\LIBS\SDL2.0\VISUALC\SDL\WIN32\DEBUG\K_TAN.OBJ
D:\GAMES\PATHOSPUBLIC\RECKON\SOURCES\CODESRC\LIBS\SDL2.0\VISUALC\SDL\WIN32\DEBUG\S_ATAN.OBJ
D:\GAMES\PATHOSPUBLIC\RECKON\SOURCES\CODESRC\LIBS\SDL2.0\VISUALC\SDL\WIN32\DEBUG\S_COPYSIGN.OBJ
D:\GAMES\PATHOSPUBLIC\RECKON\SOURCES\CODESRC\LIBS\SDL2.0\VISUALC\SDL\WIN32\DEBUG\S_COS.OBJ
D:\GAMES\PATHOSPUBLIC\RECKON\SOURCES\CODESRC\LIBS\SDL2.0\VISUALC\SDL\WIN32\DEBUG\S_FABS.OBJ
D:\GAMES\PATHOSPUBLIC\RECKON\SOURCES\CODESRC\LIBS\SDL2.0\VISUALC\SDL\WIN32\DEBUG\S_FLOOR.OBJ
D:\GAMES\PATHOSPUBLIC\RECKON\SOURCES\CODESRC\LIBS\SDL2.0\VISUALC\SDL\WIN32\DEBUG\S_SCALBN.OBJ
D:\GAMES\PATHOSPUBLIC\RECKON\SOURCES\CODESRC\LIBS\SDL2.0\VISUALC\SDL\WIN32\DEBUG\S_SIN.OBJ
D:\GAMES\PATHOSPUBLIC\RECKON\SOURCES\CODESRC\LIBS\SDL2.0\VISUALC\SDL\WIN32\DEBUG\S_TAN.OBJ
D:\GAMES\PATHOSPUBLIC\RECKON\SOURCES\CODESRC\LIBS\SDL2.0\VISUALC\SDL\WIN32\DEBUG\SDL.OBJ
D:\GAMES\PATHOSPUBLIC\RECKON\SOURCES\CODESRC\LIBS\SDL2.0\VISUALC\SDL\WIN32\DEBUG\SDL_ASSERT.OBJ
D:\GAMES\PATHOSPUBLIC\RECKON\SOURCES\CODESRC\LIBS\SDL2.0\VISUALC\SDL\WIN32\DEBUG\SDL_ATOMIC.OBJ
D:\GAMES\PATHOSPUBLIC\RECKON\SOURCES\CODESRC\LIBS\SDL2.0\VISUALC\SDL\WIN32\DEBUG\SDL_AUDIO.OBJ
D:\GAMES\PATHOSPUBLIC\RECKON\SOURCES\CODESRC\LIBS\SDL2.0\VISUALC\SDL\WIN32\DEBUG\SDL_AUDIOCVT.OBJ
D:\GAMES\PATHOSPUBLIC\RECKON\SOURCES\CODESRC\LIBS\SDL2.0\VISUALC\SDL\WIN32\DEBUG\SDL_AUDIODEV.OBJ
D:\GAMES\PATHOSPUBLIC\RECKON\SOURCES\CODESRC\LIBS\SDL2.0\VISUALC\SDL\WIN32\DEBUG\SDL_AUDIOTYPECVT.OBJ
D:\GAMES\PATHOSPUBLIC\RECKON\SOURCES\CODESRC\LIBS\SDL2.0\VISUALC\SDL\WIN32\DEBUG\SDL_BLENDFILLRECT.OBJ
D:\GAMES\PATHOSPUBLIC\RECKON\SOURCES\CODESRC\LIBS\SDL2.0\VISUALC\SDL\WIN32\DEBUG\SDL_BLENDLINE.OBJ
D:\GAMES\PATHOSPUBLIC\RECKON\SOURCES\CODESRC\LIBS\SDL2.0\VISUALC\SDL\WIN32\DEBUG\SDL_BLENDPOINT.OBJ
D:\GAMES\PATHOSPUBLIC\RECKON\SOURCES\CODESRC\LIBS\SDL2.0\VISUALC\SDL\WIN32\DEBUG\SDL_BLIT.OBJ
D:\GAMES\PATHOSPUBLIC\RECKON\SOURCES\CODESRC\LIBS\SDL2.0\VISUALC\SDL\WIN32\DEBUG\SDL_BLIT_0.OBJ
D:\GAMES\PATHOSPUBLIC\RECKON\SOURCES\CODESRC\LIBS\SDL2.0\VISUALC\SDL\WIN32\DEBUG\SDL_BLIT_1.OBJ
D:\GAMES\PATHOSPUBLIC\RECKON\SOURCES\CODESRC\LIBS\SDL2.0\VISUALC\SDL\WIN32\DEBUG\SDL_BLIT_A.OBJ
D:\GAMES\PATHOSPUBLIC\RECKON\SOURCES\CODESRC\LIBS\SDL2.0\VISUALC\SDL\WIN32\DEBUG\SDL_BLIT_AUTO.OBJ
D:\GAMES\PATHOSPUBLIC\RECKON\SOURCES\CODESRC\LIBS\SDL2.0\VISUALC\SDL\WIN32\DEBUG\SDL_BLIT_COPY.OBJ
D:\GAMES\PATHOSPUBLIC\RECKON\SOURCES\CODESRC\LIBS\SDL2.0\VISUALC\SDL\WIN32\DEBUG\SDL_BLIT_N.OBJ
D:\GAMES\PATHOSPUBLIC\RECKON\SOURCES\CODESRC\LIBS\SDL2.0\VISUALC\SDL\WIN32\DEBUG\SDL_BLIT_SLOW.OBJ
D:\GAMES\PATHOSPUBLIC\RECKON\SOURCES\CODESRC\LIBS\SDL2.0\VISUALC\SDL\WIN32\DEBUG\SDL_BMP.OBJ
D:\GAMES\PATHOSPUBLIC\RECKON\SOURCES\CODESRC\LIBS\SDL2.0\VISUALC\SDL\WIN32\DEBUG\SDL_CLIPBOARD.OBJ
D:\GAMES\PATHOSPUBLIC\RECKON\SOURCES\CODESRC\LIBS\SDL2.0\VISUALC\SDL\WIN32\DEBUG\SDL_CLIPBOARDEVENTS.OBJ
D:\GAMES\PATHOSPUBLIC\RECKON\SOURCES\CODESRC\LIBS\SDL2.0\VISUALC\SDL\WIN32\DEBUG\SDL_CPUINFO.OBJ
D:\GAMES\PATHOSPUBLIC\RECKON\SOURCES\CODESRC\LIBS\SDL2.0\VISUALC\SDL\WIN32\DEBUG\SDL_D3DMATH.OBJ
D:\GAMES\PATHOSPUBLIC\RECKON\SOURCES\CODESRC\LIBS\SDL2.0\VISUALC\SDL\WIN32\DEBUG\SDL_DATAQUEUE.OBJ
D:\GAMES\PATHOSPUBLIC\RECKON\SOURCES\CODESRC\LIBS\SDL2.0\VISUALC\SDL\WIN32\DEBUG\SDL_DINPUTHAPTIC.OBJ
D:\GAMES\PATHOSPUBLIC\RECKON\SOURCES\CODESRC\LIBS\SDL2.0\VISUALC\SDL\WIN32\DEBUG\SDL_DINPUTJOYSTICK.OBJ
D:\GAMES\PATHOSPUBLIC\RECKON\SOURCES\CODESRC\LIBS\SDL2.0\VISUALC\SDL\WIN32\DEBUG\SDL_DIRECTSOUND.OBJ
D:\GAMES\PATHOSPUBLIC\RECKON\SOURCES\CODESRC\LIBS\SDL2.0\VISUALC\SDL\WIN32\DEBUG\SDL_DISKAUDIO.OBJ
D:\GAMES\PATHOSPUBLIC\RECKON\SOURCES\CODESRC\LIBS\SDL2.0\VISUALC\SDL\WIN32\DEBUG\SDL_DISPLAYEVENTS.OBJ
D:\GAMES\PATHOSPUBLIC\RECKON\SOURCES\CODESRC\LIBS\SDL2.0\VISUALC\SDL\WIN32\DEBUG\SDL_DRAWLINE.OBJ
D:\GAMES\PATHOSPUBLIC\RECKON\SOURCES\CODESRC\LIBS\SDL2.0\VISUALC\SDL\WIN32\DEBUG\SDL_DRAWPOINT.OBJ
D:\GAMES\PATHOSPUBLIC\RECKON\SOURCES\CODESRC\LIBS\SDL2.0\VISUALC\SDL\WIN32\DEBUG\SDL_DROPEVENTS.OBJ
D:\GAMES\PATHOSPUBLIC\RECKON\SOURCES\CODESRC\LIBS\SDL2.0\VISUALC\SDL\WIN32\DEBUG\SDL_DUMMYAUDIO.OBJ
D:\GAMES\PATHOSPUBLIC\RECKON\SOURCES\CODESRC\LIBS\SDL2.0\VISUALC\SDL\WIN32\DEBUG\SDL_DUMMYSENSOR.OBJ
D:\GAMES\PATHOSPUBLIC\RECKON\SOURCES\CODESRC\LIBS\SDL2.0\VISUALC\SDL\WIN32\DEBUG\SDL_DYNAPI.OBJ
D:\GAMES\PATHOSPUBLIC\RECKON\SOURCES\CODESRC\LIBS\SDL2.0\VISUALC\SDL\WIN32\DEBUG\SDL_EGL.OBJ
D:\GAMES\PATHOSPUBLIC\RECKON\SOURCES\CODESRC\LIBS\SDL2.0\VISUALC\SDL\WIN32\DEBUG\SDL_ERROR.OBJ
D:\GAMES\PATHOSPUBLIC\RECKON\SOURCES\CODESRC\LIBS\SDL2.0\VISUALC\SDL\WIN32\DEBUG\SDL_EVENTS.OBJ
D:\GAMES\PATHOSPUBLIC\RECKON\SOURCES\CODESRC\LIBS\SDL2.0\VISUALC\SDL\WIN32\DEBUG\SDL_FILLRECT.OBJ
D:\GAMES\PATHOSPUBLIC\RECKON\SOURCES\CODESRC\LIBS\SDL2.0\VISUALC\SDL\WIN32\DEBUG\SDL_GAMECONTROLLER.OBJ
D:\GAMES\PATHOSPUBLIC\RECKON\SOURCES\CODESRC\LIBS\SDL2.0\VISUALC\SDL\WIN32\DEBUG\SDL_GESTURE.OBJ
D:\GAMES\PATHOSPUBLIC\RECKON\SOURCES\CODESRC\LIBS\SDL2.0\VISUALC\SDL\WIN32\DEBUG\SDL_GETENV.OBJ
D:\GAMES\PATHOSPUBLIC\RECKON\SOURCES\CODESRC\LIBS\SDL2.0\VISUALC\SDL\WIN32\DEBUG\SDL_HAPTIC.OBJ
D:\GAMES\PATHOSPUBLIC\RECKON\SOURCES\CODESRC\LIBS\SDL2.0\VISUALC\SDL\WIN32\DEBUG\SDL_HIDAPI_PS4.OBJ
D:\GAMES\PATHOSPUBLIC\RECKON\SOURCES\CODESRC\LIBS\SDL2.0\VISUALC\SDL\WIN32\DEBUG\SDL_HIDAPI_SWITCH.OBJ
D:\GAMES\PATHOSPUBLIC\RECKON\SOURCES\CODESRC\LIBS\SDL2.0\VISUALC\SDL\WIN32\DEBUG\SDL_HIDAPI_XBOX360.OBJ
D:\GAMES\PATHOSPUBLIC\RECKON\SOURCES\CODESRC\LIBS\SDL2.0\VISUALC\SDL\WIN32\DEBUG\SDL_HIDAPI_XBOXONE.OBJ
D:\GAMES\PATHOSPUBLIC\RECKON\SOURCES\CODESRC\LIBS\SDL2.0\VISUALC\SDL\WIN32\DEBUG\SDL_HIDAPIJOYSTICK.OBJ
D:\GAMES\PATHOSPUBLIC\RECKON\SOURCES\CODESRC\LIBS\SDL2.0\VISUALC\SDL\WIN32\DEBUG\SDL_HINTS.OBJ
D:\GAMES\PATHOSPUBLIC\RECKON\SOURCES\CODESRC\LIBS\SDL2.0\VISUALC\SDL\WIN32\DEBUG\SDL_ICONV.OBJ
D:\GAMES\PATHOSPUBLIC\RECKON\SOURCES\CODESRC\LIBS\SDL2.0\VISUALC\SDL\WIN32\DEBUG\SDL_JOYSTICK.OBJ
D:\GAMES\PATHOSPUBLIC\RECKON\SOURCES\CODESRC\LIBS\SDL2.0\VISUALC\SDL\WIN32\DEBUG\SDL_KEYBOARD.OBJ
D:\GAMES\PATHOSPUBLIC\RECKON\SOURCES\CODESRC\LIBS\SDL2.0\VISUALC\SDL\WIN32\DEBUG\SDL_LOG.OBJ
D:\GAMES\PATHOSPUBLIC\RECKON\SOURCES\CODESRC\LIBS\SDL2.0\VISUALC\SDL\WIN32\DEBUG\SDL_MALLOC.OBJ
D:\GAMES\PATHOSPUBLIC\RECKON\SOURCES\CODESRC\LIBS\SDL2.0\VISUALC\SDL\WIN32\DEBUG\SDL_MIXER.OBJ
D:\GAMES\PATHOSPUBLIC\RECKON\SOURCES\CODESRC\LIBS\SDL2.0\VISUALC\SDL\WIN32\DEBUG\SDL_MMJOYSTICK.OBJ
D:\GAMES\PATHOSPUBLIC\RECKON\SOURCES\CODESRC\LIBS\SDL2.0\VISUALC\SDL\WIN32\DEBUG\SDL_MOUSE.OBJ
D:\GAMES\PATHOSPUBLIC\RECKON\SOURCES\CODESRC\LIBS\SDL2.0\VISUALC\SDL\WIN32\DEBUG\SDL_NULLEVENTS.OBJ
D:\GAMES\PATHOSPUBLIC\RECKON\SOURCES\CODESRC\LIBS\SDL2.0\VISUALC\SDL\WIN32\DEBUG\SDL_NULLFRAMEBUFFER.OBJ
D:\GAMES\PATHOSPUBLIC\RECKON\SOURCES\CODESRC\LIBS\SDL2.0\VISUALC\SDL\WIN32\DEBUG\SDL_NULLVIDEO.OBJ
D:\GAMES\PATHOSPUBLIC\RECKON\SOURCES\CODESRC\LIBS\SDL2.0\VISUALC\SDL\WIN32\DEBUG\SDL_PIXELS.OBJ
D:\GAMES\PATHOSPUBLIC\RECKON\SOURCES\CODESRC\LIBS\SDL2.0\VISUALC\SDL\WIN32\DEBUG\SDL_POWER.OBJ
D:\GAMES\PATHOSPUBLIC\RECKON\SOURCES\CODESRC\LIBS\SDL2.0\VISUALC\SDL\WIN32\DEBUG\SDL_QSORT.OBJ
D:\GAMES\PATHOSPUBLIC\RECKON\SOURCES\CODESRC\LIBS\SDL2.0\VISUALC\SDL\WIN32\DEBUG\SDL_QUIT.OBJ
D:\GAMES\PATHOSPUBLIC\RECKON\SOURCES\CODESRC\LIBS\SDL2.0\VISUALC\SDL\WIN32\DEBUG\SDL_RECT.OBJ
D:\GAMES\PATHOSPUBLIC\RECKON\SOURCES\CODESRC\LIBS\SDL2.0\VISUALC\SDL\WIN32\DEBUG\SDL_RENDER.OBJ
D:\GAMES\PATHOSPUBLIC\RECKON\SOURCES\CODESRC\LIBS\SDL2.0\VISUALC\SDL\WIN32\DEBUG\SDL_RENDER_D3D.OBJ
D:\GAMES\PATHOSPUBLIC\RECKON\SOURCES\CODESRC\LIBS\SDL2.0\VISUALC\SDL\WIN32\DEBUG\SDL_RENDER_D3D11.OBJ
D:\GAMES\PATHOSPUBLIC\RECKON\SOURCES\CODESRC\LIBS\SDL2.0\VISUALC\SDL\WIN32\DEBUG\SDL_RENDER_GL.OBJ
D:\GAMES\PATHOSPUBLIC\RECKON\SOURCES\CODESRC\LIBS\SDL2.0\VISUALC\SDL\WIN32\DEBUG\SDL_RENDER_GLES2.OBJ
D:\GAMES\PATHOSPUBLIC\RECKON\SOURCES\CODESRC\LIBS\SDL2.0\VISUALC\SDL\WIN32\DEBUG\SDL_RENDER_SW.OBJ
D:\GAMES\PATHOSPUBLIC\RECKON\SOURCES\CODESRC\LIBS\SDL2.0\VISUALC\SDL\WIN32\DEBUG\SDL_RLEACCEL.OBJ
D:\GAMES\PATHOSPUBLIC\RECKON\SOURCES\CODESRC\LIBS\SDL2.0\VISUALC\SDL\WIN32\DEBUG\SDL_ROTATE.OBJ
D:\GAMES\PATHOSPUBLIC\RECKON\SOURCES\CODESRC\LIBS\SDL2.0\VISUALC\SDL\WIN32\DEBUG\SDL_RWOPS.OBJ
D:\GAMES\PATHOSPUBLIC\RECKON\SOURCES\CODESRC\LIBS\SDL2.0\VISUALC\SDL\WIN32\DEBUG\SDL_SENSOR.OBJ
D:\GAMES\PATHOSPUBLIC\RECKON\SOURCES\CODESRC\LIBS\SDL2.0\VISUALC\SDL\WIN32\DEBUG\SDL_SHADERS_D3D.OBJ
D:\GAMES\PATHOSPUBLIC\RECKON\SOURCES\CODESRC\LIBS\SDL2.0\VISUALC\SDL\WIN32\DEBUG\SDL_SHADERS_D3D11.OBJ
D:\GAMES\PATHOSPUBLIC\RECKON\SOURCES\CODESRC\LIBS\SDL2.0\VISUALC\SDL\WIN32\DEBUG\SDL_SHADERS_GL.OBJ
D:\GAMES\PATHOSPUBLIC\RECKON\SOURCES\CODESRC\LIBS\SDL2.0\VISUALC\SDL\WIN32\DEBUG\SDL_SHADERS_GLES2.OBJ
D:\GAMES\PATHOSPUBLIC\RECKON\SOURCES\CODESRC\LIBS\SDL2.0\VISUALC\SDL\WIN32\DEBUG\SDL_SHAPE.OBJ
D:\GAMES\PATHOSPUBLIC\RECKON\SOURCES\CODESRC\LIBS\SDL2.0\VISUALC\SDL\WIN32\DEBUG\SDL_SPINLOCK.OBJ
D:\GAMES\PATHOSPUBLIC\RECKON\SOURCES\CODESRC\LIBS\SDL2.0\VISUALC\SDL\WIN32\DEBUG\SDL_STDLIB.OBJ
D:\GAMES\PATHOSPUBLIC\RECKON\SOURCES\CODESRC\LIBS\SDL2.0\VISUALC\SDL\WIN32\DEBUG\SDL_STRETCH.OBJ
D:\GAMES\PATHOSPUBLIC\RECKON\SOURCES\CODESRC\LIBS\SDL2.0\VISUALC\SDL\WIN32\DEBUG\SDL_STRING.OBJ
D:\GAMES\PATHOSPUBLIC\RECKON\SOURCES\CODESRC\LIBS\SDL2.0\VISUALC\SDL\WIN32\DEBUG\SDL_SURFACE.OBJ
D:\GAMES\PATHOSPUBLIC\RECKON\SOURCES\CODESRC\LIBS\SDL2.0\VISUALC\SDL\WIN32\DEBUG\SDL_SYSCOND.OBJ
D:\GAMES\PATHOSPUBLIC\RECKON\SOURCES\CODESRC\LIBS\SDL2.0\VISUALC\SDL\WIN32\DEBUG\SDL_SYSFILESYSTEM.OBJ
D:\GAMES\PATHOSPUBLIC\RECKON\SOURCES\CODESRC\LIBS\SDL2.0\VISUALC\SDL\WIN32\DEBUG\SDL_SYSLOADSO.OBJ
D:\GAMES\PATHOSPUBLIC\RECKON\SOURCES\CODESRC\LIBS\SDL2.0\VISUALC\SDL\WIN32\DEBUG\SDL_SYSMUTEX.OBJ
D:\GAMES\PATHOSPUBLIC\RECKON\SOURCES\CODESRC\LIBS\SDL2.0\VISUALC\SDL\WIN32\DEBUG\SDL_SYSPOWER.OBJ
D:\GAMES\PATHOSPUBLIC\RECKON\SOURCES\CODESRC\LIBS\SDL2.0\VISUALC\SDL\WIN32\DEBUG\SDL_SYSSEM.OBJ
D:\GAMES\PATHOSPUBLIC\RECKON\SOURCES\CODESRC\LIBS\SDL2.0\VISUALC\SDL\WIN32\DEBUG\SDL_SYSTHREAD.OBJ
D:\GAMES\PATHOSPUBLIC\RECKON\SOURCES\CODESRC\LIBS\SDL2.0\VISUALC\SDL\WIN32\DEBUG\SDL_SYSTIMER.OBJ
D:\GAMES\PATHOSPUBLIC\RECKON\SOURCES\CODESRC\LIBS\SDL2.0\VISUALC\SDL\WIN32\DEBUG\SDL_SYSTLS.OBJ
D:\GAMES\PATHOSPUBLIC\RECKON\SOURCES\CODESRC\LIBS\SDL2.0\VISUALC\SDL\WIN32\DEBUG\SDL_THREAD.OBJ
D:\GAMES\PATHOSPUBLIC\RECKON\SOURCES\CODESRC\LIBS\SDL2.0\VISUALC\SDL\WIN32\DEBUG\SDL_TIMER.OBJ
D:\GAMES\PATHOSPUBLIC\RECKON\SOURCES\CODESRC\LIBS\SDL2.0\VISUALC\SDL\WIN32\DEBUG\SDL_TOUCH.OBJ
D:\GAMES\PATHOSPUBLIC\RECKON\SOURCES\CODESRC\LIBS\SDL2.0\VISUALC\SDL\WIN32\DEBUG\SDL_VIDEO.OBJ
D:\GAMES\PATHOSPUBLIC\RECKON\SOURCES\CODESRC\LIBS\SDL2.0\VISUALC\SDL\WIN32\DEBUG\SDL_VULKAN_UTILS.OBJ
D:\GAMES\PATHOSPUBLIC\RECKON\SOURCES\CODESRC\LIBS\SDL2.0\VISUALC\SDL\WIN32\DEBUG\SDL_WASAPI.OBJ
D:\GAMES\PATHOSPUBLIC\RECKON\SOURCES\CODESRC\LIBS\SDL2.0\VISUALC\SDL\WIN32\DEBUG\SDL_WASAPI_WIN32.OBJ
D:\GAMES\PATHOSPUBLIC\RECKON\SOURCES\CODESRC\LIBS\SDL2.0\VISUALC\SDL\WIN32\DEBUG\SDL_WAVE.OBJ
D:\GAMES\PATHOSPUBLIC\RECKON\SOURCES\CODESRC\LIBS\SDL2.0\VISUALC\SDL\WIN32\DEBUG\SDL_WINDOWEVENTS.OBJ
D:\GAMES\PATHOSPUBLIC\RECKON\SOURCES\CODESRC\LIBS\SDL2.0\VISUALC\SDL\WIN32\DEBUG\SDL_WINDOWS.OBJ
D:\GAMES\PATHOSPUBLIC\RECKON\SOURCES\CODESRC\LIBS\SDL2.0\VISUALC\SDL\WIN32\DEBUG\SDL_WINDOWSCLIPBOARD.OBJ
D:\GAMES\PATHOSPUBLIC\RECKON\SOURCES\CODESRC\LIBS\SDL2.0\VISUALC\SDL\WIN32\DEBUG\SDL_WINDOWSEVENTS.OBJ
D:\GAMES\PATHOSPUBLIC\RECKON\SOURCES\CODESRC\LIBS\SDL2.0\VISUALC\SDL\WIN32\DEBUG\SDL_WINDOWSFRAMEBUFFER.OBJ
D:\GAMES\PATHOSPUBLIC\RECKON\SOURCES\CODESRC\LIBS\SDL2.0\VISUALC\SDL\WIN32\DEBUG\SDL_WINDOWSHAPTIC.OBJ
D:\GAMES\PATHOSPUBLIC\RECKON\SOURCES\CODESRC\LIBS\SDL2.0\VISUALC\SDL\WIN32\DEBUG\SDL_WINDOWSJOYSTICK.OBJ
D:\GAMES\PATHOSPUBLIC\RECKON\SOURCES\CODESRC\LIBS\SDL2.0\VISUALC\SDL\WIN32\DEBUG\SDL_WINDOWSKEYBOARD.OBJ
D:\GAMES\PATHOSPUBLIC\RECKON\SOURCES\CODESRC\LIBS\SDL2.0\VISUALC\SDL\WIN32\DEBUG\SDL_WINDOWSMESSAGEBOX.OBJ
D:\GAMES\PATHOSPUBLIC\RECKON\SOURCES\CODESRC\LIBS\SDL2.0\VISUALC\SDL\WIN32\DEBUG\SDL_WINDOWSMODES.OBJ
D:\GAMES\PATHOSPUBLIC\RECKON\SOURCES\CODESRC\LIBS\SDL2.0\VISUALC\SDL\WIN32\DEBUG\SDL_WINDOWSMOUSE.OBJ
D:\GAMES\PATHOSPUBLIC\RECKON\SOURCES\CODESRC\LIBS\SDL2.0\VISUALC\SDL\WIN32\DEBUG\SDL_WINDOWSOPENGL.OBJ
D:\GAMES\PATHOSPUBLIC\RECKON\SOURCES\CODESRC\LIBS\SDL2.0\VISUALC\SDL\WIN32\DEBUG\SDL_WINDOWSOPENGLES.OBJ
D:\GAMES\PATHOSPUBLIC\RECKON\SOURCES\CODESRC\LIBS\SDL2.0\VISUALC\SDL\WIN32\DEBUG\SDL_WINDOWSSHAPE.OBJ
D:\GAMES\PATHOSPUBLIC\RECKON\SOURCES\CODESRC\LIBS\SDL2.0\VISUALC\SDL\WIN32\DEBUG\SDL_WINDOWSVIDEO.OBJ
D:\GAMES\PATHOSPUBLIC\RECKON\SOURCES\CODESRC\LIBS\SDL2.0\VISUALC\SDL\WIN32\DEBUG\SDL_WINDOWSVULKAN.OBJ
D:\GAMES\PATHOSPUBLIC\RECKON\SOURCES\CODESRC\LIBS\SDL2.0\VISUALC\SDL\WIN32\DEBUG\SDL_WINDOWSWINDOW.OBJ
D:\GAMES\PATHOSPUBLIC\RECKON\SOURCES\CODESRC\LIBS\SDL2.0\VISUALC\SDL\WIN32\DEBUG\SDL_WINMM.OBJ
D:\GAMES\PATHOSPUBLIC\RECKON\SOURCES\CODESRC\LIBS\SDL2.0\VISUALC\SDL\WIN32\DEBUG\SDL_XINPUT.OBJ
D:\GAMES\PATHOSPUBLIC\RECKON\SOURCES\CODESRC\LIBS\SDL2.0\VISUALC\SDL\WIN32\DEBUG\SDL_XINPUTHAPTIC.OBJ
D:\GAMES\PATHOSPUBLIC\RECKON\SOURCES\CODESRC\LIBS\SDL2.0\VISUALC\SDL\WIN32\DEBUG\SDL_XINPUTJOYSTICK.OBJ
D:\GAMES\PATHOSPUBLIC\RECKON\SOURCES\CODESRC\LIBS\SDL2.0\VISUALC\SDL\WIN32\DEBUG\SDL_YUV.OBJ
D:\GAMES\PATHOSPUBLIC\RECKON\SOURCES\CODESRC\LIBS\SDL2.0\VISUALC\SDL\WIN32\DEBUG\SDL_YUV_SW.OBJ
D:\GAMES\PATHOSPUBLIC\RECKON\SOURCES\CODESRC\LIBS\SDL2.0\VISUALC\SDL\WIN32\DEBUG\SDL2.DLL.INTERMEDIATE.MANIFEST
D:\GAMES\PATHOSPUBLIC\RECKON\SOURCES\CODESRC\LIBS\SDL2.0\VISUALC\SDL\WIN32\DEBUG\VERSION.RES
D:\GAMES\PATHOSPUBLIC\RECKON\SOURCES\CODESRC\LIBS\SDL2.0\VISUALC\SDL\WIN32\DEBUG\YUV_RGB.OBJ
D:\GAMES\PATHOSPUBLIC\RECKON\SOURCES\CODESRC\WIN32\DEBUG\SDL2.DLL
D:\Games\PathosPublic\reckon\sources\codesrc\Win32\Debug\SDL2.exp
D:\GAMES\PATHOSPUBLIC\RECKON\SOURCES\CODESRC\WIN32\DEBUG\SDL2.ILK
D:\Games\PathosPublic\reckon\sources\codesrc\Win32\Debug\SDL2.lib
D:\GAMES\PATHOSPUBLIC\RECKON\SOURCES\CODESRC\WIN32\DEBUG\SDL2.PDB
