Build started 7/9/2023 11:51:14 AM.
     1>Project "D:\Games\Reckoning\reckon\sources\codesrc\libs\zlib\projects\visualc6\zlib.vcxproj" on node 2 (build target(s)).
     1>InitializeBuildStatus:
         Creating ".\Win32_LIB_Debug\zlib.unsuccessfulbuild" because "AlwaysCreate" was specified.
       ClCompile:
         E:\Program Files (x86)\Microsoft Visual Studio 10.0\VC\bin\CL.exe /c /ZI /nologo /W3 /WX- /Od /Oy- /D WIN32 /D _DEBUG /D _VC80_UPGRADE=0x0600 /Gm /EHsc /RTC1 /MDd /GS /Gy- /fp:precise /Zc:wchar_t /Zc:forScope /Fo".\Win32_LIB_Debug\\" /Fd".\Win32_LIB_Debug\vc100.pdb" /Gd /TC /analyze- /errorReport:prompt ..\..\adler32.c ..\..\compress.c ..\..\crc32.c ..\..\deflate.c ..\..\gzio.c ..\..\infback.c ..\..\inffast.c ..\..\inflate.c ..\..\inftrees.c ..\..\trees.c ..\..\uncompr.c ..\..\zutil.c
         zutil.c
         uncompr.c
         trees.c
         inftrees.c
         inflate.c
         inffast.c
         infback.c
         gzio.c
     1>d:\games\reckoning\reckon\sources\codesrc\libs\zlib\gzio.c(131): warning C4996: 'strcpy': This function or variable may be unsafe. Consider using strcpy_s instead. To disable deprecation, use _CRT_SECURE_NO_WARNINGS. See online help for details.
                 e:\program files (x86)\microsoft visual studio 10.0\vc\include\string.h(105) : see declaration of 'strcpy'
     1>d:\games\reckoning\reckon\sources\codesrc\libs\zlib\gzio.c(181): warning C4996: 'fopen': This function or variable may be unsafe. Consider using fopen_s instead. To disable deprecation, use _CRT_SECURE_NO_WARNINGS. See online help for details.
                 e:\program files (x86)\microsoft visual studio 10.0\vc\include\stdio.h(234) : see declaration of 'fopen'
     1>d:\games\reckoning\reckon\sources\codesrc\libs\zlib\gzio.c(226): warning C4996: 'sprintf': This function or variable may be unsafe. Consider using sprintf_s instead. To disable deprecation, use _CRT_SECURE_NO_WARNINGS. See online help for details.
                 e:\program files (x86)\microsoft visual studio 10.0\vc\include\stdio.h(371) : see declaration of 'sprintf'
     1>d:\games\reckoning\reckon\sources\codesrc\libs\zlib\gzio.c(627): warning C4996: '_vsnprintf': This function or variable may be unsafe. Consider using _vsnprintf_s instead. To disable deprecation, use _CRT_SECURE_NO_WARNINGS. See online help for details.
                 e:\program files (x86)\microsoft visual studio 10.0\vc\include\stdio.h(363) : see declaration of '_vsnprintf'
     1>d:\games\reckoning\reckon\sources\codesrc\libs\zlib\gzio.c(1001): warning C4996: 'strerror': This function or variable may be unsafe. Consider using strerror_s instead. To disable deprecation, use _CRT_SECURE_NO_WARNINGS. See online help for details.
                 e:\program files (x86)\microsoft visual studio 10.0\vc\include\string.h(157) : see declaration of 'strerror'
     1>d:\games\reckoning\reckon\sources\codesrc\libs\zlib\gzio.c(1008): warning C4996: 'strcpy': This function or variable may be unsafe. Consider using strcpy_s instead. To disable deprecation, use _CRT_SECURE_NO_WARNINGS. See online help for details.
                 e:\program files (x86)\microsoft visual studio 10.0\vc\include\string.h(105) : see declaration of 'strcpy'
     1>d:\games\reckoning\reckon\sources\codesrc\libs\zlib\gzio.c(1009): warning C4996: 'strcat': This function or variable may be unsafe. Consider using strcat_s instead. To disable deprecation, use _CRT_SECURE_NO_WARNINGS. See online help for details.
                 e:\program files (x86)\microsoft visual studio 10.0\vc\include\string.h(110) : see declaration of 'strcat'
     1>d:\games\reckoning\reckon\sources\codesrc\libs\zlib\gzio.c(1010): warning C4996: 'strcat': This function or variable may be unsafe. Consider using strcat_s instead. To disable deprecation, use _CRT_SECURE_NO_WARNINGS. See online help for details.
                 e:\program files (x86)\microsoft visual studio 10.0\vc\include\string.h(110) : see declaration of 'strcat'
         deflate.c
         crc32.c
         compress.c
         adler32.c
         Generating Code...
       ResourceCompile:
         C:\Program Files (x86)\Microsoft SDKs\Windows\v7.0A\bin\rc.exe /D _DEBUG /D _VC80_UPGRADE=0x0600 /l"0x0409" /I\Games\Reckoning\reckon\sources\codesrc\libs\zlib\win32 /nologo /fo".\Win32_LIB_Debug\zlib1.res" ..\..\win32\zlib1.rc 
     1>C:\Program Files (x86)\MSBuild\Microsoft.Cpp\v4.0\Microsoft.CppBuild.targets(1151,5): warning MSB8012: TargetPath(D:\Games\Reckoning\reckon\sources\codesrc\libs\zlib\projects\visualc6\.\Win32_LIB_Debug\zlib.lib) does not match the Library's OutputFile property value (D:\Games\Reckoning\reckon\sources\codesrc\libs\zlib\projects\visualc6\Win32_LIB_Debug\zlibd.lib). This may cause your project to build incorrectly. To correct this, please make sure that $(OutDir), $(TargetName) and $(TargetExt) property values match the value specified in %(Lib.OutputFile).
     1>C:\Program Files (x86)\MSBuild\Microsoft.Cpp\v4.0\Microsoft.CppBuild.targets(1153,5): warning MSB8012: TargetName(zlib) does not match the Library's OutputFile property value (zlibd). This may cause your project to build incorrectly. To correct this, please make sure that $(OutDir), $(TargetName) and $(TargetExt) property values match the value specified in %(Lib.OutputFile).
       Lib:
         E:\Program Files (x86)\Microsoft Visual Studio 10.0\VC\bin\Lib.exe /OUT:"Win32_LIB_Debug\zlibd.lib" /NOLOGO .\Win32_LIB_Debug\zlib1.res
         .\Win32_LIB_Debug\adler32.obj
         .\Win32_LIB_Debug\compress.obj
         .\Win32_LIB_Debug\crc32.obj
         .\Win32_LIB_Debug\deflate.obj
         .\Win32_LIB_Debug\gzio.obj
         .\Win32_LIB_Debug\infback.obj
         .\Win32_LIB_Debug\inffast.obj
         .\Win32_LIB_Debug\inflate.obj
         .\Win32_LIB_Debug\inftrees.obj
         .\Win32_LIB_Debug\trees.obj
         .\Win32_LIB_Debug\uncompr.obj
         .\Win32_LIB_Debug\zutil.obj
     1>LINK : warning LNK4068: /MACHINE not specified; defaulting to X86
         zlib.vcxproj -> D:\Games\Reckoning\reckon\sources\codesrc\libs\zlib\projects\visualc6\.\Win32_LIB_Debug\zlib.lib
       FinalizeBuildStatus:
         Deleting file ".\Win32_LIB_Debug\zlib.unsuccessfulbuild".
         Touching ".\Win32_LIB_Debug\zlib.lastbuildstate".
     1>Done Building Project "D:\Games\Reckoning\reckon\sources\codesrc\libs\zlib\projects\visualc6\zlib.vcxproj" (build target(s)).

Build succeeded.

Time Elapsed 00:00:00.78
