D:\GAMES\RECKONING\RECKON\SOURCES\CODESRC\LIBS\ZLIB\PROJECTS\VISUALC6\X64_LIB_DEBUG\ADLER32.OBJ
D:\Games\Reckoning\reckon\sources\codesrc\libs\zlib\projects\visualc6\x64_LIB_Debug\cl.command.1.tlog
D:\Games\Reckoning\reckon\sources\codesrc\libs\zlib\projects\visualc6\x64_LIB_Debug\CL.read.1.tlog
D:\Games\Reckoning\reckon\sources\codesrc\libs\zlib\projects\visualc6\x64_LIB_Debug\CL.write.1.tlog
D:\GAMES\RECKONING\RECKON\SOURCES\CODESRC\LIBS\ZLIB\PROJECTS\VISUALC6\X64_LIB_DEBUG\COMPRESS.OBJ
D:\GAMES\RECKONING\RECKON\SOURCES\CODESRC\LIBS\ZLIB\PROJECTS\VISUALC6\X64_LIB_DEBUG\CRC32.OBJ
D:\GAMES\RECKONING\RECKON\SOURCES\CODESRC\LIBS\ZLIB\PROJECTS\VISUALC6\X64_LIB_DEBUG\DEFLATE.OBJ
D:\GAMES\RECKONING\RECKON\SOURCES\CODESRC\LIBS\ZLIB\PROJECTS\VISUALC6\X64_LIB_DEBUG\GZIO.OBJ
D:\GAMES\RECKONING\RECKON\SOURCES\CODESRC\LIBS\ZLIB\PROJECTS\VISUALC6\X64_LIB_DEBUG\INFBACK.OBJ
D:\GAMES\RECKONING\RECKON\SOURCES\CODESRC\LIBS\ZLIB\PROJECTS\VISUALC6\X64_LIB_DEBUG\INFFAST.OBJ
D:\GAMES\RECKONING\RECKON\SOURCES\CODESRC\LIBS\ZLIB\PROJECTS\VISUALC6\X64_LIB_DEBUG\INFLATE.OBJ
D:\GAMES\RECKONING\RECKON\SOURCES\CODESRC\LIBS\ZLIB\PROJECTS\VISUALC6\X64_LIB_DEBUG\INFTREES.OBJ
D:\Games\Reckoning\reckon\sources\codesrc\libs\zlib\projects\visualc6\x64_LIB_Debug\lib.command.1.tlog
D:\Games\Reckoning\reckon\sources\codesrc\libs\zlib\projects\visualc6\x64_LIB_Debug\Lib-link.read.1.tlog
D:\Games\Reckoning\reckon\sources\codesrc\libs\zlib\projects\visualc6\x64_LIB_Debug\Lib-link.write.1.tlog
D:\Games\Reckoning\reckon\sources\codesrc\libs\zlib\projects\visualc6\x64_LIB_Debug\Lib-link-cvtres.read.1.tlog
D:\Games\Reckoning\reckon\sources\codesrc\libs\zlib\projects\visualc6\x64_LIB_Debug\Lib-link-cvtres.write.1.tlog
D:\Games\Reckoning\reckon\sources\codesrc\libs\zlib\projects\visualc6\x64_LIB_Debug\rc.command.1.tlog
D:\Games\Reckoning\reckon\sources\codesrc\libs\zlib\projects\visualc6\x64_LIB_Debug\rc.read.1.tlog
D:\Games\Reckoning\reckon\sources\codesrc\libs\zlib\projects\visualc6\x64_LIB_Debug\rc.write.1.tlog
D:\GAMES\RECKONING\RECKON\SOURCES\CODESRC\LIBS\ZLIB\PROJECTS\VISUALC6\X64_LIB_DEBUG\TREES.OBJ
D:\GAMES\RECKONING\RECKON\SOURCES\CODESRC\LIBS\ZLIB\PROJECTS\VISUALC6\X64_LIB_DEBUG\UNCOMPR.OBJ
D:\GAMES\RECKONING\RECKON\SOURCES\CODESRC\LIBS\ZLIB\PROJECTS\VISUALC6\X64_LIB_DEBUG\VC100.PDB
D:\Games\Reckoning\reckon\sources\codesrc\libs\zlib\projects\visualc6\x64_LIB_Debug\zlib.write.1.tlog
D:\GAMES\RECKONING\RECKON\SOURCES\CODESRC\LIBS\ZLIB\PROJECTS\VISUALC6\X64_LIB_DEBUG\ZLIB1.RES
D:\GAMES\RECKONING\RECKON\SOURCES\CODESRC\LIBS\ZLIB\PROJECTS\VISUALC6\X64_LIB_DEBUG\ZUTIL.OBJ
