D:\Games\Reckoning\reckon\sources\codesrc\libs\freetype\builds\windows\vc2010\.\..\..\..\objs\win32\vc2010\freetype253MT_D.lib
D:\Games\Reckoning\reckon\sources\codesrc\libs\freetype\objs\debug_mt\autofit.obj
D:\Games\Reckoning\reckon\sources\codesrc\libs\freetype\objs\debug_mt\bdf.obj
D:\Games\Reckoning\reckon\sources\codesrc\libs\freetype\objs\debug_mt\cff.obj
D:\Games\Reckoning\reckon\sources\codesrc\libs\freetype\objs\debug_mt\CL.2144.read.1.tlog
D:\Games\Reckoning\reckon\sources\codesrc\libs\freetype\objs\debug_mt\CL.2144.write.1.tlog
D:\Games\Reckoning\reckon\sources\codesrc\libs\freetype\objs\debug_mt\CL.6824.read.1.tlog
D:\Games\Reckoning\reckon\sources\codesrc\libs\freetype\objs\debug_mt\CL.6824.write.1.tlog
D:\Games\Reckoning\reckon\sources\codesrc\libs\freetype\objs\debug_mt\CL.8180.read.1.tlog
D:\Games\Reckoning\reckon\sources\codesrc\libs\freetype\objs\debug_mt\CL.8180.write.1.tlog
D:\Games\Reckoning\reckon\sources\codesrc\libs\freetype\objs\debug_mt\CL.9324.read.1.tlog
D:\Games\Reckoning\reckon\sources\codesrc\libs\freetype\objs\debug_mt\CL.9324.write.1.tlog
D:\Games\Reckoning\reckon\sources\codesrc\libs\freetype\objs\debug_mt\cl.command.1.tlog
D:\Games\Reckoning\reckon\sources\codesrc\libs\freetype\objs\debug_mt\CL.read.1.tlog
D:\Games\Reckoning\reckon\sources\codesrc\libs\freetype\objs\debug_mt\cl.write.1.tlog
D:\Games\Reckoning\reckon\sources\codesrc\libs\freetype\objs\debug_mt\freetype.write.1.tlog
D:\Games\Reckoning\reckon\sources\codesrc\libs\freetype\objs\debug_mt\ftbase.obj
D:\Games\Reckoning\reckon\sources\codesrc\libs\freetype\objs\debug_mt\ftbbox.obj
D:\Games\Reckoning\reckon\sources\codesrc\libs\freetype\objs\debug_mt\ftbitmap.obj
D:\Games\Reckoning\reckon\sources\codesrc\libs\freetype\objs\debug_mt\ftcache.obj
D:\Games\Reckoning\reckon\sources\codesrc\libs\freetype\objs\debug_mt\ftdebug.obj
D:\Games\Reckoning\reckon\sources\codesrc\libs\freetype\objs\debug_mt\ftfstype.obj
D:\Games\Reckoning\reckon\sources\codesrc\libs\freetype\objs\debug_mt\ftgasp.obj
D:\Games\Reckoning\reckon\sources\codesrc\libs\freetype\objs\debug_mt\ftglyph.obj
D:\Games\Reckoning\reckon\sources\codesrc\libs\freetype\objs\debug_mt\ftgxval.obj
D:\Games\Reckoning\reckon\sources\codesrc\libs\freetype\objs\debug_mt\ftgzip.obj
D:\Games\Reckoning\reckon\sources\codesrc\libs\freetype\objs\debug_mt\ftinit.obj
D:\Games\Reckoning\reckon\sources\codesrc\libs\freetype\objs\debug_mt\ftlcdfil.obj
D:\Games\Reckoning\reckon\sources\codesrc\libs\freetype\objs\debug_mt\ftlzw.obj
D:\Games\Reckoning\reckon\sources\codesrc\libs\freetype\objs\debug_mt\ftmm.obj
D:\Games\Reckoning\reckon\sources\codesrc\libs\freetype\objs\debug_mt\ftotval.obj
D:\Games\Reckoning\reckon\sources\codesrc\libs\freetype\objs\debug_mt\ftpatent.obj
D:\Games\Reckoning\reckon\sources\codesrc\libs\freetype\objs\debug_mt\ftpfr.obj
D:\Games\Reckoning\reckon\sources\codesrc\libs\freetype\objs\debug_mt\ftstroke.obj
D:\Games\Reckoning\reckon\sources\codesrc\libs\freetype\objs\debug_mt\ftsynth.obj
D:\Games\Reckoning\reckon\sources\codesrc\libs\freetype\objs\debug_mt\ftsystem.obj
D:\Games\Reckoning\reckon\sources\codesrc\libs\freetype\objs\debug_mt\fttype1.obj
D:\Games\Reckoning\reckon\sources\codesrc\libs\freetype\objs\debug_mt\ftwinfnt.obj
D:\Games\Reckoning\reckon\sources\codesrc\libs\freetype\objs\debug_mt\ftxf86.obj
D:\Games\Reckoning\reckon\sources\codesrc\libs\freetype\objs\debug_mt\lib.command.1.tlog
D:\Games\Reckoning\reckon\sources\codesrc\libs\freetype\objs\debug_mt\Lib-link.read.1.tlog
D:\Games\Reckoning\reckon\sources\codesrc\libs\freetype\objs\debug_mt\Lib-link.write.1.tlog
D:\Games\Reckoning\reckon\sources\codesrc\libs\freetype\objs\debug_mt\pcf.obj
D:\Games\Reckoning\reckon\sources\codesrc\libs\freetype\objs\debug_mt\pfr.obj
D:\Games\Reckoning\reckon\sources\codesrc\libs\freetype\objs\debug_mt\psaux.obj
D:\Games\Reckoning\reckon\sources\codesrc\libs\freetype\objs\debug_mt\pshinter.obj
D:\Games\Reckoning\reckon\sources\codesrc\libs\freetype\objs\debug_mt\psmodule.obj
D:\Games\Reckoning\reckon\sources\codesrc\libs\freetype\objs\debug_mt\raster.obj
D:\Games\Reckoning\reckon\sources\codesrc\libs\freetype\objs\debug_mt\sfnt.obj
D:\Games\Reckoning\reckon\sources\codesrc\libs\freetype\objs\debug_mt\smooth.obj
D:\Games\Reckoning\reckon\sources\codesrc\libs\freetype\objs\debug_mt\truetype.obj
D:\Games\Reckoning\reckon\sources\codesrc\libs\freetype\objs\debug_mt\type1.obj
D:\Games\Reckoning\reckon\sources\codesrc\libs\freetype\objs\debug_mt\type1cid.obj
D:\Games\Reckoning\reckon\sources\codesrc\libs\freetype\objs\debug_mt\type42.obj
D:\GAMES\RECKONING\RECKON\SOURCES\CODESRC\LIBS\FREETYPE\OBJS\DEBUG_MT\VC100.PDB
D:\Games\Reckoning\reckon\sources\codesrc\libs\freetype\objs\debug_mt\winfnt.obj
D:\GAMES\RECKONING\RECKON\SOURCES\CODESRC\LIBS\FREETYPE\OBJS\WIN32\VC2010\FREETYPE253MT_D.LIB
