Build started 4/12/2022 7:47:13 PM.
     1>Project "D:\Games\Reckoning\reckon\sources\codesrc\libs\freetype\builds\windows\vc2010\freetype.vcxproj" on node 2 (rebuild target(s)).
     1>_PrepareForClean:
         Deleting file ".\..\..\..\objs\debug_mt\freetype.lastbuildstate".
       InitializeBuildStatus:
         Creating ".\..\..\..\objs\debug_mt\freetype.unsuccessfulbuild" because "AlwaysCreate" was specified.
       ClCompile:
         D:\Program Files (x86)\Microsoft Visual Studio 10.0\VC\bin\CL.exe /c /I..\..\..\include /Zi /nologo /W4 /WX- /MP /Od /Oy- /D _DEBUG /D WIN32 /D _LIB /D _CRT_SECURE_NO_WARNINGS /D FT_DEBUG_LEVEL_ERROR /D FT_DEBUG_LEVEL_TRACE /D FT2_BUILD_LIBRARY /D _CRT_SECURE_NO_DEPRECATE /D _MBCS /Gm- /EHsc /RTC1 /MTd /GS /fp:precise /Za /Zc:wchar_t /Zc:forScope /Fo".\..\..\..\objs\debug_mt\\" /Fd".\..\..\..\objs\debug_mt\vc100.pdb" /Gd /TC /wd4001 /analyze- /errorReport:prompt ..\..\..\src\autofit\autofit.c ..\..\..\src\base\ftdebug.c ..\..\..\src\bdf\bdf.c ..\..\..\src\cff\cff.c ..\..\..\src\base\ftbase.c ..\..\..\src\base\ftbitmap.c ..\..\..\src\cache\ftcache.c ..\..\..\src\base\ftfstype.c ..\..\..\src\base\ftgasp.c ..\..\..\src\base\ftglyph.c ..\..\..\src\gzip\ftgzip.c ..\..\..\src\base\ftinit.c ..\..\..\src\lzw\ftlzw.c ..\..\..\src\base\ftstroke.c ..\..\..\src\base\ftsystem.c ..\..\..\src\smooth\smooth.c ..\..\..\src\base\ftbbox.c ..\..\..\src\base\ftmm.c ..\..\..\src\base\ftpfr.c ..\..\..\src\base\ftsynth.c ..\..\..\src\base\fttype1.c ..\..\..\src\base\ftwinfnt.c ..\..\..\src\base\ftxf86.c ..\..\..\src\base\ftlcdfil.c ..\..\..\src\base\ftgxval.c ..\..\..\src\base\ftotval.c ..\..\..\src\base\ftpatent.c ..\..\..\src\pcf\pcf.c ..\..\..\src\pfr\pfr.c ..\..\..\src\psaux\psaux.c ..\..\..\src\pshinter\pshinter.c ..\..\..\src\psnames\psmodule.c ..\..\..\src\raster\raster.c ..\..\..\src\sfnt\sfnt.c ..\..\..\src\truetype\truetype.c ..\..\..\src\type1\type1.c ..\..\..\src\cid\type1cid.c ..\..\..\src\type42\type42.c ..\..\..\src\winfonts\winfnt.c
         autofit.c
         ftdebug.c
         bdf.c
         cff.c
         ftbase.c
     1>d:\games\reckoning\reckon\sources\codesrc\libs\freetype\src\autofit\afglobal.c(141): warning C4245: 'initializing' : conversion from 'int' to 'FT_UInt', signed/unsigned mismatch
     1>d:\games\reckoning\reckon\sources\codesrc\libs\freetype\src\autofit\afglobal.c(179): warning C4389: '==' : signed/unsigned mismatch
     1>d:\games\reckoning\reckon\sources\codesrc\libs\freetype\src\autofit\afmodule.c(106): warning C4389: '==' : signed/unsigned mismatch
         ftbitmap.c
         ftcache.c
         ftfstype.c
         ftgasp.c
         ftglyph.c
         ftgzip.c
         ftinit.c
         ftlzw.c
         ftstroke.c
         ftsystem.c
         smooth.c
         ftbbox.c
         ftmm.c
         ftpfr.c
         ftsynth.c
         fttype1.c
         ftwinfnt.c
         ftxf86.c
         ftlcdfil.c
         ftgxval.c
         ftotval.c
         ftpatent.c
         pcf.c
         pfr.c
         psaux.c
         pshinter.c
         psmodule.c
         raster.c
         sfnt.c
         truetype.c
         type1.c
         type1cid.c
     1>d:\games\reckoning\reckon\sources\codesrc\libs\freetype\src\sfnt\sfobjs.c(504): warning C4244: '=' : conversion from 'FT_ULong' to 'FT_Byte', possible loss of data
     1>d:\games\reckoning\reckon\sources\codesrc\libs\freetype\src\sfnt\sfobjs.c(504): warning C4244: '=' : conversion from 'FT_ULong' to 'FT_Byte', possible loss of data
     1>d:\games\reckoning\reckon\sources\codesrc\libs\freetype\src\sfnt\sfobjs.c(504): warning C4244: '=' : conversion from 'FT_ULong' to 'FT_Byte', possible loss of data
     1>d:\games\reckoning\reckon\sources\codesrc\libs\freetype\src\sfnt\sfobjs.c(505): warning C4244: '=' : conversion from 'int' to 'FT_Byte', possible loss of data
     1>d:\games\reckoning\reckon\sources\codesrc\libs\freetype\src\sfnt\sfobjs.c(506): warning C4244: '=' : conversion from 'FT_UInt' to 'FT_Byte', possible loss of data
     1>d:\games\reckoning\reckon\sources\codesrc\libs\freetype\src\sfnt\sfobjs.c(506): warning C4244: '=' : conversion from 'FT_UInt' to 'FT_Byte', possible loss of data
     1>d:\games\reckoning\reckon\sources\codesrc\libs\freetype\src\sfnt\sfobjs.c(507): warning C4244: '=' : conversion from 'FT_UInt' to 'FT_Byte', possible loss of data
     1>d:\games\reckoning\reckon\sources\codesrc\libs\freetype\src\sfnt\sfobjs.c(507): warning C4244: '=' : conversion from 'FT_UInt' to 'FT_Byte', possible loss of data
     1>d:\games\reckoning\reckon\sources\codesrc\libs\freetype\src\sfnt\sfobjs.c(508): warning C4244: '=' : conversion from 'FT_UInt' to 'FT_Byte', possible loss of data
     1>d:\games\reckoning\reckon\sources\codesrc\libs\freetype\src\sfnt\sfobjs.c(508): warning C4244: '=' : conversion from 'FT_UInt' to 'FT_Byte', possible loss of data
     1>d:\games\reckoning\reckon\sources\codesrc\libs\freetype\src\sfnt\sfobjs.c(645): warning C4244: '=' : conversion from 'FT_ULong' to 'FT_Byte', possible loss of data
     1>d:\games\reckoning\reckon\sources\codesrc\libs\freetype\src\sfnt\sfobjs.c(645): warning C4244: '=' : conversion from 'FT_ULong' to 'FT_Byte', possible loss of data
     1>d:\games\reckoning\reckon\sources\codesrc\libs\freetype\src\sfnt\sfobjs.c(645): warning C4244: '=' : conversion from 'FT_ULong' to 'FT_Byte', possible loss of data
     1>d:\games\reckoning\reckon\sources\codesrc\libs\freetype\src\sfnt\sfobjs.c(646): warning C4244: '=' : conversion from 'FT_ULong' to 'FT_Byte', possible loss of data
     1>d:\games\reckoning\reckon\sources\codesrc\libs\freetype\src\sfnt\sfobjs.c(646): warning C4244: '=' : conversion from 'FT_ULong' to 'FT_Byte', possible loss of data
     1>d:\games\reckoning\reckon\sources\codesrc\libs\freetype\src\sfnt\sfobjs.c(646): warning C4244: '=' : conversion from 'FT_ULong' to 'FT_Byte', possible loss of data
     1>d:\games\reckoning\reckon\sources\codesrc\libs\freetype\src\sfnt\sfobjs.c(647): warning C4244: '=' : conversion from 'FT_ULong' to 'FT_Byte', possible loss of data
     1>d:\games\reckoning\reckon\sources\codesrc\libs\freetype\src\sfnt\sfobjs.c(647): warning C4244: '=' : conversion from 'FT_ULong' to 'FT_Byte', possible loss of data
     1>d:\games\reckoning\reckon\sources\codesrc\libs\freetype\src\sfnt\sfobjs.c(647): warning C4244: '=' : conversion from 'FT_ULong' to 'FT_Byte', possible loss of data
     1>d:\games\reckoning\reckon\sources\codesrc\libs\freetype\src\sfnt\sfobjs.c(648): warning C4244: '=' : conversion from 'FT_ULong' to 'FT_Byte', possible loss of data
     1>d:\games\reckoning\reckon\sources\codesrc\libs\freetype\src\sfnt\sfobjs.c(648): warning C4244: '=' : conversion from 'FT_ULong' to 'FT_Byte', possible loss of data
     1>d:\games\reckoning\reckon\sources\codesrc\libs\freetype\src\sfnt\sfobjs.c(648): warning C4244: '=' : conversion from 'FT_ULong' to 'FT_Byte', possible loss of data
     1>d:\games\reckoning\reckon\sources\codesrc\libs\freetype\src\truetype\ttgload.c(102): warning C4244: '=' : conversion from 'FT_Pos' to 'FT_Short', possible loss of data
     1>d:\games\reckoning\reckon\sources\codesrc\libs\freetype\src\truetype\ttgload.c(108): warning C4244: '=' : conversion from 'FT_Pos' to 'FT_Short', possible loss of data
     1>d:\games\reckoning\reckon\sources\codesrc\libs\freetype\src\sfnt\ttsbit.c(291): warning C4244: '=' : conversion from 'FT_UInt' to 'FT_UShort', possible loss of data
     1>d:\games\reckoning\reckon\sources\codesrc\libs\freetype\src\sfnt\ttsbit.c(292): warning C4244: '=' : conversion from 'FT_UInt' to 'FT_UShort', possible loss of data
     1>d:\games\reckoning\reckon\sources\codesrc\libs\freetype\src\sfnt\ttsbit.c(803): warning C4244: 'initializing' : conversion from 'FT_Short' to 'FT_Char', possible loss of data
     1>d:\games\reckoning\reckon\sources\codesrc\libs\freetype\src\sfnt\ttsbit.c(804): warning C4244: 'initializing' : conversion from 'FT_Short' to 'FT_Char', possible loss of data
     1>d:\games\reckoning\reckon\sources\codesrc\libs\freetype\src\sfnt\ttsbit.c(805): warning C4244: 'initializing' : conversion from 'FT_UShort' to 'FT_Byte', possible loss of data
     1>d:\games\reckoning\reckon\sources\codesrc\libs\freetype\src\sfnt\ttsbit.c(806): warning C4244: 'initializing' : conversion from 'FT_Short' to 'FT_Char', possible loss of data
     1>d:\games\reckoning\reckon\sources\codesrc\libs\freetype\src\sfnt\ttsbit.c(807): warning C4244: 'initializing' : conversion from 'FT_Short' to 'FT_Char', possible loss of data
     1>d:\games\reckoning\reckon\sources\codesrc\libs\freetype\src\sfnt\ttsbit.c(808): warning C4244: 'initializing' : conversion from 'FT_UShort' to 'FT_Byte', possible loss of data
     1>d:\games\reckoning\reckon\sources\codesrc\libs\freetype\src\sfnt\ttsbit.c(1355): warning C4244: '=' : conversion from 'FT_Int' to 'FT_Short', possible loss of data
     1>d:\games\reckoning\reckon\sources\codesrc\libs\freetype\src\sfnt\ttsbit.c(1356): warning C4244: '=' : conversion from 'int' to 'FT_Short', possible loss of data
         type42.c
         winfnt.c
       Lib:
         D:\Program Files (x86)\Microsoft Visual Studio 10.0\VC\bin\Lib.exe /OUT:".\..\..\..\objs\win32\vc2010\freetype253MT_D.lib" /NOLOGO .\..\..\..\objs\debug_mt\autofit.obj
         .\..\..\..\objs\debug_mt\ftdebug.obj
         .\..\..\..\objs\debug_mt\bdf.obj
         .\..\..\..\objs\debug_mt\cff.obj
         .\..\..\..\objs\debug_mt\ftbase.obj
         .\..\..\..\objs\debug_mt\ftbitmap.obj
         .\..\..\..\objs\debug_mt\ftcache.obj
         .\..\..\..\objs\debug_mt\ftfstype.obj
         .\..\..\..\objs\debug_mt\ftgasp.obj
         .\..\..\..\objs\debug_mt\ftglyph.obj
         .\..\..\..\objs\debug_mt\ftgzip.obj
         .\..\..\..\objs\debug_mt\ftinit.obj
         .\..\..\..\objs\debug_mt\ftlzw.obj
         .\..\..\..\objs\debug_mt\ftstroke.obj
         .\..\..\..\objs\debug_mt\ftsystem.obj
         .\..\..\..\objs\debug_mt\smooth.obj
         .\..\..\..\objs\debug_mt\ftbbox.obj
         .\..\..\..\objs\debug_mt\ftmm.obj
         .\..\..\..\objs\debug_mt\ftpfr.obj
         .\..\..\..\objs\debug_mt\ftsynth.obj
         .\..\..\..\objs\debug_mt\fttype1.obj
         .\..\..\..\objs\debug_mt\ftwinfnt.obj
         .\..\..\..\objs\debug_mt\ftxf86.obj
         .\..\..\..\objs\debug_mt\ftlcdfil.obj
         .\..\..\..\objs\debug_mt\ftgxval.obj
         .\..\..\..\objs\debug_mt\ftotval.obj
         .\..\..\..\objs\debug_mt\ftpatent.obj
         .\..\..\..\objs\debug_mt\pcf.obj
         .\..\..\..\objs\debug_mt\pfr.obj
         .\..\..\..\objs\debug_mt\psaux.obj
         .\..\..\..\objs\debug_mt\pshinter.obj
         .\..\..\..\objs\debug_mt\psmodule.obj
         .\..\..\..\objs\debug_mt\raster.obj
         .\..\..\..\objs\debug_mt\sfnt.obj
         .\..\..\..\objs\debug_mt\truetype.obj
         .\..\..\..\objs\debug_mt\type1.obj
         .\..\..\..\objs\debug_mt\type1cid.obj
         .\..\..\..\objs\debug_mt\type42.obj
         .\..\..\..\objs\debug_mt\winfnt.obj
         freetype.vcxproj -> D:\Games\Reckoning\reckon\sources\codesrc\libs\freetype\builds\windows\vc2010\.\..\..\..\objs\win32\vc2010\freetype253MT_D.lib
       FinalizeBuildStatus:
         Deleting file ".\..\..\..\objs\debug_mt\freetype.unsuccessfulbuild".
         Touching ".\..\..\..\objs\debug_mt\freetype.lastbuildstate".
     1>Done Building Project "D:\Games\Reckoning\reckon\sources\codesrc\libs\freetype\builds\windows\vc2010\freetype.vcxproj" (rebuild target(s)).

Build succeeded.

Time Elapsed 00:00:01.11
