Build started 7/9/2023 11:51:00 AM.
     1>Project "D:\Games\Reckoning\reckon\sources\codesrc\libs\zlib\projects\visualc6\zlib.vcxproj" on node 2 (build target(s)).
     1>InitializeBuildStatus:
         Creating ".\x64_LIB_Release\zlib.unsuccessfulbuild" because "AlwaysCreate" was specified.
       ClCompile:
         E:\Program Files (x86)\Microsoft Visual Studio 10.0\VC\bin\x86_amd64\CL.exe /c /Zi /nologo /W3 /WX- /O2 /Ob1 /D WIN32 /D NDEBUG /D _VC80_UPGRADE=0x0600 /GF /Gm- /EHsc /MD /GS /Gy /fp:precise /Zc:wchar_t /Zc:forScope /Fo".\x64_LIB_Release\\" /Fd".\x64_LIB_Release\vc100.pdb" /Gd /TC /errorReport:prompt ..\..\adler32.c ..\..\compress.c ..\..\crc32.c ..\..\deflate.c ..\..\gzio.c ..\..\infback.c ..\..\inffast.c ..\..\inflate.c ..\..\inftrees.c ..\..\trees.c ..\..\uncompr.c ..\..\zutil.c
         adler32.c
         compress.c
         crc32.c
         deflate.c
         gzio.c
     1>..\..\gzio.c(131): warning C4996: 'strcpy': This function or variable may be unsafe. Consider using strcpy_s instead. To disable deprecation, use _CRT_SECURE_NO_WARNINGS. See online help for details.
     1>..\..\gzio.c(181): warning C4996: 'fopen': This function or variable may be unsafe. Consider using fopen_s instead. To disable deprecation, use _CRT_SECURE_NO_WARNINGS. See online help for details.
                 E:\Program Files (x86)\Microsoft Visual Studio 10.0\VC\include\stdio.h(234) : see declaration of 'fopen'
     1>..\..\gzio.c(226): warning C4996: 'sprintf': This function or variable may be unsafe. Consider using sprintf_s instead. To disable deprecation, use _CRT_SECURE_NO_WARNINGS. See online help for details.
                 E:\Program Files (x86)\Microsoft Visual Studio 10.0\VC\include\stdio.h(371) : see declaration of 'sprintf'
     1>..\..\gzio.c(627): warning C4996: '_vsnprintf': This function or variable may be unsafe. Consider using _vsnprintf_s instead. To disable deprecation, use _CRT_SECURE_NO_WARNINGS. See online help for details.
                 E:\Program Files (x86)\Microsoft Visual Studio 10.0\VC\include\stdio.h(363) : see declaration of '_vsnprintf'
     1>..\..\gzio.c(1001): warning C4996: 'strerror': This function or variable may be unsafe. Consider using strerror_s instead. To disable deprecation, use _CRT_SECURE_NO_WARNINGS. See online help for details.
                 E:\Program Files (x86)\Microsoft Visual Studio 10.0\VC\include\string.h(157) : see declaration of 'strerror'
     1>..\..\gzio.c(1008): warning C4996: 'strcpy': This function or variable may be unsafe. Consider using strcpy_s instead. To disable deprecation, use _CRT_SECURE_NO_WARNINGS. See online help for details.
     1>..\..\gzio.c(1009): warning C4996: 'strcat': This function or variable may be unsafe. Consider using strcat_s instead. To disable deprecation, use _CRT_SECURE_NO_WARNINGS. See online help for details.
     1>..\..\gzio.c(1010): warning C4996: 'strcat': This function or variable may be unsafe. Consider using strcat_s instead. To disable deprecation, use _CRT_SECURE_NO_WARNINGS. See online help for details.
         infback.c
         inffast.c
         inflate.c
         inftrees.c
         trees.c
         uncompr.c
         zutil.c
         Generating Code...
       ResourceCompile:
         C:\Program Files (x86)\Microsoft SDKs\Windows\v7.0A\bin\rc.exe /D NDEBUG /D _VC80_UPGRADE=0x0600 /l"0x0409" /I\Games\Reckoning\reckon\sources\codesrc\libs\zlib\win32 /nologo /fo".\x64_LIB_Release\zlib1.res" ..\..\win32\zlib1.rc 
       Lib:
         E:\Program Files (x86)\Microsoft Visual Studio 10.0\VC\bin\x86_amd64\Lib.exe /OUT:".\x64_LIB_Release\zlib.lib" /NOLOGO /MACHINE:X64 .\x64_LIB_Release\zlib1.res
         .\x64_LIB_Release\adler32.obj
         .\x64_LIB_Release\compress.obj
         .\x64_LIB_Release\crc32.obj
         .\x64_LIB_Release\deflate.obj
         .\x64_LIB_Release\gzio.obj
         .\x64_LIB_Release\infback.obj
         .\x64_LIB_Release\inffast.obj
         .\x64_LIB_Release\inflate.obj
         .\x64_LIB_Release\inftrees.obj
         .\x64_LIB_Release\trees.obj
         .\x64_LIB_Release\uncompr.obj
         .\x64_LIB_Release\zutil.obj
         zlib.vcxproj -> D:\Games\Reckoning\reckon\sources\codesrc\libs\zlib\projects\visualc6\.\x64_LIB_Release\zlib.lib
       FinalizeBuildStatus:
         Deleting file ".\x64_LIB_Release\zlib.unsuccessfulbuild".
         Touching ".\x64_LIB_Release\zlib.lastbuildstate".
     1>Done Building Project "D:\Games\Reckoning\reckon\sources\codesrc\libs\zlib\projects\visualc6\zlib.vcxproj" (build target(s)).

Build succeeded.

Time Elapsed 00:00:01.74
