d:\games\pathos engine\pathos\sources\codesrc\x64\debug\libvorbis_static.pdb
d:\games\pathos engine\pathos\sources\codesrc\x64\debug\libvorbis_static.idb
d:\games\pathos engine\pathos\sources\codesrc\libs\libvorbis\win32\vs2010\libvorbis\x64\debug\bitrate.obj
d:\games\pathos engine\pathos\sources\codesrc\libs\libvorbis\win32\vs2010\libvorbis\x64\debug\block.obj
d:\games\pathos engine\pathos\sources\codesrc\libs\libvorbis\win32\vs2010\libvorbis\x64\debug\codebook.obj
d:\games\pathos engine\pathos\sources\codesrc\libs\libvorbis\win32\vs2010\libvorbis\x64\debug\envelope.obj
d:\games\pathos engine\pathos\sources\codesrc\libs\libvorbis\win32\vs2010\libvorbis\x64\debug\floor0.obj
d:\games\pathos engine\pathos\sources\codesrc\libs\libvorbis\win32\vs2010\libvorbis\x64\debug\floor1.obj
d:\games\pathos engine\pathos\sources\codesrc\libs\libvorbis\win32\vs2010\libvorbis\x64\debug\info.obj
d:\games\pathos engine\pathos\sources\codesrc\libs\libvorbis\win32\vs2010\libvorbis\x64\debug\lookup.obj
d:\games\pathos engine\pathos\sources\codesrc\libs\libvorbis\win32\vs2010\libvorbis\x64\debug\lpc.obj
d:\games\pathos engine\pathos\sources\codesrc\libs\libvorbis\win32\vs2010\libvorbis\x64\debug\lsp.obj
d:\games\pathos engine\pathos\sources\codesrc\libs\libvorbis\win32\vs2010\libvorbis\x64\debug\mapping0.obj
d:\games\pathos engine\pathos\sources\codesrc\libs\libvorbis\win32\vs2010\libvorbis\x64\debug\mdct.obj
d:\games\pathos engine\pathos\sources\codesrc\libs\libvorbis\win32\vs2010\libvorbis\x64\debug\psy.obj
d:\games\pathos engine\pathos\sources\codesrc\libs\libvorbis\win32\vs2010\libvorbis\x64\debug\registry.obj
d:\games\pathos engine\pathos\sources\codesrc\libs\libvorbis\win32\vs2010\libvorbis\x64\debug\res0.obj
d:\games\pathos engine\pathos\sources\codesrc\libs\libvorbis\win32\vs2010\libvorbis\x64\debug\sharedbook.obj
d:\games\pathos engine\pathos\sources\codesrc\libs\libvorbis\win32\vs2010\libvorbis\x64\debug\smallft.obj
d:\games\pathos engine\pathos\sources\codesrc\libs\libvorbis\win32\vs2010\libvorbis\x64\debug\synthesis.obj
d:\games\pathos engine\pathos\sources\codesrc\libs\libvorbis\win32\vs2010\libvorbis\x64\debug\vorbisenc.obj
d:\games\pathos engine\pathos\sources\codesrc\libs\libvorbis\win32\vs2010\libvorbis\x64\debug\window.obj
d:\games\pathos engine\pathos\sources\codesrc\libs\libvorbis\win32\vs2010\libvorbis\x64\debug\analysis.obj
d:\games\pathos engine\pathos\sources\codesrc\x64\debug\libvorbis_static.lib
d:\games\pathos engine\pathos\sources\codesrc\libs\libvorbis\win32\vs2010\libvorbis\x64\debug\libvorbis_static.tlog\cl.command.1.tlog
d:\games\pathos engine\pathos\sources\codesrc\libs\libvorbis\win32\vs2010\libvorbis\x64\debug\libvorbis_static.tlog\cl.items.tlog
d:\games\pathos engine\pathos\sources\codesrc\libs\libvorbis\win32\vs2010\libvorbis\x64\debug\libvorbis_static.tlog\cl.read.1.tlog
d:\games\pathos engine\pathos\sources\codesrc\libs\libvorbis\win32\vs2010\libvorbis\x64\debug\libvorbis_static.tlog\cl.write.1.tlog
d:\games\pathos engine\pathos\sources\codesrc\libs\libvorbis\win32\vs2010\libvorbis\x64\debug\libvorbis_static.tlog\lib-link.read.1.tlog
d:\games\pathos engine\pathos\sources\codesrc\libs\libvorbis\win32\vs2010\libvorbis\x64\debug\libvorbis_static.tlog\lib-link.write.1.tlog
d:\games\pathos engine\pathos\sources\codesrc\libs\libvorbis\win32\vs2010\libvorbis\x64\debug\libvorbis_static.tlog\lib.command.1.tlog
