2024-03-09 16:52:10 - Log started: 2024-03-09 16:52:10
2024-03-09 16:52:10 - Log file: D:\Github\pathos-public\pathos-public\maps/graphs/crossfire.log
2024-03-09 16:52:10 - =============================================
2024-03-09 16:52:10 -  Node graph file begin
2024-03-09 16:52:10 - =============================================
2024-03-09 16:52:10 - 	- Level name: crossfire
2024-03-09 16:52:10 - 	- Number of nodes: 10
2024-03-09 16:52:10
2024-03-09 16:52:10 - Initial node array contents:
2024-03-09 16:52:10 -  - Node 0
2024-03-09 16:52:10 - 	Origin: -194.000000 -214.000000 -1852.000000
2024-03-09 16:52:10 - 	Hint type: 0
2024-03-09 16:52:10 - 	Hint yaw: 0.000000
2024-03-09 16:52:10 -  - Node 1
2024-03-09 16:52:10 - 	Origin: -194.000000 -384.000000 -1852.000000
2024-03-09 16:52:10 - 	Hint type: 0
2024-03-09 16:52:10 - 	Hint yaw: 0.000000
2024-03-09 16:52:10 -  - Node 2
2024-03-09 16:52:10 - 	Origin: 552.000000 -384.000000 -1852.000000
2024-03-09 16:52:10 - 	Hint type: 0
2024-03-09 16:52:10 - 	Hint yaw: 0.000000
2024-03-09 16:52:10 -  - Node 3
2024-03-09 16:52:10 - 	Origin: 552.000000 -152.000000 -1852.000000
2024-03-09 16:52:10 - 	Hint type: 0
2024-03-09 16:52:10 - 	Hint yaw: 0.000000
2024-03-09 16:52:10 -  - Node 4
2024-03-09 16:52:10 - 	Origin: 824.000000 -224.000000 -1852.000000
2024-03-09 16:52:10 - 	Hint type: 0
2024-03-09 16:52:10 - 	Hint yaw: 0.000000
2024-03-09 16:52:10 -  - Node 5
2024-03-09 16:52:10 - 	Origin: -912.000000 -384.000000 -1852.000000
2024-03-09 16:52:10 - 	Hint type: 0
2024-03-09 16:52:10 - 	Hint yaw: 0.000000
2024-03-09 16:52:10 -  - Node 6
2024-03-09 16:52:10 - 	Origin: -912.000000 -832.000000 -1692.000000
2024-03-09 16:52:10 - 	Hint type: 0
2024-03-09 16:52:10 - 	Hint yaw: 0.000000
2024-03-09 16:52:10 -  - Node 7
2024-03-09 16:52:10 - 	Origin: -912.000000 -1232.000000 -1692.000000
2024-03-09 16:52:10 - 	Hint type: 0
2024-03-09 16:52:10 - 	Hint yaw: 0.000000
2024-03-09 16:52:10 -  - Node 8
2024-03-09 16:52:10 - 	Origin: 528.000000 -1232.000000 -1692.000000
2024-03-09 16:52:10 - 	Hint type: 0
2024-03-09 16:52:10 - 	Hint yaw: 0.000000
2024-03-09 16:52:10 -  - Node 9
2024-03-09 16:52:10 - 	Origin: 824.000000 -586.000000 -1692.000000
2024-03-09 16:52:10 - 	Hint type: 0
2024-03-09 16:52:10 - 	Hint yaw: 0.000000
2024-03-09 16:52:10
2024-03-09 16:52:10
2024-03-09 16:52:10
2024-03-09 16:52:10 - =============================================
2024-03-09 16:52:10 -  LinkNodes begin
2024-03-09 16:52:10 - =============================================
2024-03-09 16:52:10 -  - Node with index 0(-194.000000 -214.000000 -1855.968750) connected to node with index 1(-194.000000 -384.000000 -1855.968750)
2024-03-09 16:52:10 - 	No link entities.
2024-03-09 16:52:10 -  - Node with index 1(-194.000000 -384.000000 -1855.968750) connected to node with index 0(-194.000000 -214.000000 -1855.968750)
2024-03-09 16:52:10 - 	No link entities.
2024-03-09 16:52:10 -  - Node with index 1(-194.000000 -384.000000 -1855.968750) connected to node with index 2(552.000000 -384.000000 -1855.968750)
2024-03-09 16:52:10 - 	No link entities.
2024-03-09 16:52:10 -  - Node with index 1(-194.000000 -384.000000 -1855.968750) connected to node with index 5(-912.000000 -384.000000 -1855.968750)
2024-03-09 16:52:10 - 	No link entities.
2024-03-09 16:52:10 -  - Node with index 2(552.000000 -384.000000 -1855.968750) connected to node with index 1(-194.000000 -384.000000 -1855.968750)
2024-03-09 16:52:10 - 	No link entities.
2024-03-09 16:52:10 -  - Node with index 2(552.000000 -384.000000 -1855.968750) connected to node with index 3(552.000000 -152.000000 -1855.968750)
2024-03-09 16:52:10 - 	No link entities.
2024-03-09 16:52:10 -  - Node with index 2(552.000000 -384.000000 -1855.968750) connected to node with index 5(-912.000000 -384.000000 -1855.968750)
2024-03-09 16:52:10 - 	No link entities.
2024-03-09 16:52:10 -  - Node with index 3(552.000000 -152.000000 -1855.968750) connected to node with index 2(552.000000 -384.000000 -1855.968750)
2024-03-09 16:52:10 - 	No link entities.
2024-03-09 16:52:10 -  - Node with index 3(552.000000 -152.000000 -1855.968750) connected to node with index 4(824.000000 -224.000000 -1855.968750)
2024-03-09 16:52:10 - 	No link entities.
2024-03-09 16:52:10 -  - Node with index 4(824.000000 -224.000000 -1855.968750) connected to node with index 3(552.000000 -152.000000 -1855.968750)
2024-03-09 16:52:10 - 	No link entities.
2024-03-09 16:52:10 -  - Node with index 4(824.000000 -224.000000 -1855.968750) connected to node with index 8(528.000000 -1232.000000 -1695.968750)
2024-03-09 16:52:10 - 	No link entities.
2024-03-09 16:52:10 -  - Node with index 4(824.000000 -224.000000 -1855.968750) connected to node with index 9(824.000000 -586.000000 -1695.968750)
2024-03-09 16:52:10 - 	No link entities.
2024-03-09 16:52:10 -  - Node with index 5(-912.000000 -384.000000 -1855.968750) connected to node with index 1(-194.000000 -384.000000 -1855.968750)
2024-03-09 16:52:10 - 	No link entities.
2024-03-09 16:52:10 -  - Node with index 5(-912.000000 -384.000000 -1855.968750) connected to node with index 2(552.000000 -384.000000 -1855.968750)
2024-03-09 16:52:10 - 	No link entities.
2024-03-09 16:52:10 -  - Node with index 5(-912.000000 -384.000000 -1855.968750) connected to node with index 6(-912.000000 -832.000000 -1695.968750)
2024-03-09 16:52:10 - 	No link entities.
2024-03-09 16:52:10 -  - Node with index 5(-912.000000 -384.000000 -1855.968750) connected to node with index 7(-912.000000 -1232.000000 -1695.968750)
2024-03-09 16:52:10 - 	No link entities.
2024-03-09 16:52:10 -  - Node with index 6(-912.000000 -832.000000 -1695.968750) connected to node with index 5(-912.000000 -384.000000 -1855.968750)
2024-03-09 16:52:10 - 	No link entities.
2024-03-09 16:52:10 -  - Node with index 6(-912.000000 -832.000000 -1695.968750) connected to node with index 7(-912.000000 -1232.000000 -1695.968750)
2024-03-09 16:52:10 - 	No link entities.
2024-03-09 16:52:10 -  - Node with index 6(-912.000000 -832.000000 -1695.968750) connected to node with index 8(528.000000 -1232.000000 -1695.968750)
2024-03-09 16:52:10 - 	No link entities.
2024-03-09 16:52:10 -  - Node with index 6(-912.000000 -832.000000 -1695.968750) connected to node with index 9(824.000000 -586.000000 -1695.968750)
2024-03-09 16:52:10 - 	No link entities.
2024-03-09 16:52:10 -  - Node with index 7(-912.000000 -1232.000000 -1695.968750) connected to node with index 5(-912.000000 -384.000000 -1855.968750)
2024-03-09 16:52:10 - 	No link entities.
2024-03-09 16:52:10 -  - Node with index 7(-912.000000 -1232.000000 -1695.968750) connected to node with index 6(-912.000000 -832.000000 -1695.968750)
2024-03-09 16:52:10 - 	No link entities.
2024-03-09 16:52:10 -  - Node with index 7(-912.000000 -1232.000000 -1695.968750) connected to node with index 8(528.000000 -1232.000000 -1695.968750)
2024-03-09 16:52:10 - 	No link entities.
2024-03-09 16:52:10 -  - Node with index 8(528.000000 -1232.000000 -1695.968750) connected to node with index 4(824.000000 -224.000000 -1855.968750)
2024-03-09 16:52:10 - 	No link entities.
2024-03-09 16:52:10 -  - Node with index 8(528.000000 -1232.000000 -1695.968750) connected to node with index 6(-912.000000 -832.000000 -1695.968750)
2024-03-09 16:52:10 - 	No link entities.
2024-03-09 16:52:10 -  - Node with index 8(528.000000 -1232.000000 -1695.968750) connected to node with index 7(-912.000000 -1232.000000 -1695.968750)
2024-03-09 16:52:10 - 	No link entities.
2024-03-09 16:52:10 -  - Node with index 8(528.000000 -1232.000000 -1695.968750) connected to node with index 9(824.000000 -586.000000 -1695.968750)
2024-03-09 16:52:10 - 	No link entities.
2024-03-09 16:52:10 -  - Node with index 9(824.000000 -586.000000 -1695.968750) connected to node with index 4(824.000000 -224.000000 -1855.968750)
2024-03-09 16:52:10 - 	No link entities.
2024-03-09 16:52:10 -  - Node with index 9(824.000000 -586.000000 -1695.968750) connected to node with index 6(-912.000000 -832.000000 -1695.968750)
2024-03-09 16:52:10 - 	No link entities.
2024-03-09 16:52:10 -  - Node with index 9(824.000000 -586.000000 -1695.968750) connected to node with index 8(528.000000 -1232.000000 -1695.968750)
2024-03-09 16:52:10 - 	No link entities.
2024-03-09 16:52:10 - =============================================
2024-03-09 16:52:10 -  LinkNodes end
2024-03-09 16:52:10 -  - Initial number of nodes: 10
2024-03-09 16:52:10 -  - Initial number of links: 30
2024-03-09 16:52:10 -  - Initial number of link entities 0
2024-03-09 16:52:10 - =============================================
2024-03-09 16:52:10 - =============================================
2024-03-09 16:52:10 -  WalkLinksAllHulls begin
2024-03-09 16:52:10 - =============================================
2024-03-09 16:52:10 -  - Node 0:
2024-03-09 16:52:10 -  - Node 1:
2024-03-09 16:52:10 -  - Node 2:
2024-03-09 16:52:10 -  - Node 3:
2024-03-09 16:52:10 -  - Node 4:
2024-03-09 16:52:10 -  - Node 5:
2024-03-09 16:52:10 -  - Node 6:
2024-03-09 16:52:10 -  - Node 7:
2024-03-09 16:52:10 -  - Node 8:
2024-03-09 16:52:10 -  - Node 9:
2024-03-09 16:52:10 - =============================================
2024-03-09 16:52:10 -  WalkLinksAllHulls end
2024-03-09 16:52:10 - =============================================
2024-03-09 16:52:10 - =============================================
2024-03-09 16:52:10 -  OptimizeGraph begin
2024-03-09 16:52:10 - =============================================
2024-03-09 16:52:10 -  - Rejected link from node 5 to node 1, DP: 1.000000
2024-03-09 16:52:10 -  - Rejected link from node 2 to node 1, DP: 1.000000
2024-03-09 16:52:10 -  - Rejected link from node 7 to node 6, DP: 1.000000
2024-03-09 16:52:10 -  - Rejected link from node 5 to node 6, DP: 1.000000
2024-03-09 16:52:10 - Link array contents:
2024-03-09 16:52:10 -  - Link from node 0 to node 1.
2024-03-09 16:52:10 -  - Link from node 1 to node 0.
2024-03-09 16:52:10 -  - Link from node 1 to node 2.
2024-03-09 16:52:10 -  - Link from node 1 to node 5.
2024-03-09 16:52:10 -  - Link from node 2 to node 1.
2024-03-09 16:52:10 -  - Link from node 2 to node 3.
2024-03-09 16:52:10 -  - Link from node 3 to node 2.
2024-03-09 16:52:10 -  - Link from node 3 to node 4.
2024-03-09 16:52:10 -  - Link from node 4 to node 3.
2024-03-09 16:52:10 -  - Link from node 4 to node 8.
2024-03-09 16:52:10 -  - Link from node 4 to node 9.
2024-03-09 16:52:10 -  - Link from node 5 to node 1.
2024-03-09 16:52:10 -  - Link from node 5 to node 6.
2024-03-09 16:52:10 -  - Link from node 6 to node 5.
2024-03-09 16:52:10 -  - Link from node 6 to node 7.
2024-03-09 16:52:10 -  - Link from node 6 to node 8.
2024-03-09 16:52:10 -  - Link from node 6 to node 9.
2024-03-09 16:52:10 -  - Link from node 7 to node 6.
2024-03-09 16:52:10 -  - Link from node 7 to node 8.
2024-03-09 16:52:10 -  - Link from node 8 to node 4.
2024-03-09 16:52:10 -  - Link from node 8 to node 6.
2024-03-09 16:52:10 -  - Link from node 8 to node 7.
2024-03-09 16:52:10 -  - Link from node 8 to node 9.
2024-03-09 16:52:10 -  - Link from node 9 to node 4.
2024-03-09 16:52:10 -  - Link from node 9 to node 6.
2024-03-09 16:52:10 -  - Link from node 9 to node 8.
2024-03-09 16:52:10 - =============================================
2024-03-09 16:52:10 -  - Number of deleted links: 4
2024-03-09 16:52:10 -  - Number of deleted nodes: 0
2024-03-09 16:52:10 -  - Number of deleted link entities: 0
2024-03-09 16:52:10 -  OptimizeGraph end
2024-03-09 16:52:10 - =============================================
2024-03-09 16:52:10 - Final node array contents:
2024-03-09 16:52:10 -  - Node 0
2024-03-09 16:52:10 - 	Origin: -194.000000 -214.000000 -1855.968750
2024-03-09 16:52:10 - 	Hint type: 0
2024-03-09 16:52:10 - 	Hint yaw: 0.000000
2024-03-09 16:52:10 -  - Node 1
2024-03-09 16:52:10 - 	Origin: -194.000000 -384.000000 -1855.968750
2024-03-09 16:52:10 - 	Hint type: 0
2024-03-09 16:52:10 - 	Hint yaw: 0.000000
2024-03-09 16:52:10 -  - Node 2
2024-03-09 16:52:10 - 	Origin: 552.000000 -384.000000 -1855.968750
2024-03-09 16:52:10 - 	Hint type: 0
2024-03-09 16:52:10 - 	Hint yaw: 0.000000
2024-03-09 16:52:10 -  - Node 3
2024-03-09 16:52:10 - 	Origin: -912.000000 -384.000000 -1855.968750
2024-03-09 16:52:10 - 	Hint type: 0
2024-03-09 16:52:10 - 	Hint yaw: 0.000000
2024-03-09 16:52:10 -  - Node 4
2024-03-09 16:52:10 - 	Origin: 552.000000 -152.000000 -1855.968750
2024-03-09 16:52:10 - 	Hint type: 0
2024-03-09 16:52:10 - 	Hint yaw: 0.000000
2024-03-09 16:52:10 -  - Node 5
2024-03-09 16:52:10 - 	Origin: 824.000000 -224.000000 -1855.968750
2024-03-09 16:52:10 - 	Hint type: 0
2024-03-09 16:52:10 - 	Hint yaw: 0.000000
2024-03-09 16:52:10 -  - Node 6
2024-03-09 16:52:10 - 	Origin: 528.000000 -1232.000000 -1695.968750
2024-03-09 16:52:10 - 	Hint type: 0
2024-03-09 16:52:10 - 	Hint yaw: 0.000000
2024-03-09 16:52:10 -  - Node 7
2024-03-09 16:52:10 - 	Origin: 824.000000 -586.000000 -1695.968750
2024-03-09 16:52:10 - 	Hint type: 0
2024-03-09 16:52:10 - 	Hint yaw: 0.000000
2024-03-09 16:52:10 -  - Node 8
2024-03-09 16:52:10 - 	Origin: -912.000000 -832.000000 -1695.968750
2024-03-09 16:52:10 - 	Hint type: 0
2024-03-09 16:52:10 - 	Hint yaw: 0.000000
2024-03-09 16:52:10 -  - Node 9
2024-03-09 16:52:10 - 	Origin: -912.000000 -1232.000000 -1695.968750
2024-03-09 16:52:10 - 	Hint type: 0
2024-03-09 16:52:10 - 	Hint yaw: 0.000000
2024-03-09 16:52:10 - Routing info size: 125 bytes
2024-03-09 16:52:10 - =============================================
2024-03-09 16:52:10 -  - File size: 3602 bytes
2024-03-09 16:52:10 -  - File name: maps/graphs/crossfire.nod
2024-03-09 16:52:10 -  - Node graph generation time: 0 minutes 0 seconds
2024-03-09 16:52:10 -  Node graph file end 
2024-03-09 16:52:10 - =============================================
